<!DOCTYPE html>
<html>
  <head>
    <meta charset="utf-8"/>
    <title id="head-title">29-08-2024 12-13-47.html</title>
      <link href="assets/style.css" rel="stylesheet" type="text/css"/>
  </head>
  <body>
    <h1 id="title">29-08-2024 12-13-47.html</h1>
    <p>Report generated on 29-Aug-2024 at 12:21:32 by <a href="https://pypi.python.org/pypi/pytest-html">pytest-html</a>
        v4.1.1</p>
    <div id="environment-header">
      <h2>Environment</h2>
    </div>
    <table id="environment"></table>
    <!-- TEMPLATES -->
      <template id="template_environment_row">
      <tr>
        <td></td>
        <td></td>
      </tr>
    </template>
    <template id="template_results-table__body--empty">
      <tbody class="results-table-row">
        <tr id="not-found-message">
          <td colspan="4">No results found. Check the filters.</th>
        </tr>
    </template>
    <template id="template_results-table__tbody">
      <tbody class="results-table-row">
        <tr class="collapsible">
        </tr>
        <tr class="extras-row">
          <td class="extra" colspan="4">
            <div class="extraHTML"></div>
            <div class="media">
              <div class="media-container">
                  <div class="media-container__nav--left"><</div>
                  <div class="media-container__viewport">
                    <img src="" />
                    <video controls>
                      <source src="" type="video/mp4">
                    </video>
                  </div>
                  <div class="media-container__nav--right">></div>
                </div>
                <div class="media__name"></div>
                <div class="media__counter"></div>
            </div>
            <div class="logwrapper">
              <div class="logexpander"></div>
              <div class="log"></div>
            </div>
          </td>
        </tr>
      </tbody>
    </template>
    <!-- END TEMPLATES -->
    <div class="summary">
      <div class="summary__data">
        <h2>Summary</h2>
        <div class="additional-summary prefix">
        </div>
        <p class="run-count">36 tests took 00:07:41.</p>
        <p class="filter">(Un)check the boxes to filter the results.</p>
        <div class="summary__reload">
          <div class="summary__reload__button hidden" onclick="location.reload()">
            <div>There are still tests running. <br />Reload this page to get the latest results!</div>
          </div>
        </div>
        <div class="summary__spacer"></div>
        <div class="controls">
          <div class="filters">
            <input checked="true" class="filter" name="filter_checkbox" type="checkbox" data-test-result="failed" />
            <span class="failed">23 Failed,</span>
            <input checked="true" class="filter" name="filter_checkbox" type="checkbox" data-test-result="passed" />
            <span class="passed">13 Passed,</span>
            <input checked="true" class="filter" name="filter_checkbox" type="checkbox" data-test-result="skipped" disabled/>
            <span class="skipped">0 Skipped,</span>
            <input checked="true" class="filter" name="filter_checkbox" type="checkbox" data-test-result="xfailed" disabled/>
            <span class="xfailed">0 Expected failures,</span>
            <input checked="true" class="filter" name="filter_checkbox" type="checkbox" data-test-result="xpassed" disabled/>
            <span class="xpassed">0 Unexpected passes,</span>
            <input checked="true" class="filter" name="filter_checkbox" type="checkbox" data-test-result="error" disabled/>
            <span class="error">0 Errors,</span>
            <input checked="true" class="filter" name="filter_checkbox" type="checkbox" data-test-result="rerun" disabled/>
            <span class="rerun">0 Reruns</span>
          </div>
          <div class="collapse">
            <button id="show_all_details">Show all details</button>&nbsp;/&nbsp;<button id="hide_all_details">Hide all details</button>
          </div>
        </div>
      </div>
      <div class="additional-summary summary">
      </div>
      <div class="additional-summary postfix">
      </div>
    </div>
    <table id="results-table">
      <thead id="results-table-head">
        <tr>
          <th class="sortable" data-column-type="result">Result</th>
          <th class="sortable" data-column-type="testId">Test</th>
          <th class="sortable" data-column-type="duration">Duration</th>
          <th>Links</th>
        </tr>
      </thead>
    </table>
  </body>
  <footer>
    <div id="data-container" data-jsonblob="{&#34;environment&#34;: {&#34;Python&#34;: &#34;3.11.2&#34;, &#34;Platform&#34;: &#34;Linux-6.1.0-23-amd64-x86_64-with-glibc2.36&#34;, &#34;Packages&#34;: {&#34;pytest&#34;: &#34;8.1.1&#34;, &#34;pluggy&#34;: &#34;1.4.0&#34;}}, &#34;tests&#34;: {&#34;Customer_Registration_Individual/contact_information_test.py::Test_Contact_Information::test_sending_valid_data&#34;: [{&#34;extras&#34;: [], &#34;result&#34;: &#34;Passed&#34;, &#34;testId&#34;: &#34;Customer_Registration_Individual/contact_information_test.py::Test_Contact_Information::test_sending_valid_data&#34;, &#34;duration&#34;: &#34;00:00:10&#34;, &#34;resultsTableRow&#34;: [&#34;&lt;td class=\&#34;col-result\&#34;&gt;Passed&lt;/td&gt;&#34;, &#34;&lt;td class=\&#34;col-testId\&#34;&gt;Customer_Registration_Individual/contact_information_test.py::Test_Contact_Information::test_sending_valid_data&lt;/td&gt;&#34;, &#34;&lt;td class=\&#34;col-duration\&#34;&gt;00:00:10&lt;/td&gt;&#34;, &#34;&lt;td class=\&#34;col-links\&#34;&gt;&lt;/td&gt;&#34;], &#34;log&#34;: &#34;---------------------------- Captured stdout setup -----------------------------\nLaunching Chrome browser.........\n&#34;}], &#34;Customer_Registration_Individual/contact_information_test.py::Test_Contact_Information::test_sending_without_data&#34;: [{&#34;extras&#34;: [], &#34;result&#34;: &#34;Failed&#34;, &#34;testId&#34;: &#34;Customer_Registration_Individual/contact_information_test.py::Test_Contact_Information::test_sending_without_data&#34;, &#34;duration&#34;: &#34;00:00:08&#34;, &#34;resultsTableRow&#34;: [&#34;&lt;td class=\&#34;col-result\&#34;&gt;Failed&lt;/td&gt;&#34;, &#34;&lt;td class=\&#34;col-testId\&#34;&gt;Customer_Registration_Individual/contact_information_test.py::Test_Contact_Information::test_sending_without_data&lt;/td&gt;&#34;, &#34;&lt;td class=\&#34;col-duration\&#34;&gt;00:00:08&lt;/td&gt;&#34;, &#34;&lt;td class=\&#34;col-links\&#34;&gt;&lt;/td&gt;&#34;], &#34;log&#34;: &#34;self = &amp;lt;Dinero_automation.testCases.Customer_Registration_Individual.contact_information_test.Test_Contact_Information object at 0x7fbd1997fed0&amp;gt;\nsetup = &amp;lt;selenium.webdriver.chrome.webdriver.WebDriver (session=&amp;quot;cf6790862fc6900d39527696533758b9&amp;quot;)&amp;gt;\n\n    def test_sending_without_data(self,setup):\n        self.driver = setup\n        self.driver.get(self.url)\n        self.driver.maximize_window()\n        self.driver.implicitly_wait(30)\n        self.lp = LoginPage(self.driver)\n        self.lp.setUsername(self.uname)\n        self.lp.setPassword(self.upass)\n        # time.sleep(2)\n        self.lp.clickLogin()\n        # time.sleep(2)\n    \n        # click action for nav bar arrow\n        self.nav = Navigation_Page(self.driver)\n        self.nav.click_navbar()\n        # time.sleep(2)\n    \n        # click action for customer registration\n        self.nav.click_customer_registration()\n        # time.sleep(2)\n    \n        # assining the pageobjects\n        self.cur = Persomal_Information(self.driver)\n        self.ci = Contact_Information(self.driver)\n        self.id = Id_details(self.driver)\n    \n    \n        # self.cu_status = Select(self.cur.customerStatusDropdown_not_required())\n        # self.cu_status.select_by_index(1)\n        # self.cur.idNoField_not_required(&amp;quot;7&amp;quot;)\n        # self.cur.dateofexpiry_not_required(12102024)\n        # self.cur.btnverify()\n        # time.sleep(2)\n    \n        # assign data in to the fields\n        fname = &amp;quot;QA&amp;quot;\n        mname = &amp;quot;Automation&amp;quot;\n        lname = &amp;quot;Tester&amp;quot;\n        arbname = &amp;quot;Khan&amp;quot;\n        shname = &amp;quot;QA Automation&amp;quot;\n        mainame = &amp;quot;Nayana&amp;quot;\n        dob = 30032000\n    \n    \n        # perform personal information\n        self.drp = Select(self.cur.titleDropdown_required())\n        self.drp.select_by_index(1)\n        self.cur.firstNameField_required(fname)\n        self.cur.middleNameField_not_required(mname)\n        self.cur.lastNameField_required(lname)\n        self.cur.arabicNameFiels_required(arbname)\n        self.cur.shortNameField_not_required(shname)\n        self.cur.maidenNameFiels_not_required(mainame)\n    \n        # Select date of birth using the custom method\n        self.cur.dobpicker_required(dob)\n        # dropdowns\n        self.cob = Select(self.cur.cobDropdown_required())\n        self.cob.select_by_index(2)\n        self.nationality = Select(self.cur.nationality())\n        self.nationality.select_by_index(2)\n        self.citizenship = Select(self.cur.citizenship())\n        self.citizenship.select_by_index(2)\n        self.country_of_residence = Select(self.cur.countryofresidence())\n        self.country_of_residence.select_by_index(2)\n        self.residential_status = Select(self.cur.residentialstatus())\n        self.residential_status.select_by_index(1)\n        self.gender = Select(self.cur.gender())\n        self.gender.select_by_index(2)\n        self.mrg = Select(self.cur.maritalstatus())\n        self.mrg.select_by_index(2)\n        self.profession = Select(self.cur.profession())\n        self.profession.select_by_index(2)\n        time.sleep(2)\n    \n        self.cur.btnnext()\n    \n        self.ci.btn_next()\n    \n        # val = self.id.visible_id()\n    \n        self.error = self.cur.errorMessage()\n    \n        if self.error == &amp;quot;Required&amp;quot;:\n&amp;gt;           assert False\nE           assert False\n\ncontact_information_test.py:212: AssertionError\n\n---------------------------- Captured stdout setup -----------------------------\nLaunching Chrome browser.........\n&#34;}], &#34;Customer_Registration_Individual/contact_information_test.py::Test_Contact_Information::test_sending_special_char&#34;: [{&#34;extras&#34;: [], &#34;result&#34;: &#34;Passed&#34;, &#34;testId&#34;: &#34;Customer_Registration_Individual/contact_information_test.py::Test_Contact_Information::test_sending_special_char&#34;, &#34;duration&#34;: &#34;00:00:37&#34;, &#34;resultsTableRow&#34;: [&#34;&lt;td class=\&#34;col-result\&#34;&gt;Passed&lt;/td&gt;&#34;, &#34;&lt;td class=\&#34;col-testId\&#34;&gt;Customer_Registration_Individual/contact_information_test.py::Test_Contact_Information::test_sending_special_char&lt;/td&gt;&#34;, &#34;&lt;td class=\&#34;col-duration\&#34;&gt;00:00:37&lt;/td&gt;&#34;, &#34;&lt;td class=\&#34;col-links\&#34;&gt;&lt;/td&gt;&#34;], &#34;log&#34;: &#34;---------------------------- Captured stdout setup -----------------------------\nLaunching Chrome browser.........\n&#34;}], &#34;Customer_Registration_Individual/contact_information_test.py::Test_Contact_Information::test_sending_numbers_char&#34;: [{&#34;extras&#34;: [], &#34;result&#34;: &#34;Passed&#34;, &#34;testId&#34;: &#34;Customer_Registration_Individual/contact_information_test.py::Test_Contact_Information::test_sending_numbers_char&#34;, &#34;duration&#34;: &#34;00:00:37&#34;, &#34;resultsTableRow&#34;: [&#34;&lt;td class=\&#34;col-result\&#34;&gt;Passed&lt;/td&gt;&#34;, &#34;&lt;td class=\&#34;col-testId\&#34;&gt;Customer_Registration_Individual/contact_information_test.py::Test_Contact_Information::test_sending_numbers_char&lt;/td&gt;&#34;, &#34;&lt;td class=\&#34;col-duration\&#34;&gt;00:00:37&lt;/td&gt;&#34;, &#34;&lt;td class=\&#34;col-links\&#34;&gt;&lt;/td&gt;&#34;], &#34;log&#34;: &#34;---------------------------- Captured stdout setup -----------------------------\nLaunching Chrome browser.........\n&#34;}], &#34;Customer_Registration_Individual/contact_information_test.py::Test_Contact_Information::test_sending_char&#34;: [{&#34;extras&#34;: [], &#34;result&#34;: &#34;Passed&#34;, &#34;testId&#34;: &#34;Customer_Registration_Individual/contact_information_test.py::Test_Contact_Information::test_sending_char&#34;, &#34;duration&#34;: &#34;00:00:37&#34;, &#34;resultsTableRow&#34;: [&#34;&lt;td class=\&#34;col-result\&#34;&gt;Passed&lt;/td&gt;&#34;, &#34;&lt;td class=\&#34;col-testId\&#34;&gt;Customer_Registration_Individual/contact_information_test.py::Test_Contact_Information::test_sending_char&lt;/td&gt;&#34;, &#34;&lt;td class=\&#34;col-duration\&#34;&gt;00:00:37&lt;/td&gt;&#34;, &#34;&lt;td class=\&#34;col-links\&#34;&gt;&lt;/td&gt;&#34;], &#34;log&#34;: &#34;---------------------------- Captured stdout setup -----------------------------\nLaunching Chrome browser.........\n&#34;}], &#34;Customer_Registration_Individual/contact_information_test.py::Test_Contact_Information::test_sending_speci_char_num&#34;: [{&#34;extras&#34;: [], &#34;result&#34;: &#34;Passed&#34;, &#34;testId&#34;: &#34;Customer_Registration_Individual/contact_information_test.py::Test_Contact_Information::test_sending_speci_char_num&#34;, &#34;duration&#34;: &#34;00:00:39&#34;, &#34;resultsTableRow&#34;: [&#34;&lt;td class=\&#34;col-result\&#34;&gt;Passed&lt;/td&gt;&#34;, &#34;&lt;td class=\&#34;col-testId\&#34;&gt;Customer_Registration_Individual/contact_information_test.py::Test_Contact_Information::test_sending_speci_char_num&lt;/td&gt;&#34;, &#34;&lt;td class=\&#34;col-duration\&#34;&gt;00:00:39&lt;/td&gt;&#34;, &#34;&lt;td class=\&#34;col-links\&#34;&gt;&lt;/td&gt;&#34;], &#34;log&#34;: &#34;---------------------------- Captured stdout setup -----------------------------\nLaunching Chrome browser.........\n&#34;}], &#34;Customer_Registration_Individual/contact_information_test.py::Test_Contact_Information::test_sending_bulk_data&#34;: [{&#34;extras&#34;: [], &#34;result&#34;: &#34;Failed&#34;, &#34;testId&#34;: &#34;Customer_Registration_Individual/contact_information_test.py::Test_Contact_Information::test_sending_bulk_data&#34;, &#34;duration&#34;: &#34;00:00:02&#34;, &#34;resultsTableRow&#34;: [&#34;&lt;td class=\&#34;col-result\&#34;&gt;Failed&lt;/td&gt;&#34;, &#34;&lt;td class=\&#34;col-testId\&#34;&gt;Customer_Registration_Individual/contact_information_test.py::Test_Contact_Information::test_sending_bulk_data&lt;/td&gt;&#34;, &#34;&lt;td class=\&#34;col-duration\&#34;&gt;00:00:02&lt;/td&gt;&#34;, &#34;&lt;td class=\&#34;col-links\&#34;&gt;&lt;/td&gt;&#34;], &#34;log&#34;: &#34;self = &amp;lt;Dinero_automation.testCases.Customer_Registration_Individual.contact_information_test.Test_Contact_Information object at 0x7fbd1997d990&amp;gt;\nsetup = &amp;lt;selenium.webdriver.chrome.webdriver.WebDriver (session=&amp;quot;be018f7131a6c0243db1a325567e3d54&amp;quot;)&amp;gt;\n\n    def test_sending_bulk_data(self, setup):\n        self.driver = setup\n        self.driver.get(self.url)\n        self.driver.maximize_window()\n        self.driver.implicitly_wait(30)\n        self.lp = LoginPage(self.driver)\n        self.lp.setUsername(self.uname)\n        self.lp.setPassword(self.upass)\n        self.lp.clickLogin()\n    \n        # click action for nav bar arrow\n        self.nav = Navigation_Page(self.driver)\n        self.nav.click_navbar()\n    \n        # click action for customer registration\n        self.nav.click_customer_registration()\n    \n        # assigning the page objects\n        self.cur = Persomal_Information(self.driver)\n        self.ci = Contact_Information(self.driver)\n        self.id = Id_details(self.driver)\n    \n        # assign data into the fields\n        fname = &amp;quot;QA&amp;quot;\n        mname = &amp;quot;Automation&amp;quot;\n        lname = &amp;quot;Tester&amp;quot;\n        arbname = &amp;quot;Khan&amp;quot;\n        shname = &amp;quot;QA Automation&amp;quot;\n        mainame = &amp;quot;Nayana&amp;quot;\n        dob = 30032000\n    \n        # perform personal information\n        self.drp = Select(self.cur.titleDropdown_required())\n&amp;gt;       self.drp.select_by_index(1)\n\ncontact_information_test.py:689: \n_ _ _ _ _ _ _ _ _ _ _ _ _ _ _ _ _ _ _ _ _ _ _ _ _ _ _ _ _ _ _ _ _ _ _ _ _ _ _ _ \n\nself = &amp;lt;selenium.webdriver.support.select.Select object at 0x7fbd1a9e7750&amp;gt;\nindex = 1\n\n    def select_by_index(self, index: int) -&amp;gt; None:\n        &amp;quot;&amp;quot;&amp;quot;Select the option at the given index. This is done by examining the\n        &amp;quot;index&amp;quot; attribute of an element, and not merely by counting.\n    \n        :Args:\n         - index - The option at this index will be selected\n    \n        throws NoSuchElementException If there is no option with specified index in SELECT\n        &amp;quot;&amp;quot;&amp;quot;\n        match = str(index)\n        for opt in self.options:\n            if opt.get_attribute(&amp;quot;index&amp;quot;) == match:\n                self._set_selected(opt)\n                return\n&amp;gt;       raise NoSuchElementException(f&amp;quot;Could not locate element with index {index}&amp;quot;)\nE       selenium.common.exceptions.NoSuchElementException: Message: Could not locate element with index 1; For documentation on this error, please visit: https://www.selenium.dev/documentation/webdriver/troubleshooting/errors#no-such-element-exception\n\n../../../../PycharmProjects/Dinero_API/.venv/lib/python3.11/site-packages/selenium/webdriver/support/select.py:100: NoSuchElementException\n\n---------------------------- Captured stdout setup -----------------------------\nLaunching Chrome browser.........\n&#34;}], &#34;Customer_Registration_Individual/contact_information_test.py::Test_Contact_Information::test_sending_required_fields&#34;: [{&#34;extras&#34;: [], &#34;result&#34;: &#34;Passed&#34;, &#34;testId&#34;: &#34;Customer_Registration_Individual/contact_information_test.py::Test_Contact_Information::test_sending_required_fields&#34;, &#34;duration&#34;: &#34;00:00:37&#34;, &#34;resultsTableRow&#34;: [&#34;&lt;td class=\&#34;col-result\&#34;&gt;Passed&lt;/td&gt;&#34;, &#34;&lt;td class=\&#34;col-testId\&#34;&gt;Customer_Registration_Individual/contact_information_test.py::Test_Contact_Information::test_sending_required_fields&lt;/td&gt;&#34;, &#34;&lt;td class=\&#34;col-duration\&#34;&gt;00:00:37&lt;/td&gt;&#34;, &#34;&lt;td class=\&#34;col-links\&#34;&gt;&lt;/td&gt;&#34;], &#34;log&#34;: &#34;---------------------------- Captured stdout setup -----------------------------\nLaunching Chrome browser.........\n&#34;}], &#34;Customer_Registration_Individual/contact_information_test.py::Test_Contact_Information::test_sending_not_required_fields&#34;: [{&#34;extras&#34;: [], &#34;result&#34;: &#34;Failed&#34;, &#34;testId&#34;: &#34;Customer_Registration_Individual/contact_information_test.py::Test_Contact_Information::test_sending_not_required_fields&#34;, &#34;duration&#34;: &#34;00:00:03&#34;, &#34;resultsTableRow&#34;: [&#34;&lt;td class=\&#34;col-result\&#34;&gt;Failed&lt;/td&gt;&#34;, &#34;&lt;td class=\&#34;col-testId\&#34;&gt;Customer_Registration_Individual/contact_information_test.py::Test_Contact_Information::test_sending_not_required_fields&lt;/td&gt;&#34;, &#34;&lt;td class=\&#34;col-duration\&#34;&gt;00:00:03&lt;/td&gt;&#34;, &#34;&lt;td class=\&#34;col-links\&#34;&gt;&lt;/td&gt;&#34;], &#34;log&#34;: &#34;self = &amp;lt;Dinero_automation.testCases.Customer_Registration_Individual.contact_information_test.Test_Contact_Information object at 0x7fbd1997d290&amp;gt;\nsetup = &amp;lt;selenium.webdriver.chrome.webdriver.WebDriver (session=&amp;quot;98e3cde8ba0846f12d753ec238d0225e&amp;quot;)&amp;gt;\n\n    def test_sending_not_required_fields(self,setup):\n        self.driver = setup\n        self.driver.get(self.url)\n        self.driver.maximize_window()\n        self.driver.implicitly_wait(30)\n        self.lp = LoginPage(self.driver)\n        self.lp.setUsername(self.uname)\n        self.lp.setPassword(self.upass)\n        # time.sleep(2)\n        self.lp.clickLogin()\n        # time.sleep(2)\n    \n        # click action for nav bar arrow\n        self.nav = Navigation_Page(self.driver)\n        self.nav.click_navbar()\n        # time.sleep(2)\n    \n        # click action for customer registration\n        self.nav.click_customer_registration()\n        # time.sleep(2)\n    \n        # assining the pageobjects\n        self.cur = Persomal_Information(self.driver)\n        self.ci = Contact_Information(self.driver)\n        self.id = Id_details(self.driver)\n    \n    \n        # self.cu_status = Select(self.cur.customerStatusDropdown_not_required())\n        # self.cu_status.select_by_index(1)\n        # self.cur.idNoField_not_required(&amp;quot;7&amp;quot;)\n        # self.cur.dateofexpiry_not_required(12102024)\n        # self.cur.btnverify()\n        # time.sleep(2)\n    \n        # assign data in to the fields\n        fname = &amp;quot;QA&amp;quot;\n        mname = &amp;quot;Automation&amp;quot;\n        lname = &amp;quot;Tester&amp;quot;\n        arbname = &amp;quot;Khan&amp;quot;\n        shname = &amp;quot;QA Automation&amp;quot;\n        mainame = &amp;quot;Nayana&amp;quot;\n        dob = 30032000\n    \n    \n        # perform personal information\n        self.drp = Select(self.cur.titleDropdown_required())\n&amp;gt;       self.drp.select_by_index(1)\n\ncontact_information_test.py:935: \n_ _ _ _ _ _ _ _ _ _ _ _ _ _ _ _ _ _ _ _ _ _ _ _ _ _ _ _ _ _ _ _ _ _ _ _ _ _ _ _ \n\nself = &amp;lt;selenium.webdriver.support.select.Select object at 0x7fbd1a7e6290&amp;gt;\nindex = 1\n\n    def select_by_index(self, index: int) -&amp;gt; None:\n        &amp;quot;&amp;quot;&amp;quot;Select the option at the given index. This is done by examining the\n        &amp;quot;index&amp;quot; attribute of an element, and not merely by counting.\n    \n        :Args:\n         - index - The option at this index will be selected\n    \n        throws NoSuchElementException If there is no option with specified index in SELECT\n        &amp;quot;&amp;quot;&amp;quot;\n        match = str(index)\n        for opt in self.options:\n            if opt.get_attribute(&amp;quot;index&amp;quot;) == match:\n                self._set_selected(opt)\n                return\n&amp;gt;       raise NoSuchElementException(f&amp;quot;Could not locate element with index {index}&amp;quot;)\nE       selenium.common.exceptions.NoSuchElementException: Message: Could not locate element with index 1; For documentation on this error, please visit: https://www.selenium.dev/documentation/webdriver/troubleshooting/errors#no-such-element-exception\n\n../../../../PycharmProjects/Dinero_API/.venv/lib/python3.11/site-packages/selenium/webdriver/support/select.py:100: NoSuchElementException\n\n---------------------------- Captured stdout setup -----------------------------\nLaunching Chrome browser.........\n&#34;}], &#34;Customer_Registration_Individual/contact_information_test.py::Test_Contact_Information::test_validation_preview_page&#34;: [{&#34;extras&#34;: [], &#34;result&#34;: &#34;Failed&#34;, &#34;testId&#34;: &#34;Customer_Registration_Individual/contact_information_test.py::Test_Contact_Information::test_validation_preview_page&#34;, &#34;duration&#34;: &#34;00:00:07&#34;, &#34;resultsTableRow&#34;: [&#34;&lt;td class=\&#34;col-result\&#34;&gt;Failed&lt;/td&gt;&#34;, &#34;&lt;td class=\&#34;col-testId\&#34;&gt;Customer_Registration_Individual/contact_information_test.py::Test_Contact_Information::test_validation_preview_page&lt;/td&gt;&#34;, &#34;&lt;td class=\&#34;col-duration\&#34;&gt;00:00:07&lt;/td&gt;&#34;, &#34;&lt;td class=\&#34;col-links\&#34;&gt;&lt;/td&gt;&#34;], &#34;log&#34;: &#34;self = &amp;lt;Dinero_automation.testCases.Customer_Registration_Individual.contact_information_test.Test_Contact_Information object at 0x7fbd1997c1d0&amp;gt;\nsetup = &amp;lt;selenium.webdriver.chrome.webdriver.WebDriver (session=&amp;quot;6f98fa8ba8ee71dcd974f594966605ed&amp;quot;)&amp;gt;\n\n        def test_validation_preview_page(self,setup):\n            self.driver = setup\n            self.driver.get(self.url)\n            self.driver.maximize_window()\n            self.driver.implicitly_wait(30)\n            self.lp = LoginPage(self.driver)\n            self.lp.setUsername(self.uname)\n            self.lp.setPassword(self.upass)\n            # time.sleep(2)\n            self.lp.clickLogin()\n            # time.sleep(2)\n    \n            # click action for nav bar arrow\n            self.nav = Navigation_Page(self.driver)\n            self.nav.click_navbar()\n            # time.sleep(2)\n    \n            # click action for customer registration\n            self.nav.click_customer_registration()\n            # time.sleep(2)\n    \n            # assining the pageobjects\n            self.cur = Persomal_Information(self.driver)\n            self.ci = Contact_Information(self.driver)\n            self.id = Id_details(self.driver)\n    \n    \n            # self.cu_status = Select(self.cur.customerStatusDropdown_not_required())\n            # self.cu_status.select_by_index(1)\n            # self.cur.idNoField_not_required(&amp;quot;7&amp;quot;)\n            # self.cur.dateofexpiry_not_required(12102024)\n            # self.cur.btnverify()\n            # time.sleep(2)\n    \n            # assign data in to the fields\n            fname = &amp;quot;QA&amp;quot;\n            mname = &amp;quot;Automation&amp;quot;\n            lname = &amp;quot;Tester&amp;quot;\n            arbname = &amp;quot;Khan&amp;quot;\n            shname = &amp;quot;QA Automation&amp;quot;\n            mainame = &amp;quot;Nayana&amp;quot;\n            dob = 30032000\n    \n    \n            # perform personal information\n            self.drp = Select(self.cur.titleDropdown_required())\n            self.drp.select_by_index(1)\n            self.cur.firstNameField_required(fname)\n            self.cur.middleNameField_not_required(mname)\n            self.cur.lastNameField_required(lname)\n            self.cur.arabicNameFiels_required(arbname)\n            self.cur.shortNameField_not_required(shname)\n            self.cur.maidenNameFiels_not_required(mainame)\n    \n            # Select date of birth using the custom method\n            self.cur.dobpicker_required(dob)\n            # dropdowns\n            self.cob = Select(self.cur.cobDropdown_required())\n            self.cob.select_by_index(2)\n            self.nationality = Select(self.cur.nationality())\n            self.nationality.select_by_index(2)\n            self.citizenship = Select(self.cur.citizenship())\n            self.citizenship.select_by_index(2)\n            self.country_of_residence = Select(self.cur.countryofresidence())\n            self.country_of_residence.select_by_index(2)\n            self.residential_status = Select(self.cur.residentialstatus())\n            self.residential_status.select_by_index(1)\n            self.gender = Select(self.cur.gender())\n            self.gender.select_by_index(2)\n            self.mrg = Select(self.cur.maritalstatus())\n            self.mrg.select_by_index(2)\n            self.profession = Select(self.cur.profession())\n            self.profession.select_by_index(2)\n    \n            self.cur.btnnext()\n    \n            fh_number = &amp;quot;4BH&amp;quot;\n            hb_name = &amp;quot;Monlash&amp;quot;\n            stre = &amp;quot;Main road&amp;quot;\n            cit_dis = &amp;quot;Kochi&amp;quot;\n            emi_sta = &amp;quot;Kerala&amp;quot;\n            mob = &amp;quot;9505123743&amp;quot;\n            email = &amp;quot;finnesttechnology@zooker.com&amp;quot;\n    \n            self.ci.field_fh_num_required(fh_number)\n            self.ci.field_hb_name_required(hb_name)\n            self.ci.field_street_required(stre)\n            self.ci.field_city_dist_required(cit_dis)\n            self.ci.field_emin_dist(emi_sta)\n            # dropdowns\n            self.con = Select(self.ci.drp_country_required())\n            self.con.select_by_index(3)\n            self.mob = Select(self.ci.drp_mobile_required())\n            self.mob.select_by_index(69)\n            self.ci.field_mobile_required(mob)\n            self.ci.field_email_required(email)\n    \n    #       Getting data from the dropdowns\n            self.coun = self.con.first_selected_option.text\n    \n            self.mobil = self.mob.first_selected_option\n            self.monil_pre = self.mobil.text\n    \n            self.ci.btn_next()\n            self.id.drp_ci_pre()\n    \n            print(&amp;quot;Actual Data from the system&amp;quot;)\n            print(self.coun)\n            print(self.monil_pre)\n    \n    \n            print(&amp;quot; &amp;quot;)\n            print(&amp;quot;Data from the Preview&amp;quot;)\n            print(self.id.fh_pre())\n            print(self.id.hb_pre())\n            print(self.id.stre_pre())\n            print(self.id.cidi_pre())\n            print(self.id.emist_pre())\n            print(self.id.con_pre())\n            print(self.id.mob_pre())\n            print(self.id.email_pre())\n    \n            if fh_number == self.id.fh_pre():\n                assert True\n            else:\n                self.driver.save_screenshot(\n                    screenShort.screen_short() + &amp;quot;CI_test_validation_preview_page_fh.png&amp;quot;)\n                assert False\n    \n            if hb_name == self.id.hb_pre():\n                assert True\n            else:\n                self.driver.save_screenshot(\n                    screenShort.screen_short() + &amp;quot;CI_test_validation_preview_page_hb.png&amp;quot;)\n                assert False\n    \n            if stre == self.id.stre_pre():\n                assert True\n            else:\n                self.driver.save_screenshot(\n                    screenShort.screen_short() + &amp;quot;CI_test_validation_preview_page_stre.png&amp;quot;)\n                assert False\n    \n            if cit_dis == self.id.cidi_pre():\n                assert True\n            else:\n                self.driver.save_screenshot(\n                    screenShort.screen_short() + &amp;quot;CI_test_validation_preview_page_cit_dis.png&amp;quot;)\n                assert False\n    \n            if emi_sta == self.id.emist_pre():\n                assert True\n            else:\n                self.driver.save_screenshot(\n                    screenShort.screen_short() + &amp;quot;CI_test_validation_preview_page_emi_sta.png&amp;quot;)\n                assert False\n    \n            # if mob == self.id.mob_pre():\n            #     assert True\n            # else:\n            #     self.driver.save_screenshot(\n            #         screenShort.screen_short() + &amp;quot;CI_test_validation_preview_page_mob.png&amp;quot;)\n            #     assert False\n    \n            if email == self.id.email_pre():\n                assert True\n            else:\n                self.driver.save_screenshot(\n                    screenShort.screen_short() + &amp;quot;CI_test_validation_preview_page_email.png&amp;quot;)\n&amp;gt;               assert False\nE               assert False\n\ncontact_information_test.py:1167: AssertionError\n\n---------------------------- Captured stdout setup -----------------------------\nLaunching Chrome browser.........\n\n----------------------------- Captured stdout call -----------------------------\nActual Data from the system\nAlgeria\nGMB\n \nData from the Preview\n4BH\nMonlash\nMain road\nKochi\nKerala\nAlgeria\n+220 9505123743\nFinnesttechnology@zooker.com\n&#34;}], &#34;Customer_Registration_Individual/contact_information_test.py::Test_Contact_Information::test_validating_max_len&#34;: [{&#34;extras&#34;: [], &#34;result&#34;: &#34;Failed&#34;, &#34;testId&#34;: &#34;Customer_Registration_Individual/contact_information_test.py::Test_Contact_Information::test_validating_max_len&#34;, &#34;duration&#34;: &#34;00:00:08&#34;, &#34;resultsTableRow&#34;: [&#34;&lt;td class=\&#34;col-result\&#34;&gt;Failed&lt;/td&gt;&#34;, &#34;&lt;td class=\&#34;col-testId\&#34;&gt;Customer_Registration_Individual/contact_information_test.py::Test_Contact_Information::test_validating_max_len&lt;/td&gt;&#34;, &#34;&lt;td class=\&#34;col-duration\&#34;&gt;00:00:08&lt;/td&gt;&#34;, &#34;&lt;td class=\&#34;col-links\&#34;&gt;&lt;/td&gt;&#34;], &#34;log&#34;: &#34;self = &amp;lt;Dinero_automation.testCases.Customer_Registration_Individual.contact_information_test.Test_Contact_Information object at 0x7fbd19973f90&amp;gt;\nsetup = &amp;lt;selenium.webdriver.chrome.webdriver.WebDriver (session=&amp;quot;026a5da119d09c3bf3939c1aca8fa598&amp;quot;)&amp;gt;\n\n    def test_validating_max_len(self, setup):\n        self.driver = setup\n        self.driver.get(self.url)\n        self.driver.maximize_window()\n        self.driver.implicitly_wait(30)\n    \n        # Login actions\n        self.lp = LoginPage(self.driver)\n        self.lp.setUsername(self.uname)\n        self.lp.setPassword(self.upass)\n        self.lp.clickLogin()\n    \n        # Navigation actions\n        self.nav = Navigation_Page(self.driver)\n        self.nav.click_navbar()\n        self.nav.click_customer_registration()\n    \n        # Assigning page objects\n        self.cur = Persomal_Information(self.driver)\n        self.ci = Contact_Information(self.driver)\n        self.id = Id_details(self.driver)\n    \n        # Personal information data\n        fname = &amp;quot;QA&amp;quot;\n        mname = &amp;quot;Automation&amp;quot;\n        lname = &amp;quot;Tester&amp;quot;\n        arbname = &amp;quot;Khan&amp;quot;\n        shname = &amp;quot;QA Automation&amp;quot;\n        mainame = &amp;quot;Nayana&amp;quot;\n        dob = 30032000\n    \n        # Fill personal information fields\n        self.drp = Select(self.cur.titleDropdown_required())\n        self.drp.select_by_index(1)\n        self.cur.firstNameField_required(fname)\n        self.cur.middleNameField_not_required(mname)\n        self.cur.lastNameField_required(lname)\n        self.cur.arabicNameFiels_required(arbname)\n        self.cur.shortNameField_not_required(shname)\n        self.cur.maidenNameFiels_not_required(mainame)\n        self.cur.dobpicker_required(dob)\n    \n        # Dropdown selections\n        self.cob = Select(self.cur.cobDropdown_required())\n        self.cob.select_by_index(2)\n        self.nationality = Select(self.cur.nationality())\n        self.nationality.select_by_index(2)\n        self.citizenship = Select(self.cur.citizenship())\n        self.citizenship.select_by_index(2)\n        self.country_of_residence = Select(self.cur.countryofresidence())\n        self.country_of_residence.select_by_index(2)\n        self.residential_status = Select(self.cur.residentialstatus())\n        self.residential_status.select_by_index(1)\n        self.gender = Select(self.cur.gender())\n        self.gender.select_by_index(2)\n        self.mrg = Select(self.cur.maritalstatus())\n        self.mrg.select_by_index(2)\n        self.profession = Select(self.cur.profession())\n        self.profession.select_by_index(2)\n    \n        self.cur.btnnext()\n    \n        def get_max_length(element):\n            if element is not None:\n                return element.get_attribute(&amp;#x27;maxlength&amp;#x27;)\n            return None\n    \n        # Fetching elements\n        fh_len_elem = self.ci.field_fh_num_required_val()\n        hb_len_elem = self.ci.field_hb_name_required_val()\n        stree_elem = self.ci.field_street_required_val()\n        ci_di_elem = self.ci.field_city_dist_required_val()\n        emin_elem = self.ci.field_emin_dist_val()\n        mob_elem = self.ci.field_mobile_required_val()\n        email_elem = self.ci.field_email_required_val()\n    \n        # Get and print max lengths\n        fh_len_max = get_max_length(fh_len_elem)\n        fh_len_max_int = int(fh_len_max)\n        print(f&amp;quot;Max length for flat/house number: {type(fh_len_max_int)}&amp;quot;)\n    \n        hb_len_max = int(get_max_length(hb_len_elem))\n        print(f&amp;quot;Max length for house/building name: {hb_len_max}&amp;quot;)\n    \n        stree_max = int(get_max_length(stree_elem))\n        print(f&amp;quot;Max length for street: {stree_max}&amp;quot;)\n    \n        ci_di_max = int(get_max_length(ci_di_elem))\n        print(f&amp;quot;Max length for city/district: {ci_di_max}&amp;quot;)\n    \n        emin_max = int(get_max_length(emin_elem))\n        print(f&amp;quot;Max length for emirate/state: {emin_max}&amp;quot;)\n    \n        mob_max = int(get_max_length(mob_elem))\n        print(f&amp;quot;Max length for mobile: {mob_max}&amp;quot;)\n    \n        email_max = int(get_max_length(email_elem))\n        print(f&amp;quot;Max length for email: {email_max}&amp;quot;)\n    \n        email = generate_random_email()\n        print(&amp;quot;email:&amp;quot;,email)\n        num = random_string_generator_numbers()\n        print(&amp;quot;numbers&amp;quot;, num)\n        max_20 = random_string_generator_max_20()\n        print(&amp;quot;maxlenght_20:&amp;quot;, max_20)\n        max_30 = random_string_generator_max_30()\n        print(&amp;quot;maxlenght_30:&amp;quot;, max_30)\n        max_50 = random_string_generator_max_50()\n        print(&amp;quot;maxlenght_50:&amp;quot;, max_50)\n    \n        fh_number = max_50\n        hb_name = max_50\n        stre = max_50\n        cit_dis = max_30\n        emi_sta = max_20\n        mob_val = num\n        email_val = email\n    \n        self.ci.field_fh_num_required(fh_number)\n        self.ci.field_hb_name_required(hb_name)\n        self.ci.field_street_required(stre)\n        self.ci.field_city_dist_required(cit_dis)\n        self.ci.field_emin_dist(emi_sta)\n    \n        # Dropdown selections\n        self.con = Select(self.ci.drp_country_required())\n        self.con.select_by_index(3)\n        self.mob = Select(self.ci.drp_mobile_required())\n        self.mob.select_by_index(69)\n        self.ci.field_mobile_required(mob_val)\n        self.ci.field_email_required(email_val)\n    \n        fh_val = fh_len_elem.get_attribute(&amp;#x27;value&amp;#x27;)\n        fh_val_len = len(fh_val)\n        print(&amp;quot;fhvalue&amp;quot;, type(fh_val_len))\n        hb_val = hb_len_elem.get_attribute(&amp;#x27;value&amp;#x27;)\n        hb_val_len = len(hb_val)\n        print(&amp;quot;hbval:&amp;quot;, hb_val_len)\n        stree_val = stree_elem.get_attribute(&amp;#x27;value&amp;#x27;)\n        stree_val_len = len(stree_val)\n        print(&amp;quot;stree:&amp;quot;, stree_val_len)\n        cidi_val = ci_di_elem.get_attribute(&amp;#x27;value&amp;#x27;)\n        cidi_val_len = len(cidi_val)\n        print(&amp;quot;cidi_val:&amp;quot;, cidi_val_len)\n        emin_val = emin_elem.get_attribute(&amp;#x27;value&amp;#x27;)\n        emin_val_len =len(emin_val)\n        print(&amp;quot;emin_val:&amp;quot;, emin_val_len)\n        mob_val = mob_elem.get_attribute(&amp;#x27;value&amp;#x27;)\n        mob_val_len = len(mob_val)\n        print(&amp;quot;mob_val&amp;quot;,mob_val_len)\n        email_val = email_elem.get_attribute(&amp;#x27;value&amp;#x27;)\n        email_val_len = len(email_val)\n        print(&amp;quot;email_val:&amp;quot;, email_val_len)\n    \n        self.ci.btn_next()\n        # time.sleep(4)\n    \n        val = self.id.visible_id()\n        print(val)\n    \n        if fh_val_len == fh_len_max_int and val == True:\n            assert True\n        else:\n            self.driver.save_screenshot(\n                            screenShort.screen_short() + &amp;quot;CI_test_validating_max_len_fh.png&amp;quot;)\n            assert False\n    \n        if hb_val_len == hb_len_max and val == True:\n            assert True\n        else:\n            self.driver.save_screenshot(\n                screenShort.screen_short() + &amp;quot;CI_test_validating_max_len_hb.png&amp;quot;)\n            assert False\n    \n        if stree_val_len == stree_max and val == True:\n            assert True\n        else:\n            self.driver.save_screenshot(\n                screenShort.screen_short() + &amp;quot;CI_test_validating_max_len_stre.png&amp;quot;)\n            assert False\n    \n        if cidi_val_len == ci_di_max and val == True:\n            assert True\n        else:\n            self.driver.save_screenshot(\n                screenShort.screen_short() + &amp;quot;CI_test_validating_max_len_cidi.png&amp;quot;)\n            assert False\n    \n        if emin_val_len == emin_max and val == True:\n            assert True\n        else:\n            self.driver.save_screenshot(\n                screenShort.screen_short() + &amp;quot;CI_test_validating_max_len_emin.png&amp;quot;)\n            assert False\n    \n        if mob_val_len == mob_max and val == True:\n            assert True\n        else:\n            self.driver.save_screenshot(\n                screenShort.screen_short() + &amp;quot;CI_test_validating_max_len_mob.png&amp;quot;)\n            assert False\n    \n        if email_val_len == email_max and val == True:\n            assert True\n        else:\n            self.driver.save_screenshot(\n                screenShort.screen_short() + &amp;quot;CI_test_validating_max_len_emai.png&amp;quot;)\n&amp;gt;           assert False\nE           assert False\n\ncontact_information_test.py:1377: AssertionError\n\n---------------------------- Captured stdout setup -----------------------------\nLaunching Chrome browser.........\n\n----------------------------- Captured stdout call -----------------------------\nMax length for flat/house number: &amp;lt;class &amp;#x27;int&amp;#x27;&amp;gt;\nMax length for house/building name: 50\nMax length for street: 50\nMax length for city/district: 30\nMax length for emirate/state: 20\nMax length for mobile: 20\nMax length for email: 50\nemail: 4wpc1esarqyhgcm7yefptewruxwn9ygzu@i.com\nnumbers 2843118295582978\nmaxlenght_20: hntxledlmikzknaukfta\nmaxlenght_30: nkfgjyjhtswcqobcupetmlqklerjdj\nmaxlenght_50: ewsqyhfdiikxwmqrsceuyfntvuxyciurtocwpdehixxomhcjdr\nfhvalue &amp;lt;class &amp;#x27;int&amp;#x27;&amp;gt;\nhbval: 50\nstree: 50\ncidi_val: 30\nemin_val: 20\nmob_val 20\nemail_val: 39\nTrue\n&#34;}], &#34;Customer_Registration_Individual/contact_information_test.py::Test_Contact_Information::test_validating_lessthen_max_len&#34;: [{&#34;extras&#34;: [], &#34;result&#34;: &#34;Failed&#34;, &#34;testId&#34;: &#34;Customer_Registration_Individual/contact_information_test.py::Test_Contact_Information::test_validating_lessthen_max_len&#34;, &#34;duration&#34;: &#34;00:00:03&#34;, &#34;resultsTableRow&#34;: [&#34;&lt;td class=\&#34;col-result\&#34;&gt;Failed&lt;/td&gt;&#34;, &#34;&lt;td class=\&#34;col-testId\&#34;&gt;Customer_Registration_Individual/contact_information_test.py::Test_Contact_Information::test_validating_lessthen_max_len&lt;/td&gt;&#34;, &#34;&lt;td class=\&#34;col-duration\&#34;&gt;00:00:03&lt;/td&gt;&#34;, &#34;&lt;td class=\&#34;col-links\&#34;&gt;&lt;/td&gt;&#34;], &#34;log&#34;: &#34;self = &amp;lt;Dinero_automation.testCases.Customer_Registration_Individual.contact_information_test.Test_Contact_Information object at 0x7fbd19973850&amp;gt;\nsetup = &amp;lt;selenium.webdriver.chrome.webdriver.WebDriver (session=&amp;quot;3aa238f68a051c530177888bc6734d86&amp;quot;)&amp;gt;\n\n    def test_validating_lessthen_max_len(self, setup):\n        self.driver = setup\n        self.driver.get(self.url)\n        self.driver.maximize_window()\n        self.driver.implicitly_wait(30)\n    \n        # Login actions\n        self.lp = LoginPage(self.driver)\n        self.lp.setUsername(self.uname)\n        self.lp.setPassword(self.upass)\n        self.lp.clickLogin()\n    \n        # Navigation actions\n        self.nav = Navigation_Page(self.driver)\n        self.nav.click_navbar()\n        self.nav.click_customer_registration()\n    \n        # Assigning page objects\n        self.cur = Persomal_Information(self.driver)\n        self.ci = Contact_Information(self.driver)\n        self.id = Id_details(self.driver)\n    \n        # Personal information data\n        fname = &amp;quot;QA&amp;quot;\n        mname = &amp;quot;Automation&amp;quot;\n        lname = &amp;quot;Tester&amp;quot;\n        arbname = &amp;quot;Khan&amp;quot;\n        shname = &amp;quot;QA Automation&amp;quot;\n        mainame = &amp;quot;Nayana&amp;quot;\n        dob = 30032000\n    \n        # Fill personal information fields\n        self.drp = Select(self.cur.titleDropdown_required())\n&amp;gt;       self.drp.select_by_index(1)\n\ncontact_information_test.py:1414: \n_ _ _ _ _ _ _ _ _ _ _ _ _ _ _ _ _ _ _ _ _ _ _ _ _ _ _ _ _ _ _ _ _ _ _ _ _ _ _ _ \n\nself = &amp;lt;selenium.webdriver.support.select.Select object at 0x7fbd1a7e7250&amp;gt;\nindex = 1\n\n    def select_by_index(self, index: int) -&amp;gt; None:\n        &amp;quot;&amp;quot;&amp;quot;Select the option at the given index. This is done by examining the\n        &amp;quot;index&amp;quot; attribute of an element, and not merely by counting.\n    \n        :Args:\n         - index - The option at this index will be selected\n    \n        throws NoSuchElementException If there is no option with specified index in SELECT\n        &amp;quot;&amp;quot;&amp;quot;\n        match = str(index)\n        for opt in self.options:\n            if opt.get_attribute(&amp;quot;index&amp;quot;) == match:\n                self._set_selected(opt)\n                return\n&amp;gt;       raise NoSuchElementException(f&amp;quot;Could not locate element with index {index}&amp;quot;)\nE       selenium.common.exceptions.NoSuchElementException: Message: Could not locate element with index 1; For documentation on this error, please visit: https://www.selenium.dev/documentation/webdriver/troubleshooting/errors#no-such-element-exception\n\n../../../../PycharmProjects/Dinero_API/.venv/lib/python3.11/site-packages/selenium/webdriver/support/select.py:100: NoSuchElementException\n\n---------------------------- Captured stdout setup -----------------------------\nLaunching Chrome browser.........\n&#34;}], &#34;Customer_Registration_Individual/contact_information_test.py::Test_Contact_Information::test_validating_greaterthen_max_len&#34;: [{&#34;extras&#34;: [], &#34;result&#34;: &#34;Failed&#34;, &#34;testId&#34;: &#34;Customer_Registration_Individual/contact_information_test.py::Test_Contact_Information::test_validating_greaterthen_max_len&#34;, &#34;duration&#34;: &#34;00:00:02&#34;, &#34;resultsTableRow&#34;: [&#34;&lt;td class=\&#34;col-result\&#34;&gt;Failed&lt;/td&gt;&#34;, &#34;&lt;td class=\&#34;col-testId\&#34;&gt;Customer_Registration_Individual/contact_information_test.py::Test_Contact_Information::test_validating_greaterthen_max_len&lt;/td&gt;&#34;, &#34;&lt;td class=\&#34;col-duration\&#34;&gt;00:00:02&lt;/td&gt;&#34;, &#34;&lt;td class=\&#34;col-links\&#34;&gt;&lt;/td&gt;&#34;], &#34;log&#34;: &#34;self = &amp;lt;Dinero_automation.testCases.Customer_Registration_Individual.contact_information_test.Test_Contact_Information object at 0x7fbd19970a10&amp;gt;\nsetup = &amp;lt;selenium.webdriver.chrome.webdriver.WebDriver (session=&amp;quot;489cb2964c10b0996e3bec29fe398654&amp;quot;)&amp;gt;\n\n    def test_validating_greaterthen_max_len(self, setup):\n        self.driver = setup\n        self.driver.get(self.url)\n        self.driver.maximize_window()\n        self.driver.implicitly_wait(30)\n    \n        # Login actions\n        self.lp = LoginPage(self.driver)\n        self.lp.setUsername(self.uname)\n        self.lp.setPassword(self.upass)\n        self.lp.clickLogin()\n    \n        # Navigation actions\n        self.nav = Navigation_Page(self.driver)\n        self.nav.click_navbar()\n        self.nav.click_customer_registration()\n    \n        # Assigning page objects\n        self.cur = Persomal_Information(self.driver)\n        self.ci = Contact_Information(self.driver)\n        self.id = Id_details(self.driver)\n    \n        # Personal information data\n        fname = &amp;quot;QA&amp;quot;\n        mname = &amp;quot;Automation&amp;quot;\n        lname = &amp;quot;Tester&amp;quot;\n        arbname = &amp;quot;Khan&amp;quot;\n        shname = &amp;quot;QA Automation&amp;quot;\n        mainame = &amp;quot;Nayana&amp;quot;\n        dob = 30032000\n    \n        # Fill personal information fields\n        self.drp = Select(self.cur.titleDropdown_required())\n&amp;gt;       self.drp.select_by_index(1)\n\ncontact_information_test.py:1625: \n_ _ _ _ _ _ _ _ _ _ _ _ _ _ _ _ _ _ _ _ _ _ _ _ _ _ _ _ _ _ _ _ _ _ _ _ _ _ _ _ \n\nself = &amp;lt;selenium.webdriver.support.select.Select object at 0x7fbd19b2b9d0&amp;gt;\nindex = 1\n\n    def select_by_index(self, index: int) -&amp;gt; None:\n        &amp;quot;&amp;quot;&amp;quot;Select the option at the given index. This is done by examining the\n        &amp;quot;index&amp;quot; attribute of an element, and not merely by counting.\n    \n        :Args:\n         - index - The option at this index will be selected\n    \n        throws NoSuchElementException If there is no option with specified index in SELECT\n        &amp;quot;&amp;quot;&amp;quot;\n        match = str(index)\n        for opt in self.options:\n            if opt.get_attribute(&amp;quot;index&amp;quot;) == match:\n                self._set_selected(opt)\n                return\n&amp;gt;       raise NoSuchElementException(f&amp;quot;Could not locate element with index {index}&amp;quot;)\nE       selenium.common.exceptions.NoSuchElementException: Message: Could not locate element with index 1; For documentation on this error, please visit: https://www.selenium.dev/documentation/webdriver/troubleshooting/errors#no-such-element-exception\n\n../../../../PycharmProjects/Dinero_API/.venv/lib/python3.11/site-packages/selenium/webdriver/support/select.py:100: NoSuchElementException\n\n---------------------------- Captured stdout setup -----------------------------\nLaunching Chrome browser.........\n&#34;}], &#34;Customer_Registration_Individual/contact_information_test.py::Test_Contact_Information::test_validating_cancel&#34;: [{&#34;extras&#34;: [], &#34;result&#34;: &#34;Passed&#34;, &#34;testId&#34;: &#34;Customer_Registration_Individual/contact_information_test.py::Test_Contact_Information::test_validating_cancel&#34;, &#34;duration&#34;: &#34;00:00:20&#34;, &#34;resultsTableRow&#34;: [&#34;&lt;td class=\&#34;col-result\&#34;&gt;Passed&lt;/td&gt;&#34;, &#34;&lt;td class=\&#34;col-testId\&#34;&gt;Customer_Registration_Individual/contact_information_test.py::Test_Contact_Information::test_validating_cancel&lt;/td&gt;&#34;, &#34;&lt;td class=\&#34;col-duration\&#34;&gt;00:00:20&lt;/td&gt;&#34;, &#34;&lt;td class=\&#34;col-links\&#34;&gt;&lt;/td&gt;&#34;], &#34;log&#34;: &#34;---------------------------- Captured stdout setup -----------------------------\nLaunching Chrome browser.........\n\n----------------------------- Captured stdout call -----------------------------\nGetting data from the dropdowns before personal info\nMr\nAlbania\nAlbanian\nAcquire\nAlbania\nResident\nFemale\nUnmarried\nAccounting Manager\ngetting data for contact info before clear\ncontry: Afghanistan\nmonile: GMB\nfhvalue 4BH\nhbval: Monlash\nstree: Main road\ncidi_val: Kochi\nemin_val: Kerala\nmob_val +220 9505123743\nemail_val: finnesttechnology@zooker.com\nGetting data from the dropdowns after clearing person info\n\n\n\n\n\n\n\n\n\ngetting data for contact info after clear\nGetting data for contact info after clear\nCountry after clear: \nMobile after clear: \nFH Number after clear: \nHouse/Building Name after clear: \nStreet after clear: \nCity/District after clear: \nEmirate/State after clear: \nMobile after clear: \nEmail after clear: \n&#34;}], &#34;Customer_Registration_Individual/contact_information_test.py::Test_Contact_Information::test_validation_modification_page&#34;: [{&#34;extras&#34;: [], &#34;result&#34;: &#34;Failed&#34;, &#34;testId&#34;: &#34;Customer_Registration_Individual/contact_information_test.py::Test_Contact_Information::test_validation_modification_page&#34;, &#34;duration&#34;: &#34;00:00:17&#34;, &#34;resultsTableRow&#34;: [&#34;&lt;td class=\&#34;col-result\&#34;&gt;Failed&lt;/td&gt;&#34;, &#34;&lt;td class=\&#34;col-testId\&#34;&gt;Customer_Registration_Individual/contact_information_test.py::Test_Contact_Information::test_validation_modification_page&lt;/td&gt;&#34;, &#34;&lt;td class=\&#34;col-duration\&#34;&gt;00:00:17&lt;/td&gt;&#34;, &#34;&lt;td class=\&#34;col-links\&#34;&gt;&lt;/td&gt;&#34;], &#34;log&#34;: &#34;self = &amp;lt;Dinero_automation.testCases.Customer_Registration_Individual.contact_information_test.Test_Contact_Information object at 0x7fbd19972410&amp;gt;\nsetup = &amp;lt;selenium.webdriver.chrome.webdriver.WebDriver (session=&amp;quot;5a22163ac9761451e4be62d612defc37&amp;quot;)&amp;gt;\n\n    def test_validation_modification_page(self,setup):\n        self.driver = setup\n        self.driver.get(self.url)\n        self.driver.maximize_window()\n        self.driver.implicitly_wait(30)\n        self.lp = LoginPage(self.driver)\n        self.lp.setUsername(self.uname)\n        self.lp.setPassword(self.upass)\n        # time.sleep(2)\n        self.lp.clickLogin()\n        # time.sleep(2)\n    \n        # click action for nav bar arrow\n        self.nav = Navigation_Page(self.driver)\n        self.nav.click_navbar()\n        # time.sleep(2)\n    \n        # click action for customer registration\n        self.nav.click_customer_registration()\n        # time.sleep(2)\n    \n        # assining the pageobjects\n        self.cur = Persomal_Information(self.driver)\n        self.ci = Contact_Information(self.driver)\n        self.id = Id_details(self.driver)\n    \n        # self.cu_status = Select(self.cur.customerStatusDropdown_not_required())\n        # self.cu_status.select_by_index(1)\n        # self.cur.idNoField_not_required(&amp;quot;7&amp;quot;)\n        # self.cur.dateofexpiry_not_required(12102024)\n        # self.cur.btnverify()\n        # time.sleep(2)\n    \n        # assign data in to the fields\n        fname = &amp;quot;QA&amp;quot;\n        mname = &amp;quot;Automation&amp;quot;\n        lname = &amp;quot;Tester&amp;quot;\n        arbname = &amp;quot;Khan&amp;quot;\n        shname = &amp;quot;QA Automation&amp;quot;\n        mainame = &amp;quot;Nayana&amp;quot;\n        dob = &amp;quot;30032000&amp;quot;\n    \n        # perform personal information\n        self.drp = Select(self.cur.titleDropdown_required())\n        self.drp.select_by_index(1)\n        self.cur.firstNameField_required(fname)\n        self.cur.middleNameField_not_required(mname)\n        self.cur.lastNameField_required(lname)\n        self.cur.arabicNameFiels_required(arbname)\n        self.cur.shortNameField_not_required(shname)\n        self.cur.maidenNameFiels_not_required(mainame)\n    \n        # Select date of birth using the custom method\n        self.cur.dobpicker_required(dob)\n        # dropdowns\n        self.cob = Select(self.cur.cobDropdown_required())\n        self.cob.select_by_index(2)\n        self.nationality = Select(self.cur.nationality())\n        self.nationality.select_by_index(2)\n        self.citizenship = Select(self.cur.citizenship())\n        self.citizenship.select_by_index(2)\n        self.country_of_residence = Select(self.cur.countryofresidence())\n        self.country_of_residence.select_by_index(2)\n        self.residential_status = Select(self.cur.residentialstatus())\n        self.residential_status.select_by_index(1)\n        self.gender = Select(self.cur.gender())\n        self.gender.select_by_index(2)\n        self.mrg = Select(self.cur.maritalstatus())\n        self.mrg.select_by_index(2)\n        self.profession = Select(self.cur.profession())\n        self.profession.select_by_index(2)\n    \n        self.cur.btnnext()\n    \n        fh_number = &amp;quot;4BH&amp;quot;\n        hb_name = &amp;quot;Monlash&amp;quot;\n        stre = &amp;quot;Main road&amp;quot;\n        cit_dis = &amp;quot;Kochi&amp;quot;\n        emi_sta = &amp;quot;Kerala&amp;quot;\n        mob = &amp;quot;9505123743&amp;quot;\n        email = &amp;quot;finnesttechnology@zooker.com&amp;quot;\n    \n        self.ci.field_fh_num_required(fh_number)\n        self.ci.field_hb_name_required(hb_name)\n        self.ci.field_street_required(stre)\n        self.ci.field_city_dist_required(cit_dis)\n        self.ci.field_emin_dist(emi_sta)\n        # dropdowns\n        self.con = Select(self.ci.drp_country_required())\n        self.con.select_by_index(3)\n        self.mob = Select(self.ci.drp_mobile_required())\n        self.mob.select_by_index(69)\n        self.ci.field_mobile_required(mob)\n        self.ci.field_email_required(email)\n    \n        self.ci.btn_next()\n        self.id.btn_back_id()\n        time.sleep(4)\n    \n        fh_number = &amp;quot;Poll&amp;quot;\n        hb_name = &amp;quot;Build&amp;quot;\n        stre = &amp;quot;Dhalal&amp;quot;\n        cit_dis = &amp;quot;Mumbai&amp;quot;\n        emi_sta = &amp;quot;Bhai&amp;quot;\n        mob = &amp;quot;9866217380&amp;quot;\n        email = &amp;quot;&amp;quot;\n    \n        self.ci.field_fh_num_required(fh_number)\n        self.ci.field_hb_name_required(hb_name)\n        self.ci.field_street_required(stre)\n        self.ci.field_city_dist_required(cit_dis)\n        self.ci.field_emin_dist(emi_sta)\n        # dropdowns\n        self.con = Select(self.ci.drp_country_required())\n        self.con.select_by_index(3)\n        self.mob = Select(self.ci.drp_mobile_required())\n        self.mob.select_by_index(69)\n        self.ci.field_mobile_required(mob)\n        self.ci.field_email_required(email)\n        #       Getting data from the dropdowns\n        self.coun = self.con.first_selected_option.text\n    \n        self.mobil = self.mob.first_selected_option\n        self.monil_pre = self.mobil.text\n    \n        fh_len_elem = self.ci.field_fh_num_required_val()\n        hb_len_elem = self.ci.field_hb_name_required_val()\n        stree_elem = self.ci.field_street_required_val()\n        ci_di_elem = self.ci.field_city_dist_required_val()\n        emin_elem = self.ci.field_emin_dist_val()\n        mob_elem = self.ci.field_mobile_required_val()\n        email_elem = self.ci.field_email_required_val()\n    \n        print(&amp;quot;Actual Data from the system&amp;quot;)\n        print(self.coun)\n        print(self.monil_pre)\n    \n        print(&amp;quot;getting data for contact info &amp;quot;)\n        #       Getting data from\n        self.coun = self.con.first_selected_option.text\n        print(&amp;quot;contry:&amp;quot;, self.coun)\n    \n        self.mobil = self.mob.first_selected_option\n        self.monil_pre = self.mobil.text\n        print(&amp;quot;monile:&amp;quot;, self.monil_pre)\n    \n        fh_val = fh_len_elem.get_attribute(&amp;#x27;value&amp;#x27;)\n        print(&amp;quot;fhvalue&amp;quot;, fh_val)\n    \n        hb_val = hb_len_elem.get_attribute(&amp;#x27;value&amp;#x27;)\n        print(&amp;quot;hbval:&amp;quot;, hb_val)\n    \n        stree_val = stree_elem.get_attribute(&amp;#x27;value&amp;#x27;)\n        print(&amp;quot;stree:&amp;quot;, stree_val)\n    \n        cidi_val = ci_di_elem.get_attribute(&amp;#x27;value&amp;#x27;)\n        print(&amp;quot;cidi_val:&amp;quot;, cidi_val)\n    \n        emin_val = emin_elem.get_attribute(&amp;#x27;value&amp;#x27;)\n        print(&amp;quot;emin_val:&amp;quot;, emin_val)\n    \n        mob_val = mob_elem.get_attribute(&amp;#x27;value&amp;#x27;)\n        print(&amp;quot;mob_val&amp;quot;, mob_val)\n    \n        email_val = email_elem.get_attribute(&amp;#x27;value&amp;#x27;)\n        print(&amp;quot;email_val:&amp;quot;, email_val)\n    \n        self.ci.btn_next()\n        self.id.drp_ci_pre()\n    \n    \n        print(&amp;quot; &amp;quot;)\n        print(&amp;quot;Data from the Preview&amp;quot;)\n        print(self.id.fh_pre())\n        print(self.id.hb_pre())\n        print(self.id.stre_pre())\n        print(self.id.cidi_pre())\n        print(self.id.emist_pre())\n        print(self.id.con_pre())\n        print(self.id.mob_pre())\n        print(self.id.email_pre())\n    \n        if fh_val == self.id.fh_pre():\n            assert True\n        else:\n            self.driver.save_screenshot(\n                screenShort.screen_short() + &amp;quot;CI_test_validation_modification_page_fh.png&amp;quot;)\n            assert False\n    \n        if hb_val == self.id.hb_pre():\n            assert True\n        else:\n            self.driver.save_screenshot(\n                screenShort.screen_short() + &amp;quot;CI_test_validation_modification_page_hb.png&amp;quot;)\n            assert False\n    \n        if stree_val == self.id.stre_pre():\n            assert True\n        else:\n            self.driver.save_screenshot(\n                screenShort.screen_short() + &amp;quot;CI_test_validation_modification_page_stre.png&amp;quot;)\n            assert False\n    \n        if cidi_val == self.id.cidi_pre():\n            assert True\n        else:\n            self.driver.save_screenshot(\n                screenShort.screen_short() + &amp;quot;CI_test_validation_modification_page_dis.png&amp;quot;)\n            assert False\n    \n        if emin_val == self.id.emist_pre():\n            assert True\n        else:\n            self.driver.save_screenshot(\n                screenShort.screen_short() + &amp;quot;CI_test_validation_modification_page_sta.png&amp;quot;)\n            assert False\n    \n        # if mob == self.id.mob_pre():\n        #     assert True\n        # else:\n        #     self.driver.save_screenshot(\n        #         screenShort.screen_short() + &amp;quot;CI_test_validation_modification_page_mob.png&amp;quot;)\n        #     assert False\n    \n        if email_val == self.id.email_pre():\n            assert True\n        else:\n            self.driver.save_screenshot(\n                screenShort.screen_short() + &amp;quot;CI_test_validation_modification_page_email.png&amp;quot;)\n&amp;gt;           assert False\nE           assert False\n\ncontact_information_test.py:2310: AssertionError\n\n---------------------------- Captured stdout setup -----------------------------\nLaunching Chrome browser.........\n\n----------------------------- Captured stdout call -----------------------------\nActual Data from the system\nAlgeria\nGLP\ngetting data for contact info \ncontry: Algeria\nmonile: GLP\nfhvalue 4BHPoll\nhbval: MonlashBuild\nstree: Main roadDhalal\ncidi_val: KochiMumbai\nemin_val: KeralaBhai\nmob_val +590 9866217380\nemail_val: finnesttechnology@zooker.com\n \nData from the Preview\n4BHPoll\nMonlashBuild\nMain roadDhalal\nKochiMumbai\nKeralaBhai\nAlgeria\n+590 9866217380\nFinnesttechnology@zooker.com\n&#34;}], &#34;Customer_Registration_Individual/contact_information_test.py::Test_Contact_Information::test_validation_modification_clear_page&#34;: [{&#34;extras&#34;: [], &#34;result&#34;: &#34;Failed&#34;, &#34;testId&#34;: &#34;Customer_Registration_Individual/contact_information_test.py::Test_Contact_Information::test_validation_modification_clear_page&#34;, &#34;duration&#34;: &#34;00:00:10&#34;, &#34;resultsTableRow&#34;: [&#34;&lt;td class=\&#34;col-result\&#34;&gt;Failed&lt;/td&gt;&#34;, &#34;&lt;td class=\&#34;col-testId\&#34;&gt;Customer_Registration_Individual/contact_information_test.py::Test_Contact_Information::test_validation_modification_clear_page&lt;/td&gt;&#34;, &#34;&lt;td class=\&#34;col-duration\&#34;&gt;00:00:10&lt;/td&gt;&#34;, &#34;&lt;td class=\&#34;col-links\&#34;&gt;&lt;/td&gt;&#34;], &#34;log&#34;: &#34;self = &amp;lt;Dinero_automation.testCases.Customer_Registration_Individual.contact_information_test.Test_Contact_Information object at 0x7fbd19971550&amp;gt;\nsetup = &amp;lt;selenium.webdriver.chrome.webdriver.WebDriver (session=&amp;quot;c017c2cf82882574adb8e7fff654e457&amp;quot;)&amp;gt;\n\n    def test_validation_modification_clear_page(self,setup):\n        self.driver = setup\n        self.driver.get(self.url)\n        self.driver.maximize_window()\n        self.driver.implicitly_wait(30)\n        self.lp = LoginPage(self.driver)\n        self.lp.setUsername(self.uname)\n        self.lp.setPassword(self.upass)\n        # time.sleep(2)\n        self.lp.clickLogin()\n        # time.sleep(2)\n    \n        # click action for nav bar arrow\n        self.nav = Navigation_Page(self.driver)\n        self.nav.click_navbar()\n        # time.sleep(2)\n    \n        # click action for customer registration\n        self.nav.click_customer_registration()\n        # time.sleep(2)\n    \n        # assining the pageobjects\n        self.cur = Persomal_Information(self.driver)\n        self.ci = Contact_Information(self.driver)\n        self.id = Id_details(self.driver)\n    \n        # self.cu_status = Select(self.cur.customerStatusDropdown_not_required())\n        # self.cu_status.select_by_index(1)\n        # self.cur.idNoField_not_required(&amp;quot;7&amp;quot;)\n        # self.cur.dateofexpiry_not_required(12102024)\n        # self.cur.btnverify()\n        # time.sleep(2)\n    \n        # assign data in to the fields\n        fname = &amp;quot;QA&amp;quot;\n        mname = &amp;quot;Automation&amp;quot;\n        lname = &amp;quot;Tester&amp;quot;\n        arbname = &amp;quot;Khan&amp;quot;\n        shname = &amp;quot;QA Automation&amp;quot;\n        mainame = &amp;quot;Nayana&amp;quot;\n        dob = &amp;quot;30032000&amp;quot;\n    \n        # perform personal information\n        self.drp = Select(self.cur.titleDropdown_required())\n        self.drp.select_by_index(1)\n        self.cur.firstNameField_required(fname)\n        self.cur.middleNameField_not_required(mname)\n        self.cur.lastNameField_required(lname)\n        self.cur.arabicNameFiels_required(arbname)\n        self.cur.shortNameField_not_required(shname)\n        self.cur.maidenNameFiels_not_required(mainame)\n    \n        # Select date of birth using the custom method\n        self.cur.dobpicker_required(dob)\n        # dropdowns\n        self.cob = Select(self.cur.cobDropdown_required())\n        self.cob.select_by_index(2)\n        self.nationality = Select(self.cur.nationality())\n        self.nationality.select_by_index(2)\n        self.citizenship = Select(self.cur.citizenship())\n        self.citizenship.select_by_index(2)\n        self.country_of_residence = Select(self.cur.countryofresidence())\n        self.country_of_residence.select_by_index(2)\n        self.residential_status = Select(self.cur.residentialstatus())\n        self.residential_status.select_by_index(1)\n        self.gender = Select(self.cur.gender())\n        self.gender.select_by_index(2)\n        self.mrg = Select(self.cur.maritalstatus())\n        self.mrg.select_by_index(2)\n        self.profession = Select(self.cur.profession())\n        self.profession.select_by_index(2)\n    \n        self.cur.btnnext()\n    \n        fh_number = &amp;quot;4BH&amp;quot;\n        hb_name = &amp;quot;Monlash&amp;quot;\n        stre = &amp;quot;Main road&amp;quot;\n        cit_dis = &amp;quot;Kochi&amp;quot;\n        emi_sta = &amp;quot;Kerala&amp;quot;\n        mob = &amp;quot;9505123743&amp;quot;\n        email = &amp;quot;finnesttechnology@zooker.com&amp;quot;\n    \n        self.ci.field_fh_num_required(fh_number)\n        self.ci.field_hb_name_required(hb_name)\n        self.ci.field_street_required(stre)\n        self.ci.field_city_dist_required(cit_dis)\n        self.ci.field_emin_dist(emi_sta)\n        # dropdowns\n        self.con = Select(self.ci.drp_country_required())\n        self.con.select_by_index(3)\n        self.mob = Select(self.ci.drp_mobile_required())\n        self.mob.select_by_index(69)\n        self.ci.field_mobile_required(mob)\n        self.ci.field_email_required(email)\n    \n        self.ci.btn_next()\n        self.id.btn_back_id()\n    \n    \n        fh_number = &amp;quot;Poll&amp;quot;\n        hb_name = &amp;quot;Build&amp;quot;\n        stre = &amp;quot;Dhalal&amp;quot;\n        cit_dis = &amp;quot;Mumbai&amp;quot;\n        emi_sta = &amp;quot;Bhai&amp;quot;\n        mob = &amp;quot;9866217380&amp;quot;\n        email = &amp;quot;fintech@gmail.com&amp;quot;\n    \n        self.ci.field_fh_num_required_val().clear()\n        self.ci.field_fh_num_required(fh_number)\n    \n        self.ci.field_hb_name_required_val().clear()\n        self.ci.field_hb_name_required(hb_name)\n    \n        self.ci.field_street_required_val().clear()\n        self.ci.field_street_required(stre)\n    \n        self.ci.field_city_dist_required_val().clear()\n        self.ci.field_city_dist_required(cit_dis)\n    \n        self.ci.field_emin_dist_val().clear()\n        self.ci.field_emin_dist(emi_sta)\n        # dropdowns\n        self.con = Select(self.ci.drp_country_required())\n        self.con.select_by_index(3)\n        self.mob = Select(self.ci.drp_mobile_required())\n        self.mob.select_by_index(69)\n        self.ci.field_mobile_required(mob)\n    \n        self.ci.field_email_required_val().clear()\n        self.ci.field_email_required(email)\n        #       Getting data from the dropdowns\n        self.coun = self.con.first_selected_option.text\n    \n        self.mobil = self.mob.first_selected_option\n        self.monil_pre = self.mobil.text\n    \n        fh_len_elem = self.ci.field_fh_num_required_val()\n        hb_len_elem = self.ci.field_hb_name_required_val()\n        stree_elem = self.ci.field_street_required_val()\n        ci_di_elem = self.ci.field_city_dist_required_val()\n        emin_elem = self.ci.field_emin_dist_val()\n        mob_elem = self.ci.field_mobile_required_val()\n        email_elem = self.ci.field_email_required_val()\n    \n        print(&amp;quot;Actual Data from the system&amp;quot;)\n        print(self.coun)\n        print(self.monil_pre)\n    \n        print(&amp;quot;getting data for contact info &amp;quot;)\n        #       Getting data from\n        self.coun = self.con.first_selected_option.text\n        print(&amp;quot;contry:&amp;quot;, self.coun)\n    \n        self.mobil = self.mob.first_selected_option\n        self.monil_pre = self.mobil.text\n        print(&amp;quot;monile:&amp;quot;, self.monil_pre)\n    \n        fh_val = fh_len_elem.get_attribute(&amp;#x27;value&amp;#x27;)\n        print(&amp;quot;fhvalue&amp;quot;, fh_val)\n    \n        hb_val = hb_len_elem.get_attribute(&amp;#x27;value&amp;#x27;)\n        print(&amp;quot;hbval:&amp;quot;, hb_val)\n    \n        stree_val = stree_elem.get_attribute(&amp;#x27;value&amp;#x27;)\n        print(&amp;quot;stree:&amp;quot;, stree_val)\n    \n        cidi_val = ci_di_elem.get_attribute(&amp;#x27;value&amp;#x27;)\n        print(&amp;quot;cidi_val:&amp;quot;, cidi_val)\n    \n        emin_val = emin_elem.get_attribute(&amp;#x27;value&amp;#x27;)\n        print(&amp;quot;emin_val:&amp;quot;, emin_val)\n    \n        mob_val = mob_elem.get_attribute(&amp;#x27;value&amp;#x27;)\n        print(&amp;quot;mob_val&amp;quot;, mob_val)\n    \n        email_val = email_elem.get_attribute(&amp;#x27;value&amp;#x27;)\n        print(&amp;quot;email_val:&amp;quot;, email_val)\n    \n        self.ci.btn_next()\n        self.id.drp_ci_pre()\n    \n    \n        print(&amp;quot; &amp;quot;)\n        print(&amp;quot;Data from the Preview&amp;quot;)\n        print(self.id.fh_pre())\n        print(self.id.hb_pre())\n        print(self.id.stre_pre())\n        print(self.id.cidi_pre())\n        print(self.id.emist_pre())\n        print(self.id.con_pre())\n        print(self.id.mob_pre())\n        print(self.id.email_pre())\n    \n        if fh_val == self.id.fh_pre():\n            assert True\n        else:\n            self.driver.save_screenshot(\n                screenShort.screen_short() + &amp;quot;CI_test_validation_modification_clear_page_fh.png&amp;quot;)\n            assert False\n    \n        if hb_val == self.id.hb_pre():\n            assert True\n        else:\n            self.driver.save_screenshot(\n                screenShort.screen_short() + &amp;quot;CI_test_validation_modification_clear_page_hb.png&amp;quot;)\n            assert False\n    \n        if stree_val == self.id.stre_pre():\n            assert True\n        else:\n            self.driver.save_screenshot(\n                screenShort.screen_short() + &amp;quot;CI_test_validation_modification_clear_page_stre.png&amp;quot;)\n            assert False\n    \n        if cidi_val == self.id.cidi_pre():\n            assert True\n        else:\n            self.driver.save_screenshot(\n                screenShort.screen_short() + &amp;quot;CI_test_validation_modification_clear_page_dis.png&amp;quot;)\n            assert False\n    \n        if emin_val == self.id.emist_pre():\n            assert True\n        else:\n            self.driver.save_screenshot(\n                screenShort.screen_short() + &amp;quot;CI_test_validation_modification_clear_page_sta.png&amp;quot;)\n            assert False\n    \n        # if mob == self.id.mob_pre():\n        #     assert True\n        # else:\n        #     self.driver.save_screenshot(\n        #         screenShort.screen_short() + &amp;quot;CI_test_validation_modification_page_mob.png&amp;quot;)\n        #     assert False\n    \n        if email_val == self.id.email_pre():\n            assert True\n        else:\n            self.driver.save_screenshot(\n                screenShort.screen_short() + &amp;quot;CI_test_validation_modification_clear_page_email.png&amp;quot;)\n&amp;gt;           assert False\nE           assert False\n\ncontact_information_test.py:2553: AssertionError\n\n---------------------------- Captured stdout setup -----------------------------\nLaunching Chrome browser.........\n\n----------------------------- Captured stdout call -----------------------------\nActual Data from the system\nAlgeria\nGLP\ngetting data for contact info \ncontry: Algeria\nmonile: GLP\nfhvalue Poll\nhbval: Build\nstree: Dhalal\ncidi_val: Mumbai\nemin_val: Bhai\nmob_val +590 9866217380\nemail_val: fintech@gmail.com\n \nData from the Preview\n4BH\nMonlash\nMain road\nMumbai\nBhai\nAlgeria\n+590 9866217380\nFintech@gmail.com\n&#34;}], &#34;Customer_Registration_Individual/contact_information_test.py::Test_Contact_Information::test_getting_fieldsize&#34;: [{&#34;extras&#34;: [], &#34;result&#34;: &#34;Passed&#34;, &#34;testId&#34;: &#34;Customer_Registration_Individual/contact_information_test.py::Test_Contact_Information::test_getting_fieldsize&#34;, &#34;duration&#34;: &#34;00:00:05&#34;, &#34;resultsTableRow&#34;: [&#34;&lt;td class=\&#34;col-result\&#34;&gt;Passed&lt;/td&gt;&#34;, &#34;&lt;td class=\&#34;col-testId\&#34;&gt;Customer_Registration_Individual/contact_information_test.py::Test_Contact_Information::test_getting_fieldsize&lt;/td&gt;&#34;, &#34;&lt;td class=\&#34;col-duration\&#34;&gt;00:00:05&lt;/td&gt;&#34;, &#34;&lt;td class=\&#34;col-links\&#34;&gt;&lt;/td&gt;&#34;], &#34;log&#34;: &#34;---------------------------- Captured stdout setup -----------------------------\nLaunching Chrome browser.........\n\n----------------------------- Captured stdout call -----------------------------\nfh_len_elem: {&amp;#x27;height&amp;#x27;: 58, &amp;#x27;width&amp;#x27;: 603}\nhb_len_elem: {&amp;#x27;height&amp;#x27;: 58, &amp;#x27;width&amp;#x27;: 603}\nstree_elem: {&amp;#x27;height&amp;#x27;: 58, &amp;#x27;width&amp;#x27;: 603}\nci_di_elem: {&amp;#x27;height&amp;#x27;: 58, &amp;#x27;width&amp;#x27;: 293}\nemin_elem: {&amp;#x27;height&amp;#x27;: 58, &amp;#x27;width&amp;#x27;: 293}\nmob_elem: {&amp;#x27;height&amp;#x27;: 26, &amp;#x27;width&amp;#x27;: 187}\nemail_elem: {&amp;#x27;height&amp;#x27;: 58, &amp;#x27;width&amp;#x27;: 603}\ncob: {&amp;#x27;height&amp;#x27;: 58, &amp;#x27;width&amp;#x27;: 293}\nmob: {&amp;#x27;height&amp;#x27;: 60, &amp;#x27;width&amp;#x27;: 74}\nfh_len_elem_non: {&amp;#x27;height&amp;#x27;: 58, &amp;#x27;width&amp;#x27;: 603}\nhb_len_elem_non: {&amp;#x27;height&amp;#x27;: 58, &amp;#x27;width&amp;#x27;: 603}\nstree_elem_non: {&amp;#x27;height&amp;#x27;: 58, &amp;#x27;width&amp;#x27;: 603}\nci_di_elem_non: {&amp;#x27;height&amp;#x27;: 58, &amp;#x27;width&amp;#x27;: 293}\nemin_elem_non: {&amp;#x27;height&amp;#x27;: 58, &amp;#x27;width&amp;#x27;: 293}\nvisanum_ele_non: {&amp;#x27;height&amp;#x27;: 58, &amp;#x27;width&amp;#x27;: 293}\nremarks_ele: {&amp;#x27;height&amp;#x27;: 58, &amp;#x27;width&amp;#x27;: 603}\nvisa_iss_ele: {&amp;#x27;height&amp;#x27;: 20, &amp;#x27;width&amp;#x27;: 267}\nvis_exp_ele: {&amp;#x27;height&amp;#x27;: 20, &amp;#x27;width&amp;#x27;: 267}\ncountry: {&amp;#x27;height&amp;#x27;: 58, &amp;#x27;width&amp;#x27;: 293}\nvisy_type: {&amp;#x27;height&amp;#x27;: 58, &amp;#x27;width&amp;#x27;: 293}\n&#34;}], &#34;Customer_Registration_Individual/contact_information_test.py::Test_Contact_Information::test_sending_data_havespaces&#34;: [{&#34;extras&#34;: [], &#34;result&#34;: &#34;Passed&#34;, &#34;testId&#34;: &#34;Customer_Registration_Individual/contact_information_test.py::Test_Contact_Information::test_sending_data_havespaces&#34;, &#34;duration&#34;: &#34;00:00:10&#34;, &#34;resultsTableRow&#34;: [&#34;&lt;td class=\&#34;col-result\&#34;&gt;Passed&lt;/td&gt;&#34;, &#34;&lt;td class=\&#34;col-testId\&#34;&gt;Customer_Registration_Individual/contact_information_test.py::Test_Contact_Information::test_sending_data_havespaces&lt;/td&gt;&#34;, &#34;&lt;td class=\&#34;col-duration\&#34;&gt;00:00:10&lt;/td&gt;&#34;, &#34;&lt;td class=\&#34;col-links\&#34;&gt;&lt;/td&gt;&#34;], &#34;log&#34;: &#34;---------------------------- Captured stdout setup -----------------------------\nLaunching Chrome browser.........\n&#34;}], &#34;Customer_Registration_Individual/contact_information_test.py::Test_Contact_Information::test_printing_text_drps&#34;: [{&#34;extras&#34;: [], &#34;result&#34;: &#34;Passed&#34;, &#34;testId&#34;: &#34;Customer_Registration_Individual/contact_information_test.py::Test_Contact_Information::test_printing_text_drps&#34;, &#34;duration&#34;: &#34;00:00:07&#34;, &#34;resultsTableRow&#34;: [&#34;&lt;td class=\&#34;col-result\&#34;&gt;Passed&lt;/td&gt;&#34;, &#34;&lt;td class=\&#34;col-testId\&#34;&gt;Customer_Registration_Individual/contact_information_test.py::Test_Contact_Information::test_printing_text_drps&lt;/td&gt;&#34;, &#34;&lt;td class=\&#34;col-duration\&#34;&gt;00:00:07&lt;/td&gt;&#34;, &#34;&lt;td class=\&#34;col-links\&#34;&gt;&lt;/td&gt;&#34;], &#34;log&#34;: &#34;---------------------------- Captured stdout setup -----------------------------\nLaunching Chrome browser.........\n\n----------------------------- Captured stdout call -----------------------------\nNumber of options in the dropdown: 191\nNumber of options in the dropdown: 207\n&#34;}], &#34;Customer_Registration_Individual/contact_information_test.py::Test_Contact_Information::test_sending_valid_data_nonres&#34;: [{&#34;extras&#34;: [], &#34;result&#34;: &#34;Passed&#34;, &#34;testId&#34;: &#34;Customer_Registration_Individual/contact_information_test.py::Test_Contact_Information::test_sending_valid_data_nonres&#34;, &#34;duration&#34;: &#34;00:00:10&#34;, &#34;resultsTableRow&#34;: [&#34;&lt;td class=\&#34;col-result\&#34;&gt;Passed&lt;/td&gt;&#34;, &#34;&lt;td class=\&#34;col-testId\&#34;&gt;Customer_Registration_Individual/contact_information_test.py::Test_Contact_Information::test_sending_valid_data_nonres&lt;/td&gt;&#34;, &#34;&lt;td class=\&#34;col-duration\&#34;&gt;00:00:10&lt;/td&gt;&#34;, &#34;&lt;td class=\&#34;col-links\&#34;&gt;&lt;/td&gt;&#34;], &#34;log&#34;: &#34;---------------------------- Captured stdout setup -----------------------------\nLaunching Chrome browser.........\n&#34;}], &#34;Customer_Registration_Individual/contact_information_test.py::Test_Contact_Information::test_sending_without_data_non_res&#34;: [{&#34;extras&#34;: [], &#34;result&#34;: &#34;Failed&#34;, &#34;testId&#34;: &#34;Customer_Registration_Individual/contact_information_test.py::Test_Contact_Information::test_sending_without_data_non_res&#34;, &#34;duration&#34;: &#34;00:00:12&#34;, &#34;resultsTableRow&#34;: [&#34;&lt;td class=\&#34;col-result\&#34;&gt;Failed&lt;/td&gt;&#34;, &#34;&lt;td class=\&#34;col-testId\&#34;&gt;Customer_Registration_Individual/contact_information_test.py::Test_Contact_Information::test_sending_without_data_non_res&lt;/td&gt;&#34;, &#34;&lt;td class=\&#34;col-duration\&#34;&gt;00:00:12&lt;/td&gt;&#34;, &#34;&lt;td class=\&#34;col-links\&#34;&gt;&lt;/td&gt;&#34;], &#34;log&#34;: &#34;self = &amp;lt;Dinero_automation.testCases.Customer_Registration_Individual.contact_information_test.Test_Contact_Information object at 0x7fbd1a5e3850&amp;gt;\nsetup = &amp;lt;selenium.webdriver.chrome.webdriver.WebDriver (session=&amp;quot;d7bc4ef350d765e19570ad509fddb6b1&amp;quot;)&amp;gt;\n\n    def test_sending_without_data_non_res(self, setup):\n        self.driver = setup\n        self.driver.get(self.url)\n        self.driver.maximize_window()\n        self.driver.implicitly_wait(30)\n        self.lp = LoginPage(self.driver)\n        self.lp.setUsername(self.uname)\n        self.lp.setPassword(self.upass)\n        # time.sleep(2)\n        self.lp.clickLogin()\n        # time.sleep(2)\n    \n        # click action for nav bar arrow\n        self.nav = Navigation_Page(self.driver)\n        self.nav.click_navbar()\n        # time.sleep(2)\n    \n        # click action for customer registration\n        self.nav.click_customer_registration()\n        # time.sleep(2)\n    \n        # assining the pageobjects\n        self.cur = Persomal_Information(self.driver)\n        self.ci = Contact_Information(self.driver)\n        self.id = Id_details(self.driver)\n    \n        # self.cu_status = Select(self.cur.customerStatusDropdown_not_required())\n        # self.cu_status.select_by_index(1)\n        # self.cur.idNoField_not_required(&amp;quot;7&amp;quot;)\n        # self.cur.dateofexpiry_not_required(12102024)\n        # self.cur.btnverify()\n        # time.sleep(2)\n    \n        # assign data in to the fields\n        fname = &amp;quot;QA&amp;quot;\n        mname = &amp;quot;Automation&amp;quot;\n        lname = &amp;quot;Tester&amp;quot;\n        arbname = &amp;quot;Khan&amp;quot;\n        shname = &amp;quot;QA Automation&amp;quot;\n        mainame = &amp;quot;Nayana&amp;quot;\n        dob = 30032000\n    \n        # perform personal information\n        self.drp = Select(self.cur.titleDropdown_required())\n        self.drp.select_by_index(1)\n        self.cur.firstNameField_required(fname)\n        self.cur.middleNameField_not_required(mname)\n        self.cur.lastNameField_required(lname)\n        self.cur.arabicNameFiels_required(arbname)\n        self.cur.shortNameField_not_required(shname)\n        self.cur.maidenNameFiels_not_required(mainame)\n    \n        # Select date of birth using the custom method\n        self.cur.dobpicker_required(dob)\n        # dropdowns\n        self.cob = Select(self.cur.cobDropdown_required())\n        self.cob.select_by_index(2)\n        self.nationality = Select(self.cur.nationality())\n        self.nationality.select_by_index(2)\n        self.citizenship = Select(self.cur.citizenship())\n        self.citizenship.select_by_index(2)\n        self.country_of_residence = Select(self.cur.countryofresidence())\n        self.country_of_residence.select_by_index(2)\n        self.residential_status = Select(self.cur.residentialstatus())\n        self.residential_status.select_by_index(2)\n        self.gender = Select(self.cur.gender())\n        self.gender.select_by_index(2)\n        self.mrg = Select(self.cur.maritalstatus())\n        self.mrg.select_by_index(2)\n        self.profession = Select(self.cur.profession())\n        self.profession.select_by_index(2)\n        time.sleep(2)\n    \n        self.cur.btnnext()\n    \n        self.ci.btn_next()\n        # For scrool down\n        SCROLL_PAUSE_TIME = 0.5\n    \n        # Get scroll height\n        last_height = self.driver.execute_script(&amp;quot;return document.body.scrollHeight&amp;quot;)\n    \n        while True:\n            # Scroll down to bottom\n            self.driver.execute_script(&amp;quot;window.scrollTo(0, document.body.scrollHeight);&amp;quot;)\n    \n            # Wait to load page\n            time.sleep(SCROLL_PAUSE_TIME)\n    \n            # Calculate new scroll height and compare with last scroll height\n            new_height = self.driver.execute_script(&amp;quot;return document.body.scrollHeight&amp;quot;)\n            if new_height == last_height:\n                break\n            last_height = new_height\n    \n        time.sleep(5)\n    \n        self.error = self.cur.errorMessage()\n    \n        if self.error == &amp;quot;Required&amp;quot;:\n&amp;gt;           assert False\nE           assert False\n\ncontact_information_test.py:3083: AssertionError\n\n---------------------------- Captured stdout setup -----------------------------\nLaunching Chrome browser.........\n&#34;}], &#34;Customer_Registration_Individual/contact_information_test.py::Test_Contact_Information::test_sending_special_char_non&#34;: [{&#34;extras&#34;: [], &#34;result&#34;: &#34;Passed&#34;, &#34;testId&#34;: &#34;Customer_Registration_Individual/contact_information_test.py::Test_Contact_Information::test_sending_special_char_non&#34;, &#34;duration&#34;: &#34;00:00:39&#34;, &#34;resultsTableRow&#34;: [&#34;&lt;td class=\&#34;col-result\&#34;&gt;Passed&lt;/td&gt;&#34;, &#34;&lt;td class=\&#34;col-testId\&#34;&gt;Customer_Registration_Individual/contact_information_test.py::Test_Contact_Information::test_sending_special_char_non&lt;/td&gt;&#34;, &#34;&lt;td class=\&#34;col-duration\&#34;&gt;00:00:39&lt;/td&gt;&#34;, &#34;&lt;td class=\&#34;col-links\&#34;&gt;&lt;/td&gt;&#34;], &#34;log&#34;: &#34;---------------------------- Captured stdout setup -----------------------------\nLaunching Chrome browser.........\n&#34;}], &#34;Customer_Registration_Individual/contact_information_test.py::Test_Contact_Information::test_sending_numbers_char_non&#34;: [{&#34;extras&#34;: [], &#34;result&#34;: &#34;Passed&#34;, &#34;testId&#34;: &#34;Customer_Registration_Individual/contact_information_test.py::Test_Contact_Information::test_sending_numbers_char_non&#34;, &#34;duration&#34;: &#34;00:00:39&#34;, &#34;resultsTableRow&#34;: [&#34;&lt;td class=\&#34;col-result\&#34;&gt;Passed&lt;/td&gt;&#34;, &#34;&lt;td class=\&#34;col-testId\&#34;&gt;Customer_Registration_Individual/contact_information_test.py::Test_Contact_Information::test_sending_numbers_char_non&lt;/td&gt;&#34;, &#34;&lt;td class=\&#34;col-duration\&#34;&gt;00:00:39&lt;/td&gt;&#34;, &#34;&lt;td class=\&#34;col-links\&#34;&gt;&lt;/td&gt;&#34;], &#34;log&#34;: &#34;---------------------------- Captured stdout setup -----------------------------\nLaunching Chrome browser.........\n&#34;}], &#34;Customer_Registration_Individual/contact_information_test.py::Test_Contact_Information::test_sending_char_non&#34;: [{&#34;extras&#34;: [], &#34;result&#34;: &#34;Failed&#34;, &#34;testId&#34;: &#34;Customer_Registration_Individual/contact_information_test.py::Test_Contact_Information::test_sending_char_non&#34;, &#34;duration&#34;: &#34;00:00:30&#34;, &#34;resultsTableRow&#34;: [&#34;&lt;td class=\&#34;col-result\&#34;&gt;Failed&lt;/td&gt;&#34;, &#34;&lt;td class=\&#34;col-testId\&#34;&gt;Customer_Registration_Individual/contact_information_test.py::Test_Contact_Information::test_sending_char_non&lt;/td&gt;&#34;, &#34;&lt;td class=\&#34;col-duration\&#34;&gt;00:00:30&lt;/td&gt;&#34;, &#34;&lt;td class=\&#34;col-links\&#34;&gt;&lt;/td&gt;&#34;], &#34;log&#34;: &#34;self = &amp;lt;Dinero_automation.testCases.Customer_Registration_Individual.contact_information_test.Test_Contact_Information object at 0x7fbd19971f10&amp;gt;\nsetup = &amp;lt;selenium.webdriver.chrome.webdriver.WebDriver (session=&amp;quot;dbca96d3580f2a1ba8a7d35b7a02d6b0&amp;quot;)&amp;gt;\n\n    def test_sending_char_non(self,setup):\n        self.driver = setup\n        self.driver.get(self.url)\n        self.driver.maximize_window()\n        self.driver.implicitly_wait(30)\n        self.lp = LoginPage(self.driver)\n        self.lp.setUsername(self.uname)\n        self.lp.setPassword(self.upass)\n        # time.sleep(2)\n        self.lp.clickLogin()\n        # time.sleep(2)\n    \n        # click action for nav bar arrow\n        self.nav = Navigation_Page(self.driver)\n        self.nav.click_navbar()\n        # time.sleep(2)\n    \n        # click action for customer registration\n        self.nav.click_customer_registration()\n        # time.sleep(2)\n    \n        # assining the pageobjects\n        self.cur = Persomal_Information(self.driver)\n        self.ci = Contact_Information(self.driver)\n        self.id = Id_details(self.driver)\n    \n        # self.cu_status = Select(self.cur.customerStatusDropdown_not_required())\n        # self.cu_status.select_by_index(1)\n        # self.cur.idNoField_not_required(&amp;quot;7&amp;quot;)\n        # self.cur.dateofexpiry_not_required(12102024)\n        # self.cur.btnverify()\n        # time.sleep(2)\n    \n        # assign data in to the fields\n        fname = &amp;quot;QA&amp;quot;\n        mname = &amp;quot;Automation&amp;quot;\n        lname = &amp;quot;Tester&amp;quot;\n        arbname = &amp;quot;Khan&amp;quot;\n        shname = &amp;quot;QA Automation&amp;quot;\n        mainame = &amp;quot;Nayana&amp;quot;\n        dob = 30032000\n    \n        # perform personal information\n        self.drp = Select(self.cur.titleDropdown_required())\n        self.drp.select_by_index(1)\n        self.cur.firstNameField_required(fname)\n        self.cur.middleNameField_not_required(mname)\n        self.cur.lastNameField_required(lname)\n        self.cur.arabicNameFiels_required(arbname)\n        self.cur.shortNameField_not_required(shname)\n        self.cur.maidenNameFiels_not_required(mainame)\n    \n        # Select date of birth using the custom method\n        self.cur.dobpicker_required(dob)\n        # dropdowns\n        self.cob = Select(self.cur.cobDropdown_required())\n        self.cob.select_by_index(2)\n        self.nationality = Select(self.cur.nationality())\n        self.nationality.select_by_index(2)\n        self.citizenship = Select(self.cur.citizenship())\n        self.citizenship.select_by_index(2)\n        self.country_of_residence = Select(self.cur.countryofresidence())\n        self.country_of_residence.select_by_index(2)\n        self.residential_status = Select(self.cur.residentialstatus())\n        self.residential_status.select_by_index(2)\n        self.gender = Select(self.cur.gender())\n        self.gender.select_by_index(2)\n        self.mrg = Select(self.cur.maritalstatus())\n        self.mrg.select_by_index(2)\n        self.profession = Select(self.cur.profession())\n        self.profession.select_by_index(2)\n    \n        self.cur.btnnext()\n    \n        fh_number = &amp;quot;abcdefghijk&amp;quot;\n        hb_name = &amp;quot;abcdefghijk&amp;quot;\n        stre = &amp;quot;abcdefghijk&amp;quot;\n        cit_dis = &amp;quot;abcdefghijk&amp;quot;\n        emi_sta = &amp;quot;abcdefghijk&amp;quot;\n        mob = &amp;quot;abcdefghijk&amp;quot;\n        email = &amp;quot;abcdefghijk&amp;quot;\n    \n        self.ci.field_fh_num_required(fh_number)\n        self.ci.field_hb_name_required(hb_name)\n        self.ci.field_street_required(stre)\n        self.ci.field_city_dist_required(cit_dis)\n        self.ci.field_emin_dist(emi_sta)\n        # dropdowns\n        self.con = Select(self.ci.drp_country_required())\n        self.con.select_by_visible_text(&amp;quot;India&amp;quot;)\n        self.mob = Select(self.ci.drp_mobile_required())\n        self.mob.select_by_index(69)\n        self.ci.field_mobile_required(mob)\n        self.ci.field_email_required(email)\n    \n        # Non resident\n        fh_number_non = &amp;quot;abcdefghijk&amp;quot;\n        hb_name_non = &amp;quot;abcdefghijk&amp;quot;\n        stre_non = &amp;quot;abcdefghijk&amp;quot;\n        cit_dis_non = &amp;quot;abcdefghijk&amp;quot;\n        emi_sta_non = &amp;quot;abcdefghijk&amp;quot;\n        visa_num_non = &amp;quot;abcdefghijk&amp;quot;\n        visa_issue_non = &amp;quot;04052004&amp;quot;\n        visa_exp_non = &amp;quot;04062014&amp;quot;\n        remarks = &amp;quot;abcdefghijk&amp;quot;\n    \n        self.ci.non_field_fh_num_required(fh_number_non)\n        self.ci.non_field_hb_name_required(hb_name_non)\n        self.ci.non_field_street_required(stre_non)\n        self.ci.non_field_city_dist_required(cit_dis_non)\n        self.ci.non_field_emin_dist(emi_sta_non)\n        self.non_coun = Select(self.ci.non_drp_country_required())\n        self.non_coun.select_by_index(6)\n        self.non_visa = Select(self.ci.non_residen_visa_type_drp())\n        self.non_visa.select_by_index(1)\n        self.ci.non_residen_visa_number(visa_num_non)\n        self.ci.non_residen_visa_issu_date(visa_issue_non)\n        self.ci.non_residen_visa_expair_date(visa_exp_non)\n        self.ci.remarks(remarks)\n    \n        self.ci.btn_next()\n        # For scrool down\n        SCROLL_PAUSE_TIME = 0.5\n    \n        # Get scroll height\n        last_height = self.driver.execute_script(&amp;quot;return document.body.scrollHeight&amp;quot;)\n    \n        while True:\n            # Scroll down to bottom\n            self.driver.execute_script(&amp;quot;window.scrollTo(0, document.body.scrollHeight);&amp;quot;)\n    \n            # Wait to load page\n            time.sleep(SCROLL_PAUSE_TIME)\n    \n            # Calculate new scroll height and compare with last scroll height\n            new_height = self.driver.execute_script(&amp;quot;return document.body.scrollHeight&amp;quot;)\n            if new_height == last_height:\n                break\n            last_height = new_height\n        self.error = self.cur.errorMessage()\n    \n        if self.error == &amp;quot;Required&amp;quot;:\n            assert False\n        else:\n&amp;gt;           self.driver.save_screenshot(\n                screenShort.screen_short() + &amp;quot;CI_test_sending_char_non.png&amp;quot;)\n\ncontact_information_test.py:3536: \n_ _ _ _ _ _ _ _ _ _ _ _ _ _ _ _ _ _ _ _ _ _ _ _ _ _ _ _ _ _ _ _ _ _ _ _ _ _ _ _ \n../../../../PycharmProjects/Dinero_API/.venv/lib/python3.11/site-packages/selenium/webdriver/remote/webdriver.py:829: in save_screenshot\n    return self.get_screenshot_as_file(filename)\n../../../../PycharmProjects/Dinero_API/.venv/lib/python3.11/site-packages/selenium/webdriver/remote/webdriver.py:805: in get_screenshot_as_file\n    png = self.get_screenshot_as_png()\n../../../../PycharmProjects/Dinero_API/.venv/lib/python3.11/site-packages/selenium/webdriver/remote/webdriver.py:839: in get_screenshot_as_png\n    return b64decode(self.get_screenshot_as_base64().encode(&amp;quot;ascii&amp;quot;))\n../../../../PycharmProjects/Dinero_API/.venv/lib/python3.11/site-packages/selenium/webdriver/remote/webdriver.py:850: in get_screenshot_as_base64\n    return self.execute(Command.SCREENSHOT)[&amp;quot;value&amp;quot;]\n../../../../PycharmProjects/Dinero_API/.venv/lib/python3.11/site-packages/selenium/webdriver/remote/webdriver.py:354: in execute\n    self.error_handler.check_response(response)\n_ _ _ _ _ _ _ _ _ _ _ _ _ _ _ _ _ _ _ _ _ _ _ _ _ _ _ _ _ _ _ _ _ _ _ _ _ _ _ _ \n\nself = &amp;lt;selenium.webdriver.remote.errorhandler.ErrorHandler object at 0x7fbd1a9da990&amp;gt;\nresponse = {&amp;#x27;status&amp;#x27;: 404, &amp;#x27;value&amp;#x27;: &amp;#x27;{&amp;quot;value&amp;quot;:{&amp;quot;error&amp;quot;:&amp;quot;no such window&amp;quot;,&amp;quot;message&amp;quot;:&amp;quot;no such window: target window already closed\\\\...\\\\n#14 0x561a4eb1f8a2 \\\\u003Cunknown&amp;gt;\\\\n#15 0x561a4eb2f6cc \\\\u003Cunknown&amp;gt;\\\\n#16 0x7f576fc19134 \\\\u003Cunknown&amp;gt;\\\\n&amp;quot;}}&amp;#x27;}\n\n    def check_response(self, response: Dict[str, Any]) -&amp;gt; None:\n        &amp;quot;&amp;quot;&amp;quot;Checks that a JSON response from the WebDriver does not have an\n        error.\n    \n        :Args:\n         - response - The JSON response from the WebDriver server as a dictionary\n           object.\n    \n        :Raises: If the response contains an error message.\n        &amp;quot;&amp;quot;&amp;quot;\n        status = response.get(&amp;quot;status&amp;quot;, None)\n        if not status or status == ErrorCode.SUCCESS:\n            return\n        value = None\n        message = response.get(&amp;quot;message&amp;quot;, &amp;quot;&amp;quot;)\n        screen: str = response.get(&amp;quot;screen&amp;quot;, &amp;quot;&amp;quot;)\n        stacktrace = None\n        if isinstance(status, int):\n            value_json = response.get(&amp;quot;value&amp;quot;, None)\n            if value_json and isinstance(value_json, str):\n                import json\n    \n                try:\n                    value = json.loads(value_json)\n                    if len(value) == 1:\n                        value = value[&amp;quot;value&amp;quot;]\n                    status = value.get(&amp;quot;error&amp;quot;, None)\n                    if not status:\n                        status = value.get(&amp;quot;status&amp;quot;, ErrorCode.UNKNOWN_ERROR)\n                        message = value.get(&amp;quot;value&amp;quot;) or value.get(&amp;quot;message&amp;quot;)\n                        if not isinstance(message, str):\n                            value = message\n                            message = message.get(&amp;quot;message&amp;quot;)\n                    else:\n                        message = value.get(&amp;quot;message&amp;quot;, None)\n                except ValueError:\n                    pass\n    \n        exception_class: Type[WebDriverException]\n        e = ErrorCode()\n        error_codes = [item for item in dir(e) if not item.startswith(&amp;quot;__&amp;quot;)]\n        for error_code in error_codes:\n            error_info = getattr(ErrorCode, error_code)\n            if isinstance(error_info, list) and status in error_info:\n                exception_class = getattr(ExceptionMapping, error_code, WebDriverException)\n                break\n        else:\n            exception_class = WebDriverException\n    \n        if not value:\n            value = response[&amp;quot;value&amp;quot;]\n        if isinstance(value, str):\n            raise exception_class(value)\n        if message == &amp;quot;&amp;quot; and &amp;quot;message&amp;quot; in value:\n            message = value[&amp;quot;message&amp;quot;]\n    \n        screen = None  # type: ignore[assignment]\n        if &amp;quot;screen&amp;quot; in value:\n            screen = value[&amp;quot;screen&amp;quot;]\n    \n        stacktrace = None\n        st_value = value.get(&amp;quot;stackTrace&amp;quot;) or value.get(&amp;quot;stacktrace&amp;quot;)\n        if st_value:\n            if isinstance(st_value, str):\n                stacktrace = st_value.split(&amp;quot;\\n&amp;quot;)\n            else:\n                stacktrace = []\n                try:\n                    for frame in st_value:\n                        line = frame.get(&amp;quot;lineNumber&amp;quot;, &amp;quot;&amp;quot;)\n                        file = frame.get(&amp;quot;fileName&amp;quot;, &amp;quot;&amp;lt;anonymous&amp;gt;&amp;quot;)\n                        if line:\n                            file = f&amp;quot;{file}:{line}&amp;quot;\n                        meth = frame.get(&amp;quot;methodName&amp;quot;, &amp;quot;&amp;lt;anonymous&amp;gt;&amp;quot;)\n                        if &amp;quot;className&amp;quot; in frame:\n                            meth = f&amp;quot;{frame[&amp;#x27;className&amp;#x27;]}.{meth}&amp;quot;\n                        msg = &amp;quot;    at %s (%s)&amp;quot;\n                        msg = msg % (meth, file)\n                        stacktrace.append(msg)\n                except TypeError:\n                    pass\n        if exception_class == UnexpectedAlertPresentException:\n            alert_text = None\n            if &amp;quot;data&amp;quot; in value:\n                alert_text = value[&amp;quot;data&amp;quot;].get(&amp;quot;text&amp;quot;)\n            elif &amp;quot;alert&amp;quot; in value:\n                alert_text = value[&amp;quot;alert&amp;quot;].get(&amp;quot;text&amp;quot;)\n            raise exception_class(message, screen, stacktrace, alert_text)  # type: ignore[call-arg]  # mypy is not smart enough here\n&amp;gt;       raise exception_class(message, screen, stacktrace)\nE       selenium.common.exceptions.NoSuchWindowException: Message: no such window: target window already closed\nE       from unknown error: web view not found\nE         (Session info: chrome=128.0.6613.84)\nE       Stacktrace:\nE       #0 0x561a4eb308da &amp;lt;unknown&amp;gt;\nE       #1 0x561a4e7fee50 &amp;lt;unknown&amp;gt;\nE       #2 0x561a4e7d468f &amp;lt;unknown&amp;gt;\nE       #3 0x561a4e87babd &amp;lt;unknown&amp;gt;\nE       #4 0x561a4e891279 &amp;lt;unknown&amp;gt;\nE       #5 0x561a4e873233 &amp;lt;unknown&amp;gt;\nE       #6 0x561a4e841093 &amp;lt;unknown&amp;gt;\nE       #7 0x561a4e84209e &amp;lt;unknown&amp;gt;\nE       #8 0x561a4eaf7b3b &amp;lt;unknown&amp;gt;\nE       #9 0x561a4eafbaf1 &amp;lt;unknown&amp;gt;\nE       #10 0x561a4eae3705 &amp;lt;unknown&amp;gt;\nE       #11 0x561a4eafc662 &amp;lt;unknown&amp;gt;\nE       #12 0x561a4eac88df &amp;lt;unknown&amp;gt;\nE       #13 0x561a4eb1f6d8 &amp;lt;unknown&amp;gt;\nE       #14 0x561a4eb1f8a2 &amp;lt;unknown&amp;gt;\nE       #15 0x561a4eb2f6cc &amp;lt;unknown&amp;gt;\nE       #16 0x7f576fc19134 &amp;lt;unknown&amp;gt;\n\n../../../../PycharmProjects/Dinero_API/.venv/lib/python3.11/site-packages/selenium/webdriver/remote/errorhandler.py:229: NoSuchWindowException\n\n---------------------------- Captured stdout setup -----------------------------\nLaunching Chrome browser.........\n&#34;}], &#34;Customer_Registration_Individual/contact_information_test.py::Test_Contact_Information::test_sending_speci_char_num_non&#34;: [{&#34;extras&#34;: [], &#34;result&#34;: &#34;Failed&#34;, &#34;testId&#34;: &#34;Customer_Registration_Individual/contact_information_test.py::Test_Contact_Information::test_sending_speci_char_num_non&#34;, &#34;duration&#34;: &#34;00:00:01&#34;, &#34;resultsTableRow&#34;: [&#34;&lt;td class=\&#34;col-result\&#34;&gt;Failed&lt;/td&gt;&#34;, &#34;&lt;td class=\&#34;col-testId\&#34;&gt;Customer_Registration_Individual/contact_information_test.py::Test_Contact_Information::test_sending_speci_char_num_non&lt;/td&gt;&#34;, &#34;&lt;td class=\&#34;col-duration\&#34;&gt;00:00:01&lt;/td&gt;&#34;, &#34;&lt;td class=\&#34;col-links\&#34;&gt;&lt;/td&gt;&#34;], &#34;log&#34;: &#34;self = &amp;lt;Dinero_automation.testCases.Customer_Registration_Individual.contact_information_test.Test_Contact_Information object at 0x7fbd1997c290&amp;gt;\nsetup = &amp;lt;selenium.webdriver.chrome.webdriver.WebDriver (session=&amp;quot;2c3537496733612eb23481c5053c576f&amp;quot;)&amp;gt;\n\n    def test_sending_speci_char_num_non(self, setup):\n        self.driver = setup\n        self.driver.get(self.url)\n        self.driver.maximize_window()\n        self.driver.implicitly_wait(30)\n        self.lp = LoginPage(self.driver)\n        self.lp.setUsername(self.uname)\n        self.lp.setPassword(self.upass)\n        # time.sleep(2)\n        self.lp.clickLogin()\n        # time.sleep(2)\n    \n        # click action for nav bar arrow\n        self.nav = Navigation_Page(self.driver)\n&amp;gt;       self.nav.click_navbar()\n\ncontact_information_test.py:3555: \n_ _ _ _ _ _ _ _ _ _ _ _ _ _ _ _ _ _ _ _ _ _ _ _ _ _ _ _ _ _ _ _ _ _ _ _ _ _ _ _ \n../../pageObjects/Navbar.py:20: in click_navbar\n    self.driver.find_element(By.XPATH, self.btn_nav_open_xpath).click()\n../../../../PycharmProjects/Dinero_API/.venv/lib/python3.11/site-packages/selenium/webdriver/remote/webdriver.py:748: in find_element\n    return self.execute(Command.FIND_ELEMENT, {&amp;quot;using&amp;quot;: by, &amp;quot;value&amp;quot;: value})[&amp;quot;value&amp;quot;]\n../../../../PycharmProjects/Dinero_API/.venv/lib/python3.11/site-packages/selenium/webdriver/remote/webdriver.py:354: in execute\n    self.error_handler.check_response(response)\n_ _ _ _ _ _ _ _ _ _ _ _ _ _ _ _ _ _ _ _ _ _ _ _ _ _ _ _ _ _ _ _ _ _ _ _ _ _ _ _ \n\nself = &amp;lt;selenium.webdriver.remote.errorhandler.ErrorHandler object at 0x7fbd19c3a210&amp;gt;\nresponse = {&amp;#x27;status&amp;#x27;: 404, &amp;#x27;value&amp;#x27;: &amp;#x27;{&amp;quot;value&amp;quot;:{&amp;quot;error&amp;quot;:&amp;quot;no such window&amp;quot;,&amp;quot;message&amp;quot;:&amp;quot;no such window: target window already closed\\\\...\\\\n#14 0x558215d768a2 \\\\u003Cunknown&amp;gt;\\\\n#15 0x558215d866cc \\\\u003Cunknown&amp;gt;\\\\n#16 0x7f1ca9ee1134 \\\\u003Cunknown&amp;gt;\\\\n&amp;quot;}}&amp;#x27;}\n\n    def check_response(self, response: Dict[str, Any]) -&amp;gt; None:\n        &amp;quot;&amp;quot;&amp;quot;Checks that a JSON response from the WebDriver does not have an\n        error.\n    \n        :Args:\n         - response - The JSON response from the WebDriver server as a dictionary\n           object.\n    \n        :Raises: If the response contains an error message.\n        &amp;quot;&amp;quot;&amp;quot;\n        status = response.get(&amp;quot;status&amp;quot;, None)\n        if not status or status == ErrorCode.SUCCESS:\n            return\n        value = None\n        message = response.get(&amp;quot;message&amp;quot;, &amp;quot;&amp;quot;)\n        screen: str = response.get(&amp;quot;screen&amp;quot;, &amp;quot;&amp;quot;)\n        stacktrace = None\n        if isinstance(status, int):\n            value_json = response.get(&amp;quot;value&amp;quot;, None)\n            if value_json and isinstance(value_json, str):\n                import json\n    \n                try:\n                    value = json.loads(value_json)\n                    if len(value) == 1:\n                        value = value[&amp;quot;value&amp;quot;]\n                    status = value.get(&amp;quot;error&amp;quot;, None)\n                    if not status:\n                        status = value.get(&amp;quot;status&amp;quot;, ErrorCode.UNKNOWN_ERROR)\n                        message = value.get(&amp;quot;value&amp;quot;) or value.get(&amp;quot;message&amp;quot;)\n                        if not isinstance(message, str):\n                            value = message\n                            message = message.get(&amp;quot;message&amp;quot;)\n                    else:\n                        message = value.get(&amp;quot;message&amp;quot;, None)\n                except ValueError:\n                    pass\n    \n        exception_class: Type[WebDriverException]\n        e = ErrorCode()\n        error_codes = [item for item in dir(e) if not item.startswith(&amp;quot;__&amp;quot;)]\n        for error_code in error_codes:\n            error_info = getattr(ErrorCode, error_code)\n            if isinstance(error_info, list) and status in error_info:\n                exception_class = getattr(ExceptionMapping, error_code, WebDriverException)\n                break\n        else:\n            exception_class = WebDriverException\n    \n        if not value:\n            value = response[&amp;quot;value&amp;quot;]\n        if isinstance(value, str):\n            raise exception_class(value)\n        if message == &amp;quot;&amp;quot; and &amp;quot;message&amp;quot; in value:\n            message = value[&amp;quot;message&amp;quot;]\n    \n        screen = None  # type: ignore[assignment]\n        if &amp;quot;screen&amp;quot; in value:\n            screen = value[&amp;quot;screen&amp;quot;]\n    \n        stacktrace = None\n        st_value = value.get(&amp;quot;stackTrace&amp;quot;) or value.get(&amp;quot;stacktrace&amp;quot;)\n        if st_value:\n            if isinstance(st_value, str):\n                stacktrace = st_value.split(&amp;quot;\\n&amp;quot;)\n            else:\n                stacktrace = []\n                try:\n                    for frame in st_value:\n                        line = frame.get(&amp;quot;lineNumber&amp;quot;, &amp;quot;&amp;quot;)\n                        file = frame.get(&amp;quot;fileName&amp;quot;, &amp;quot;&amp;lt;anonymous&amp;gt;&amp;quot;)\n                        if line:\n                            file = f&amp;quot;{file}:{line}&amp;quot;\n                        meth = frame.get(&amp;quot;methodName&amp;quot;, &amp;quot;&amp;lt;anonymous&amp;gt;&amp;quot;)\n                        if &amp;quot;className&amp;quot; in frame:\n                            meth = f&amp;quot;{frame[&amp;#x27;className&amp;#x27;]}.{meth}&amp;quot;\n                        msg = &amp;quot;    at %s (%s)&amp;quot;\n                        msg = msg % (meth, file)\n                        stacktrace.append(msg)\n                except TypeError:\n                    pass\n        if exception_class == UnexpectedAlertPresentException:\n            alert_text = None\n            if &amp;quot;data&amp;quot; in value:\n                alert_text = value[&amp;quot;data&amp;quot;].get(&amp;quot;text&amp;quot;)\n            elif &amp;quot;alert&amp;quot; in value:\n                alert_text = value[&amp;quot;alert&amp;quot;].get(&amp;quot;text&amp;quot;)\n            raise exception_class(message, screen, stacktrace, alert_text)  # type: ignore[call-arg]  # mypy is not smart enough here\n&amp;gt;       raise exception_class(message, screen, stacktrace)\nE       selenium.common.exceptions.NoSuchWindowException: Message: no such window: target window already closed\nE       from unknown error: web view not found\nE         (Session info: chrome=128.0.6613.84)\nE       Stacktrace:\nE       #0 0x558215d878da &amp;lt;unknown&amp;gt;\nE       #1 0x558215a55e50 &amp;lt;unknown&amp;gt;\nE       #2 0x558215a2b68f &amp;lt;unknown&amp;gt;\nE       #3 0x558215ad2abd &amp;lt;unknown&amp;gt;\nE       #4 0x558215ae8279 &amp;lt;unknown&amp;gt;\nE       #5 0x558215aca233 &amp;lt;unknown&amp;gt;\nE       #6 0x558215a98093 &amp;lt;unknown&amp;gt;\nE       #7 0x558215a9909e &amp;lt;unknown&amp;gt;\nE       #8 0x558215d4eb3b &amp;lt;unknown&amp;gt;\nE       #9 0x558215d52af1 &amp;lt;unknown&amp;gt;\nE       #10 0x558215d3a705 &amp;lt;unknown&amp;gt;\nE       #11 0x558215d53662 &amp;lt;unknown&amp;gt;\nE       #12 0x558215d1f8df &amp;lt;unknown&amp;gt;\nE       #13 0x558215d766d8 &amp;lt;unknown&amp;gt;\nE       #14 0x558215d768a2 &amp;lt;unknown&amp;gt;\nE       #15 0x558215d866cc &amp;lt;unknown&amp;gt;\nE       #16 0x7f1ca9ee1134 &amp;lt;unknown&amp;gt;\n\n../../../../PycharmProjects/Dinero_API/.venv/lib/python3.11/site-packages/selenium/webdriver/remote/errorhandler.py:229: NoSuchWindowException\n\n---------------------------- Captured stdout setup -----------------------------\nLaunching Chrome browser.........\n&#34;}], &#34;Customer_Registration_Individual/contact_information_test.py::Test_Contact_Information::test_sending_bulk_data_non&#34;: [{&#34;extras&#34;: [], &#34;result&#34;: &#34;Failed&#34;, &#34;testId&#34;: &#34;Customer_Registration_Individual/contact_information_test.py::Test_Contact_Information::test_sending_bulk_data_non&#34;, &#34;duration&#34;: &#34;00:00:02&#34;, &#34;resultsTableRow&#34;: [&#34;&lt;td class=\&#34;col-result\&#34;&gt;Failed&lt;/td&gt;&#34;, &#34;&lt;td class=\&#34;col-testId\&#34;&gt;Customer_Registration_Individual/contact_information_test.py::Test_Contact_Information::test_sending_bulk_data_non&lt;/td&gt;&#34;, &#34;&lt;td class=\&#34;col-duration\&#34;&gt;00:00:02&lt;/td&gt;&#34;, &#34;&lt;td class=\&#34;col-links\&#34;&gt;&lt;/td&gt;&#34;], &#34;log&#34;: &#34;self = &amp;lt;Dinero_automation.testCases.Customer_Registration_Individual.contact_information_test.Test_Contact_Information object at 0x7fbd1a5e3dd0&amp;gt;\nsetup = &amp;lt;selenium.webdriver.chrome.webdriver.WebDriver (session=&amp;quot;5f7ee7573804f2ed29b730851438aa4e&amp;quot;)&amp;gt;\n\n    def test_sending_bulk_data_non(self, setup):\n        self.driver = setup\n        self.driver.get(self.url)\n        self.driver.maximize_window()\n        self.driver.implicitly_wait(30)\n        self.lp = LoginPage(self.driver)\n        self.lp.setUsername(self.uname)\n        self.lp.setPassword(self.upass)\n        self.lp.clickLogin()\n    \n        # click action for nav bar arrow\n        self.nav = Navigation_Page(self.driver)\n        self.nav.click_navbar()\n    \n        # click action for customer registration\n        self.nav.click_customer_registration()\n    \n        # assigning the page objects\n        self.cur = Persomal_Information(self.driver)\n        self.ci = Contact_Information(self.driver)\n        self.id = Id_details(self.driver)\n    \n        # assign data into the fields\n        fname = &amp;quot;QA&amp;quot;\n        mname = &amp;quot;Automation&amp;quot;\n        lname = &amp;quot;Tester&amp;quot;\n        arbname = &amp;quot;Khan&amp;quot;\n        shname = &amp;quot;QA Automation&amp;quot;\n        mainame = &amp;quot;Nayana&amp;quot;\n        dob = 30032000\n    \n        # perform personal information\n&amp;gt;       self.drp = Select(self.cur.titleDropdown_required())\n\ncontact_information_test.py:3722: \n_ _ _ _ _ _ _ _ _ _ _ _ _ _ _ _ _ _ _ _ _ _ _ _ _ _ _ _ _ _ _ _ _ _ _ _ _ _ _ _ \n../../../../PycharmProjects/Dinero_API/.venv/lib/python3.11/site-packages/selenium/webdriver/support/select.py:41: in __init__\n    multi = self._el.get_dom_attribute(&amp;quot;multiple&amp;quot;)\n../../../../PycharmProjects/Dinero_API/.venv/lib/python3.11/site-packages/selenium/webdriver/remote/webelement.py:149: in get_dom_attribute\n    return self._execute(Command.GET_ELEMENT_ATTRIBUTE, {&amp;quot;name&amp;quot;: name})[&amp;quot;value&amp;quot;]\n../../../../PycharmProjects/Dinero_API/.venv/lib/python3.11/site-packages/selenium/webdriver/remote/webelement.py:395: in _execute\n    return self._parent.execute(command, params)\n../../../../PycharmProjects/Dinero_API/.venv/lib/python3.11/site-packages/selenium/webdriver/remote/webdriver.py:354: in execute\n    self.error_handler.check_response(response)\n_ _ _ _ _ _ _ _ _ _ _ _ _ _ _ _ _ _ _ _ _ _ _ _ _ _ _ _ _ _ _ _ _ _ _ _ _ _ _ _ \n\nself = &amp;lt;selenium.webdriver.remote.errorhandler.ErrorHandler object at 0x7fbd19668850&amp;gt;\nresponse = {&amp;#x27;status&amp;#x27;: 404, &amp;#x27;value&amp;#x27;: &amp;#x27;{&amp;quot;value&amp;quot;:{&amp;quot;error&amp;quot;:&amp;quot;target frame detached&amp;quot;,&amp;quot;message&amp;quot;:&amp;quot;target frame detached\\\\n  (failed to ch...\\\\n#17 0x5574e13c88a2 \\\\u003Cunknown&amp;gt;\\\\n#18 0x5574e13d86cc \\\\u003Cunknown&amp;gt;\\\\n#19 0x7f19888f1134 \\\\u003Cunknown&amp;gt;\\\\n&amp;quot;}}&amp;#x27;}\n\n    def check_response(self, response: Dict[str, Any]) -&amp;gt; None:\n        &amp;quot;&amp;quot;&amp;quot;Checks that a JSON response from the WebDriver does not have an\n        error.\n    \n        :Args:\n         - response - The JSON response from the WebDriver server as a dictionary\n           object.\n    \n        :Raises: If the response contains an error message.\n        &amp;quot;&amp;quot;&amp;quot;\n        status = response.get(&amp;quot;status&amp;quot;, None)\n        if not status or status == ErrorCode.SUCCESS:\n            return\n        value = None\n        message = response.get(&amp;quot;message&amp;quot;, &amp;quot;&amp;quot;)\n        screen: str = response.get(&amp;quot;screen&amp;quot;, &amp;quot;&amp;quot;)\n        stacktrace = None\n        if isinstance(status, int):\n            value_json = response.get(&amp;quot;value&amp;quot;, None)\n            if value_json and isinstance(value_json, str):\n                import json\n    \n                try:\n                    value = json.loads(value_json)\n                    if len(value) == 1:\n                        value = value[&amp;quot;value&amp;quot;]\n                    status = value.get(&amp;quot;error&amp;quot;, None)\n                    if not status:\n                        status = value.get(&amp;quot;status&amp;quot;, ErrorCode.UNKNOWN_ERROR)\n                        message = value.get(&amp;quot;value&amp;quot;) or value.get(&amp;quot;message&amp;quot;)\n                        if not isinstance(message, str):\n                            value = message\n                            message = message.get(&amp;quot;message&amp;quot;)\n                    else:\n                        message = value.get(&amp;quot;message&amp;quot;, None)\n                except ValueError:\n                    pass\n    \n        exception_class: Type[WebDriverException]\n        e = ErrorCode()\n        error_codes = [item for item in dir(e) if not item.startswith(&amp;quot;__&amp;quot;)]\n        for error_code in error_codes:\n            error_info = getattr(ErrorCode, error_code)\n            if isinstance(error_info, list) and status in error_info:\n                exception_class = getattr(ExceptionMapping, error_code, WebDriverException)\n                break\n        else:\n            exception_class = WebDriverException\n    \n        if not value:\n            value = response[&amp;quot;value&amp;quot;]\n        if isinstance(value, str):\n            raise exception_class(value)\n        if message == &amp;quot;&amp;quot; and &amp;quot;message&amp;quot; in value:\n            message = value[&amp;quot;message&amp;quot;]\n    \n        screen = None  # type: ignore[assignment]\n        if &amp;quot;screen&amp;quot; in value:\n            screen = value[&amp;quot;screen&amp;quot;]\n    \n        stacktrace = None\n        st_value = value.get(&amp;quot;stackTrace&amp;quot;) or value.get(&amp;quot;stacktrace&amp;quot;)\n        if st_value:\n            if isinstance(st_value, str):\n                stacktrace = st_value.split(&amp;quot;\\n&amp;quot;)\n            else:\n                stacktrace = []\n                try:\n                    for frame in st_value:\n                        line = frame.get(&amp;quot;lineNumber&amp;quot;, &amp;quot;&amp;quot;)\n                        file = frame.get(&amp;quot;fileName&amp;quot;, &amp;quot;&amp;lt;anonymous&amp;gt;&amp;quot;)\n                        if line:\n                            file = f&amp;quot;{file}:{line}&amp;quot;\n                        meth = frame.get(&amp;quot;methodName&amp;quot;, &amp;quot;&amp;lt;anonymous&amp;gt;&amp;quot;)\n                        if &amp;quot;className&amp;quot; in frame:\n                            meth = f&amp;quot;{frame[&amp;#x27;className&amp;#x27;]}.{meth}&amp;quot;\n                        msg = &amp;quot;    at %s (%s)&amp;quot;\n                        msg = msg % (meth, file)\n                        stacktrace.append(msg)\n                except TypeError:\n                    pass\n        if exception_class == UnexpectedAlertPresentException:\n            alert_text = None\n            if &amp;quot;data&amp;quot; in value:\n                alert_text = value[&amp;quot;data&amp;quot;].get(&amp;quot;text&amp;quot;)\n            elif &amp;quot;alert&amp;quot; in value:\n                alert_text = value[&amp;quot;alert&amp;quot;].get(&amp;quot;text&amp;quot;)\n            raise exception_class(message, screen, stacktrace, alert_text)  # type: ignore[call-arg]  # mypy is not smart enough here\n&amp;gt;       raise exception_class(message, screen, stacktrace)\nE       selenium.common.exceptions.WebDriverException: Message: target frame detached\nE         (failed to check if window was closed: disconnected: Unable to receive message from renderer)\nE         (Session info: chrome=128.0.6613.84)\nE       Stacktrace:\nE       #0 0x5574e13d98da &amp;lt;unknown&amp;gt;\nE       #1 0x5574e10a7c91 &amp;lt;unknown&amp;gt;\nE       #2 0x5574e108fabd &amp;lt;unknown&amp;gt;\nE       #3 0x5574e108db11 &amp;lt;unknown&amp;gt;\nE       #4 0x5574e108e31f &amp;lt;unknown&amp;gt;\nE       #5 0x5574e109de3b &amp;lt;unknown&amp;gt;\nE       #6 0x5574e10b45e5 &amp;lt;unknown&amp;gt;\nE       #7 0x5574e113a77d &amp;lt;unknown&amp;gt;\nE       #8 0x5574e111c233 &amp;lt;unknown&amp;gt;\nE       #9 0x5574e10ea093 &amp;lt;unknown&amp;gt;\nE       #10 0x5574e10eb09e &amp;lt;unknown&amp;gt;\nE       #11 0x5574e13a0b3b &amp;lt;unknown&amp;gt;\nE       #12 0x5574e13a4af1 &amp;lt;unknown&amp;gt;\nE       #13 0x5574e138c705 &amp;lt;unknown&amp;gt;\nE       #14 0x5574e13a5662 &amp;lt;unknown&amp;gt;\nE       #15 0x5574e13718df &amp;lt;unknown&amp;gt;\nE       #16 0x5574e13c86d8 &amp;lt;unknown&amp;gt;\nE       #17 0x5574e13c88a2 &amp;lt;unknown&amp;gt;\nE       #18 0x5574e13d86cc &amp;lt;unknown&amp;gt;\nE       #19 0x7f19888f1134 &amp;lt;unknown&amp;gt;\n\n../../../../PycharmProjects/Dinero_API/.venv/lib/python3.11/site-packages/selenium/webdriver/remote/errorhandler.py:229: WebDriverException\n\n---------------------------- Captured stdout setup -----------------------------\nLaunching Chrome browser.........\n&#34;}], &#34;Customer_Registration_Individual/contact_information_test.py::Test_Contact_Information::test_sending_required_fields_non&#34;: [{&#34;extras&#34;: [], &#34;result&#34;: &#34;Failed&#34;, &#34;testId&#34;: &#34;Customer_Registration_Individual/contact_information_test.py::Test_Contact_Information::test_sending_required_fields_non&#34;, &#34;duration&#34;: &#34;00:00:02&#34;, &#34;resultsTableRow&#34;: [&#34;&lt;td class=\&#34;col-result\&#34;&gt;Failed&lt;/td&gt;&#34;, &#34;&lt;td class=\&#34;col-testId\&#34;&gt;Customer_Registration_Individual/contact_information_test.py::Test_Contact_Information::test_sending_required_fields_non&lt;/td&gt;&#34;, &#34;&lt;td class=\&#34;col-duration\&#34;&gt;00:00:02&lt;/td&gt;&#34;, &#34;&lt;td class=\&#34;col-links\&#34;&gt;&lt;/td&gt;&#34;], &#34;log&#34;: &#34;self = &amp;lt;Dinero_automation.testCases.Customer_Registration_Individual.contact_information_test.Test_Contact_Information object at 0x7fbd1a5e2d50&amp;gt;\nsetup = &amp;lt;selenium.webdriver.chrome.webdriver.WebDriver (session=&amp;quot;f76f6beac60069e14a8958b8308fe8f0&amp;quot;)&amp;gt;\n\n    def test_sending_required_fields_non(self, setup):\n        self.driver = setup\n        self.driver.get(self.url)\n        self.driver.maximize_window()\n        self.driver.implicitly_wait(30)\n        self.lp = LoginPage(self.driver)\n        self.lp.setUsername(self.uname)\n        self.lp.setPassword(self.upass)\n        # time.sleep(2)\n        self.lp.clickLogin()\n        # time.sleep(2)\n    \n        # click action for nav bar arrow\n        self.nav = Navigation_Page(self.driver)\n        self.nav.click_navbar()\n        # time.sleep(2)\n    \n        # click action for customer registration\n        self.nav.click_customer_registration()\n        # time.sleep(2)\n    \n        # assining the pageobjects\n        self.cur = Persomal_Information(self.driver)\n        self.ci = Contact_Information(self.driver)\n        self.id = Id_details(self.driver)\n    \n        # self.cu_status = Select(self.cur.customerStatusDropdown_not_required())\n        # self.cu_status.select_by_index(1)\n        # self.cur.idNoField_not_required(&amp;quot;7&amp;quot;)\n        # self.cur.dateofexpiry_not_required(12102024)\n        # self.cur.btnverify()\n        # time.sleep(2)\n    \n        # assign data in to the fields\n        fname = &amp;quot;QA&amp;quot;\n        mname = &amp;quot;Automation&amp;quot;\n        lname = &amp;quot;Tester&amp;quot;\n        arbname = &amp;quot;Khan&amp;quot;\n        shname = &amp;quot;QA Automation&amp;quot;\n        mainame = &amp;quot;Nayana&amp;quot;\n        dob = 30032000\n    \n        # perform personal information\n&amp;gt;       self.drp = Select(self.cur.titleDropdown_required())\n\ncontact_information_test.py:3855: \n_ _ _ _ _ _ _ _ _ _ _ _ _ _ _ _ _ _ _ _ _ _ _ _ _ _ _ _ _ _ _ _ _ _ _ _ _ _ _ _ \n../../pageObjects/Customer_Registration.py:63: in titleDropdown_required\n    return self.driver.find_element(By.ID,self.drp_title_req_id)\n../../../../PycharmProjects/Dinero_API/.venv/lib/python3.11/site-packages/selenium/webdriver/remote/webdriver.py:748: in find_element\n    return self.execute(Command.FIND_ELEMENT, {&amp;quot;using&amp;quot;: by, &amp;quot;value&amp;quot;: value})[&amp;quot;value&amp;quot;]\n../../../../PycharmProjects/Dinero_API/.venv/lib/python3.11/site-packages/selenium/webdriver/remote/webdriver.py:354: in execute\n    self.error_handler.check_response(response)\n_ _ _ _ _ _ _ _ _ _ _ _ _ _ _ _ _ _ _ _ _ _ _ _ _ _ _ _ _ _ _ _ _ _ _ _ _ _ _ _ \n\nself = &amp;lt;selenium.webdriver.remote.errorhandler.ErrorHandler object at 0x7fbd19884f50&amp;gt;\nresponse = {&amp;#x27;status&amp;#x27;: 404, &amp;#x27;value&amp;#x27;: &amp;#x27;{&amp;quot;value&amp;quot;:{&amp;quot;error&amp;quot;:&amp;quot;no such window&amp;quot;,&amp;quot;message&amp;quot;:&amp;quot;no such window: target window already closed\\\\...\\\\n#14 0x560a99a7a8a2 \\\\u003Cunknown&amp;gt;\\\\n#15 0x560a99a8a6cc \\\\u003Cunknown&amp;gt;\\\\n#16 0x7f883d819134 \\\\u003Cunknown&amp;gt;\\\\n&amp;quot;}}&amp;#x27;}\n\n    def check_response(self, response: Dict[str, Any]) -&amp;gt; None:\n        &amp;quot;&amp;quot;&amp;quot;Checks that a JSON response from the WebDriver does not have an\n        error.\n    \n        :Args:\n         - response - The JSON response from the WebDriver server as a dictionary\n           object.\n    \n        :Raises: If the response contains an error message.\n        &amp;quot;&amp;quot;&amp;quot;\n        status = response.get(&amp;quot;status&amp;quot;, None)\n        if not status or status == ErrorCode.SUCCESS:\n            return\n        value = None\n        message = response.get(&amp;quot;message&amp;quot;, &amp;quot;&amp;quot;)\n        screen: str = response.get(&amp;quot;screen&amp;quot;, &amp;quot;&amp;quot;)\n        stacktrace = None\n        if isinstance(status, int):\n            value_json = response.get(&amp;quot;value&amp;quot;, None)\n            if value_json and isinstance(value_json, str):\n                import json\n    \n                try:\n                    value = json.loads(value_json)\n                    if len(value) == 1:\n                        value = value[&amp;quot;value&amp;quot;]\n                    status = value.get(&amp;quot;error&amp;quot;, None)\n                    if not status:\n                        status = value.get(&amp;quot;status&amp;quot;, ErrorCode.UNKNOWN_ERROR)\n                        message = value.get(&amp;quot;value&amp;quot;) or value.get(&amp;quot;message&amp;quot;)\n                        if not isinstance(message, str):\n                            value = message\n                            message = message.get(&amp;quot;message&amp;quot;)\n                    else:\n                        message = value.get(&amp;quot;message&amp;quot;, None)\n                except ValueError:\n                    pass\n    \n        exception_class: Type[WebDriverException]\n        e = ErrorCode()\n        error_codes = [item for item in dir(e) if not item.startswith(&amp;quot;__&amp;quot;)]\n        for error_code in error_codes:\n            error_info = getattr(ErrorCode, error_code)\n            if isinstance(error_info, list) and status in error_info:\n                exception_class = getattr(ExceptionMapping, error_code, WebDriverException)\n                break\n        else:\n            exception_class = WebDriverException\n    \n        if not value:\n            value = response[&amp;quot;value&amp;quot;]\n        if isinstance(value, str):\n            raise exception_class(value)\n        if message == &amp;quot;&amp;quot; and &amp;quot;message&amp;quot; in value:\n            message = value[&amp;quot;message&amp;quot;]\n    \n        screen = None  # type: ignore[assignment]\n        if &amp;quot;screen&amp;quot; in value:\n            screen = value[&amp;quot;screen&amp;quot;]\n    \n        stacktrace = None\n        st_value = value.get(&amp;quot;stackTrace&amp;quot;) or value.get(&amp;quot;stacktrace&amp;quot;)\n        if st_value:\n            if isinstance(st_value, str):\n                stacktrace = st_value.split(&amp;quot;\\n&amp;quot;)\n            else:\n                stacktrace = []\n                try:\n                    for frame in st_value:\n                        line = frame.get(&amp;quot;lineNumber&amp;quot;, &amp;quot;&amp;quot;)\n                        file = frame.get(&amp;quot;fileName&amp;quot;, &amp;quot;&amp;lt;anonymous&amp;gt;&amp;quot;)\n                        if line:\n                            file = f&amp;quot;{file}:{line}&amp;quot;\n                        meth = frame.get(&amp;quot;methodName&amp;quot;, &amp;quot;&amp;lt;anonymous&amp;gt;&amp;quot;)\n                        if &amp;quot;className&amp;quot; in frame:\n                            meth = f&amp;quot;{frame[&amp;#x27;className&amp;#x27;]}.{meth}&amp;quot;\n                        msg = &amp;quot;    at %s (%s)&amp;quot;\n                        msg = msg % (meth, file)\n                        stacktrace.append(msg)\n                except TypeError:\n                    pass\n        if exception_class == UnexpectedAlertPresentException:\n            alert_text = None\n            if &amp;quot;data&amp;quot; in value:\n                alert_text = value[&amp;quot;data&amp;quot;].get(&amp;quot;text&amp;quot;)\n            elif &amp;quot;alert&amp;quot; in value:\n                alert_text = value[&amp;quot;alert&amp;quot;].get(&amp;quot;text&amp;quot;)\n            raise exception_class(message, screen, stacktrace, alert_text)  # type: ignore[call-arg]  # mypy is not smart enough here\n&amp;gt;       raise exception_class(message, screen, stacktrace)\nE       selenium.common.exceptions.NoSuchWindowException: Message: no such window: target window already closed\nE       from unknown error: web view not found\nE         (Session info: chrome=128.0.6613.84)\nE       Stacktrace:\nE       #0 0x560a99a8b8da &amp;lt;unknown&amp;gt;\nE       #1 0x560a99759e50 &amp;lt;unknown&amp;gt;\nE       #2 0x560a9972f68f &amp;lt;unknown&amp;gt;\nE       #3 0x560a997d6abd &amp;lt;unknown&amp;gt;\nE       #4 0x560a997ec279 &amp;lt;unknown&amp;gt;\nE       #5 0x560a997ce233 &amp;lt;unknown&amp;gt;\nE       #6 0x560a9979c093 &amp;lt;unknown&amp;gt;\nE       #7 0x560a9979d09e &amp;lt;unknown&amp;gt;\nE       #8 0x560a99a52b3b &amp;lt;unknown&amp;gt;\nE       #9 0x560a99a56af1 &amp;lt;unknown&amp;gt;\nE       #10 0x560a99a3e705 &amp;lt;unknown&amp;gt;\nE       #11 0x560a99a57662 &amp;lt;unknown&amp;gt;\nE       #12 0x560a99a238df &amp;lt;unknown&amp;gt;\nE       #13 0x560a99a7a6d8 &amp;lt;unknown&amp;gt;\nE       #14 0x560a99a7a8a2 &amp;lt;unknown&amp;gt;\nE       #15 0x560a99a8a6cc &amp;lt;unknown&amp;gt;\nE       #16 0x7f883d819134 &amp;lt;unknown&amp;gt;\n\n../../../../PycharmProjects/Dinero_API/.venv/lib/python3.11/site-packages/selenium/webdriver/remote/errorhandler.py:229: NoSuchWindowException\n\n---------------------------- Captured stdout setup -----------------------------\nLaunching Chrome browser.........\n&#34;}], &#34;Customer_Registration_Individual/contact_information_test.py::Test_Contact_Information::test_sending_not_required_fields_non&#34;: [{&#34;extras&#34;: [], &#34;result&#34;: &#34;Failed&#34;, &#34;testId&#34;: &#34;Customer_Registration_Individual/contact_information_test.py::Test_Contact_Information::test_sending_not_required_fields_non&#34;, &#34;duration&#34;: &#34;00:00:02&#34;, &#34;resultsTableRow&#34;: [&#34;&lt;td class=\&#34;col-result\&#34;&gt;Failed&lt;/td&gt;&#34;, &#34;&lt;td class=\&#34;col-testId\&#34;&gt;Customer_Registration_Individual/contact_information_test.py::Test_Contact_Information::test_sending_not_required_fields_non&lt;/td&gt;&#34;, &#34;&lt;td class=\&#34;col-duration\&#34;&gt;00:00:02&lt;/td&gt;&#34;, &#34;&lt;td class=\&#34;col-links\&#34;&gt;&lt;/td&gt;&#34;], &#34;log&#34;: &#34;self = &amp;lt;Dinero_automation.testCases.Customer_Registration_Individual.contact_information_test.Test_Contact_Information object at 0x7fbd1a5e3110&amp;gt;\nsetup = &amp;lt;selenium.webdriver.chrome.webdriver.WebDriver (session=&amp;quot;06bb39bb6e004b451cab467b57ce6386&amp;quot;)&amp;gt;\n\n    def test_sending_not_required_fields_non(self, setup):\n        self.driver = setup\n        self.driver.get(self.url)\n        self.driver.maximize_window()\n        self.driver.implicitly_wait(30)\n        self.lp = LoginPage(self.driver)\n        self.lp.setUsername(self.uname)\n        self.lp.setPassword(self.upass)\n        # time.sleep(2)\n        self.lp.clickLogin()\n        # time.sleep(2)\n    \n        # click action for nav bar arrow\n        self.nav = Navigation_Page(self.driver)\n        self.nav.click_navbar()\n        # time.sleep(2)\n    \n        # click action for customer registration\n        self.nav.click_customer_registration()\n        # time.sleep(2)\n    \n        # assining the pageobjects\n        self.cur = Persomal_Information(self.driver)\n        self.ci = Contact_Information(self.driver)\n        self.id = Id_details(self.driver)\n    \n        # self.cu_status = Select(self.cur.customerStatusDropdown_not_required())\n        # self.cu_status.select_by_index(1)\n        # self.cur.idNoField_not_required(&amp;quot;7&amp;quot;)\n        # self.cur.dateofexpiry_not_required(12102024)\n        # self.cur.btnverify()\n        # time.sleep(2)\n    \n        # assign data in to the fields\n        fname = &amp;quot;QA&amp;quot;\n        mname = &amp;quot;Automation&amp;quot;\n        lname = &amp;quot;Tester&amp;quot;\n        arbname = &amp;quot;Khan&amp;quot;\n        shname = &amp;quot;QA Automation&amp;quot;\n        mainame = &amp;quot;Nayana&amp;quot;\n        dob = 30032000\n    \n        # perform personal information\n        self.drp = Select(self.cur.titleDropdown_required())\n        self.drp.select_by_index(1)\n&amp;gt;       self.cur.firstNameField_required(fname)\n\ncontact_information_test.py:3994: \n_ _ _ _ _ _ _ _ _ _ _ _ _ _ _ _ _ _ _ _ _ _ _ _ _ _ _ _ _ _ _ _ _ _ _ _ _ _ _ _ \n../../pageObjects/Customer_Registration.py:67: in firstNameField_required\n    first.send_keys(first_name)\n../../../../PycharmProjects/Dinero_API/.venv/lib/python3.11/site-packages/selenium/webdriver/remote/webelement.py:231: in send_keys\n    self._execute(\n../../../../PycharmProjects/Dinero_API/.venv/lib/python3.11/site-packages/selenium/webdriver/remote/webelement.py:395: in _execute\n    return self._parent.execute(command, params)\n../../../../PycharmProjects/Dinero_API/.venv/lib/python3.11/site-packages/selenium/webdriver/remote/webdriver.py:354: in execute\n    self.error_handler.check_response(response)\n_ _ _ _ _ _ _ _ _ _ _ _ _ _ _ _ _ _ _ _ _ _ _ _ _ _ _ _ _ _ _ _ _ _ _ _ _ _ _ _ \n\nself = &amp;lt;selenium.webdriver.remote.errorhandler.ErrorHandler object at 0x7fbd19b0c5d0&amp;gt;\nresponse = {&amp;#x27;status&amp;#x27;: 404, &amp;#x27;value&amp;#x27;: &amp;#x27;{&amp;quot;value&amp;quot;:{&amp;quot;error&amp;quot;:&amp;quot;target frame detached&amp;quot;,&amp;quot;message&amp;quot;:&amp;quot;target frame detached\\\\n  (failed to ch...\\\\n#17 0x55da180038a2 \\\\u003Cunknown&amp;gt;\\\\n#18 0x55da180136cc \\\\u003Cunknown&amp;gt;\\\\n#19 0x7f44d8b2f134 \\\\u003Cunknown&amp;gt;\\\\n&amp;quot;}}&amp;#x27;}\n\n    def check_response(self, response: Dict[str, Any]) -&amp;gt; None:\n        &amp;quot;&amp;quot;&amp;quot;Checks that a JSON response from the WebDriver does not have an\n        error.\n    \n        :Args:\n         - response - The JSON response from the WebDriver server as a dictionary\n           object.\n    \n        :Raises: If the response contains an error message.\n        &amp;quot;&amp;quot;&amp;quot;\n        status = response.get(&amp;quot;status&amp;quot;, None)\n        if not status or status == ErrorCode.SUCCESS:\n            return\n        value = None\n        message = response.get(&amp;quot;message&amp;quot;, &amp;quot;&amp;quot;)\n        screen: str = response.get(&amp;quot;screen&amp;quot;, &amp;quot;&amp;quot;)\n        stacktrace = None\n        if isinstance(status, int):\n            value_json = response.get(&amp;quot;value&amp;quot;, None)\n            if value_json and isinstance(value_json, str):\n                import json\n    \n                try:\n                    value = json.loads(value_json)\n                    if len(value) == 1:\n                        value = value[&amp;quot;value&amp;quot;]\n                    status = value.get(&amp;quot;error&amp;quot;, None)\n                    if not status:\n                        status = value.get(&amp;quot;status&amp;quot;, ErrorCode.UNKNOWN_ERROR)\n                        message = value.get(&amp;quot;value&amp;quot;) or value.get(&amp;quot;message&amp;quot;)\n                        if not isinstance(message, str):\n                            value = message\n                            message = message.get(&amp;quot;message&amp;quot;)\n                    else:\n                        message = value.get(&amp;quot;message&amp;quot;, None)\n                except ValueError:\n                    pass\n    \n        exception_class: Type[WebDriverException]\n        e = ErrorCode()\n        error_codes = [item for item in dir(e) if not item.startswith(&amp;quot;__&amp;quot;)]\n        for error_code in error_codes:\n            error_info = getattr(ErrorCode, error_code)\n            if isinstance(error_info, list) and status in error_info:\n                exception_class = getattr(ExceptionMapping, error_code, WebDriverException)\n                break\n        else:\n            exception_class = WebDriverException\n    \n        if not value:\n            value = response[&amp;quot;value&amp;quot;]\n        if isinstance(value, str):\n            raise exception_class(value)\n        if message == &amp;quot;&amp;quot; and &amp;quot;message&amp;quot; in value:\n            message = value[&amp;quot;message&amp;quot;]\n    \n        screen = None  # type: ignore[assignment]\n        if &amp;quot;screen&amp;quot; in value:\n            screen = value[&amp;quot;screen&amp;quot;]\n    \n        stacktrace = None\n        st_value = value.get(&amp;quot;stackTrace&amp;quot;) or value.get(&amp;quot;stacktrace&amp;quot;)\n        if st_value:\n            if isinstance(st_value, str):\n                stacktrace = st_value.split(&amp;quot;\\n&amp;quot;)\n            else:\n                stacktrace = []\n                try:\n                    for frame in st_value:\n                        line = frame.get(&amp;quot;lineNumber&amp;quot;, &amp;quot;&amp;quot;)\n                        file = frame.get(&amp;quot;fileName&amp;quot;, &amp;quot;&amp;lt;anonymous&amp;gt;&amp;quot;)\n                        if line:\n                            file = f&amp;quot;{file}:{line}&amp;quot;\n                        meth = frame.get(&amp;quot;methodName&amp;quot;, &amp;quot;&amp;lt;anonymous&amp;gt;&amp;quot;)\n                        if &amp;quot;className&amp;quot; in frame:\n                            meth = f&amp;quot;{frame[&amp;#x27;className&amp;#x27;]}.{meth}&amp;quot;\n                        msg = &amp;quot;    at %s (%s)&amp;quot;\n                        msg = msg % (meth, file)\n                        stacktrace.append(msg)\n                except TypeError:\n                    pass\n        if exception_class == UnexpectedAlertPresentException:\n            alert_text = None\n            if &amp;quot;data&amp;quot; in value:\n                alert_text = value[&amp;quot;data&amp;quot;].get(&amp;quot;text&amp;quot;)\n            elif &amp;quot;alert&amp;quot; in value:\n                alert_text = value[&amp;quot;alert&amp;quot;].get(&amp;quot;text&amp;quot;)\n            raise exception_class(message, screen, stacktrace, alert_text)  # type: ignore[call-arg]  # mypy is not smart enough here\n&amp;gt;       raise exception_class(message, screen, stacktrace)\nE       selenium.common.exceptions.WebDriverException: Message: target frame detached\nE         (failed to check if window was closed: disconnected: Unable to receive message from renderer)\nE         (Session info: chrome=128.0.6613.84)\nE       Stacktrace:\nE       #0 0x55da180148da &amp;lt;unknown&amp;gt;\nE       #1 0x55da17ce2c91 &amp;lt;unknown&amp;gt;\nE       #2 0x55da17ccaabd &amp;lt;unknown&amp;gt;\nE       #3 0x55da17cc8b11 &amp;lt;unknown&amp;gt;\nE       #4 0x55da17cc931f &amp;lt;unknown&amp;gt;\nE       #5 0x55da17cd8e3b &amp;lt;unknown&amp;gt;\nE       #6 0x55da17cef5e5 &amp;lt;unknown&amp;gt;\nE       #7 0x55da17d7577d &amp;lt;unknown&amp;gt;\nE       #8 0x55da17d57233 &amp;lt;unknown&amp;gt;\nE       #9 0x55da17d25093 &amp;lt;unknown&amp;gt;\nE       #10 0x55da17d2609e &amp;lt;unknown&amp;gt;\nE       #11 0x55da17fdbb3b &amp;lt;unknown&amp;gt;\nE       #12 0x55da17fdfaf1 &amp;lt;unknown&amp;gt;\nE       #13 0x55da17fc7705 &amp;lt;unknown&amp;gt;\nE       #14 0x55da17fe0662 &amp;lt;unknown&amp;gt;\nE       #15 0x55da17fac8df &amp;lt;unknown&amp;gt;\nE       #16 0x55da180036d8 &amp;lt;unknown&amp;gt;\nE       #17 0x55da180038a2 &amp;lt;unknown&amp;gt;\nE       #18 0x55da180136cc &amp;lt;unknown&amp;gt;\nE       #19 0x7f44d8b2f134 &amp;lt;unknown&amp;gt;\n\n../../../../PycharmProjects/Dinero_API/.venv/lib/python3.11/site-packages/selenium/webdriver/remote/errorhandler.py:229: WebDriverException\n\n---------------------------- Captured stdout setup -----------------------------\nLaunching Chrome browser.........\n&#34;}], &#34;Customer_Registration_Individual/contact_information_test.py::Test_Contact_Information::test_validation_preview_page_non&#34;: [{&#34;extras&#34;: [], &#34;result&#34;: &#34;Failed&#34;, &#34;testId&#34;: &#34;Customer_Registration_Individual/contact_information_test.py::Test_Contact_Information::test_validation_preview_page_non&#34;, &#34;duration&#34;: &#34;00:00:02&#34;, &#34;resultsTableRow&#34;: [&#34;&lt;td class=\&#34;col-result\&#34;&gt;Failed&lt;/td&gt;&#34;, &#34;&lt;td class=\&#34;col-testId\&#34;&gt;Customer_Registration_Individual/contact_information_test.py::Test_Contact_Information::test_validation_preview_page_non&lt;/td&gt;&#34;, &#34;&lt;td class=\&#34;col-duration\&#34;&gt;00:00:02&lt;/td&gt;&#34;, &#34;&lt;td class=\&#34;col-links\&#34;&gt;&lt;/td&gt;&#34;], &#34;log&#34;: &#34;self = &amp;lt;Dinero_automation.testCases.Customer_Registration_Individual.contact_information_test.Test_Contact_Information object at 0x7fbd1a5e2510&amp;gt;\nsetup = &amp;lt;selenium.webdriver.chrome.webdriver.WebDriver (session=&amp;quot;b65fdf6387d9a2ddbfd865b0abe68643&amp;quot;)&amp;gt;\n\n    def test_validation_preview_page_non(self, setup):\n        self.driver = setup\n        self.driver.get(self.url)\n        self.driver.maximize_window()\n        self.driver.implicitly_wait(30)\n        self.lp = LoginPage(self.driver)\n        self.lp.setUsername(self.uname)\n        self.lp.setPassword(self.upass)\n        # time.sleep(2)\n        self.lp.clickLogin()\n        # time.sleep(2)\n    \n        # click action for nav bar arrow\n        self.nav = Navigation_Page(self.driver)\n        self.nav.click_navbar()\n        # time.sleep(2)\n    \n        # click action for customer registration\n        self.nav.click_customer_registration()\n        # time.sleep(2)\n    \n        # assining the pageobjects\n        self.cur = Persomal_Information(self.driver)\n        self.ci = Contact_Information(self.driver)\n        self.id = Id_details(self.driver)\n    \n        # self.cu_status = Select(self.cur.customerStatusDropdown_not_required())\n        # self.cu_status.select_by_index(1)\n        # self.cur.idNoField_not_required(&amp;quot;7&amp;quot;)\n        # self.cur.dateofexpiry_not_required(12102024)\n        # self.cur.btnverify()\n        # time.sleep(2)\n    \n        # assign data in to the fields\n        fname = &amp;quot;QA&amp;quot;\n        mname = &amp;quot;Automation&amp;quot;\n        lname = &amp;quot;Tester&amp;quot;\n        arbname = &amp;quot;Khan&amp;quot;\n        shname = &amp;quot;QA Automation&amp;quot;\n        mainame = &amp;quot;Nayana&amp;quot;\n        dob = 30032000\n    \n        # perform personal information\n&amp;gt;       self.drp = Select(self.cur.titleDropdown_required())\n\ncontact_information_test.py:4135: \n_ _ _ _ _ _ _ _ _ _ _ _ _ _ _ _ _ _ _ _ _ _ _ _ _ _ _ _ _ _ _ _ _ _ _ _ _ _ _ _ \n../../../../PycharmProjects/Dinero_API/.venv/lib/python3.11/site-packages/selenium/webdriver/support/select.py:41: in __init__\n    multi = self._el.get_dom_attribute(&amp;quot;multiple&amp;quot;)\n../../../../PycharmProjects/Dinero_API/.venv/lib/python3.11/site-packages/selenium/webdriver/remote/webelement.py:149: in get_dom_attribute\n    return self._execute(Command.GET_ELEMENT_ATTRIBUTE, {&amp;quot;name&amp;quot;: name})[&amp;quot;value&amp;quot;]\n../../../../PycharmProjects/Dinero_API/.venv/lib/python3.11/site-packages/selenium/webdriver/remote/webelement.py:395: in _execute\n    return self._parent.execute(command, params)\n../../../../PycharmProjects/Dinero_API/.venv/lib/python3.11/site-packages/selenium/webdriver/remote/webdriver.py:354: in execute\n    self.error_handler.check_response(response)\n_ _ _ _ _ _ _ _ _ _ _ _ _ _ _ _ _ _ _ _ _ _ _ _ _ _ _ _ _ _ _ _ _ _ _ _ _ _ _ _ \n\nself = &amp;lt;selenium.webdriver.remote.errorhandler.ErrorHandler object at 0x7fbd19a46c90&amp;gt;\nresponse = {&amp;#x27;status&amp;#x27;: 404, &amp;#x27;value&amp;#x27;: &amp;#x27;{&amp;quot;value&amp;quot;:{&amp;quot;error&amp;quot;:&amp;quot;target frame detached&amp;quot;,&amp;quot;message&amp;quot;:&amp;quot;target frame detached\\\\n  (failed to ch...\\\\n#17 0x55a6d6cd58a2 \\\\u003Cunknown&amp;gt;\\\\n#18 0x55a6d6ce56cc \\\\u003Cunknown&amp;gt;\\\\n#19 0x7f878a131134 \\\\u003Cunknown&amp;gt;\\\\n&amp;quot;}}&amp;#x27;}\n\n    def check_response(self, response: Dict[str, Any]) -&amp;gt; None:\n        &amp;quot;&amp;quot;&amp;quot;Checks that a JSON response from the WebDriver does not have an\n        error.\n    \n        :Args:\n         - response - The JSON response from the WebDriver server as a dictionary\n           object.\n    \n        :Raises: If the response contains an error message.\n        &amp;quot;&amp;quot;&amp;quot;\n        status = response.get(&amp;quot;status&amp;quot;, None)\n        if not status or status == ErrorCode.SUCCESS:\n            return\n        value = None\n        message = response.get(&amp;quot;message&amp;quot;, &amp;quot;&amp;quot;)\n        screen: str = response.get(&amp;quot;screen&amp;quot;, &amp;quot;&amp;quot;)\n        stacktrace = None\n        if isinstance(status, int):\n            value_json = response.get(&amp;quot;value&amp;quot;, None)\n            if value_json and isinstance(value_json, str):\n                import json\n    \n                try:\n                    value = json.loads(value_json)\n                    if len(value) == 1:\n                        value = value[&amp;quot;value&amp;quot;]\n                    status = value.get(&amp;quot;error&amp;quot;, None)\n                    if not status:\n                        status = value.get(&amp;quot;status&amp;quot;, ErrorCode.UNKNOWN_ERROR)\n                        message = value.get(&amp;quot;value&amp;quot;) or value.get(&amp;quot;message&amp;quot;)\n                        if not isinstance(message, str):\n                            value = message\n                            message = message.get(&amp;quot;message&amp;quot;)\n                    else:\n                        message = value.get(&amp;quot;message&amp;quot;, None)\n                except ValueError:\n                    pass\n    \n        exception_class: Type[WebDriverException]\n        e = ErrorCode()\n        error_codes = [item for item in dir(e) if not item.startswith(&amp;quot;__&amp;quot;)]\n        for error_code in error_codes:\n            error_info = getattr(ErrorCode, error_code)\n            if isinstance(error_info, list) and status in error_info:\n                exception_class = getattr(ExceptionMapping, error_code, WebDriverException)\n                break\n        else:\n            exception_class = WebDriverException\n    \n        if not value:\n            value = response[&amp;quot;value&amp;quot;]\n        if isinstance(value, str):\n            raise exception_class(value)\n        if message == &amp;quot;&amp;quot; and &amp;quot;message&amp;quot; in value:\n            message = value[&amp;quot;message&amp;quot;]\n    \n        screen = None  # type: ignore[assignment]\n        if &amp;quot;screen&amp;quot; in value:\n            screen = value[&amp;quot;screen&amp;quot;]\n    \n        stacktrace = None\n        st_value = value.get(&amp;quot;stackTrace&amp;quot;) or value.get(&amp;quot;stacktrace&amp;quot;)\n        if st_value:\n            if isinstance(st_value, str):\n                stacktrace = st_value.split(&amp;quot;\\n&amp;quot;)\n            else:\n                stacktrace = []\n                try:\n                    for frame in st_value:\n                        line = frame.get(&amp;quot;lineNumber&amp;quot;, &amp;quot;&amp;quot;)\n                        file = frame.get(&amp;quot;fileName&amp;quot;, &amp;quot;&amp;lt;anonymous&amp;gt;&amp;quot;)\n                        if line:\n                            file = f&amp;quot;{file}:{line}&amp;quot;\n                        meth = frame.get(&amp;quot;methodName&amp;quot;, &amp;quot;&amp;lt;anonymous&amp;gt;&amp;quot;)\n                        if &amp;quot;className&amp;quot; in frame:\n                            meth = f&amp;quot;{frame[&amp;#x27;className&amp;#x27;]}.{meth}&amp;quot;\n                        msg = &amp;quot;    at %s (%s)&amp;quot;\n                        msg = msg % (meth, file)\n                        stacktrace.append(msg)\n                except TypeError:\n                    pass\n        if exception_class == UnexpectedAlertPresentException:\n            alert_text = None\n            if &amp;quot;data&amp;quot; in value:\n                alert_text = value[&amp;quot;data&amp;quot;].get(&amp;quot;text&amp;quot;)\n            elif &amp;quot;alert&amp;quot; in value:\n                alert_text = value[&amp;quot;alert&amp;quot;].get(&amp;quot;text&amp;quot;)\n            raise exception_class(message, screen, stacktrace, alert_text)  # type: ignore[call-arg]  # mypy is not smart enough here\n&amp;gt;       raise exception_class(message, screen, stacktrace)\nE       selenium.common.exceptions.WebDriverException: Message: target frame detached\nE         (failed to check if window was closed: disconnected: Unable to receive message from renderer)\nE         (Session info: chrome=128.0.6613.84)\nE       Stacktrace:\nE       #0 0x55a6d6ce68da &amp;lt;unknown&amp;gt;\nE       #1 0x55a6d69b4c91 &amp;lt;unknown&amp;gt;\nE       #2 0x55a6d699cabd &amp;lt;unknown&amp;gt;\nE       #3 0x55a6d699ab11 &amp;lt;unknown&amp;gt;\nE       #4 0x55a6d699b31f &amp;lt;unknown&amp;gt;\nE       #5 0x55a6d69aae3b &amp;lt;unknown&amp;gt;\nE       #6 0x55a6d69c15e5 &amp;lt;unknown&amp;gt;\nE       #7 0x55a6d6a4777d &amp;lt;unknown&amp;gt;\nE       #8 0x55a6d6a29233 &amp;lt;unknown&amp;gt;\nE       #9 0x55a6d69f7093 &amp;lt;unknown&amp;gt;\nE       #10 0x55a6d69f809e &amp;lt;unknown&amp;gt;\nE       #11 0x55a6d6cadb3b &amp;lt;unknown&amp;gt;\nE       #12 0x55a6d6cb1af1 &amp;lt;unknown&amp;gt;\nE       #13 0x55a6d6c99705 &amp;lt;unknown&amp;gt;\nE       #14 0x55a6d6cb2662 &amp;lt;unknown&amp;gt;\nE       #15 0x55a6d6c7e8df &amp;lt;unknown&amp;gt;\nE       #16 0x55a6d6cd56d8 &amp;lt;unknown&amp;gt;\nE       #17 0x55a6d6cd58a2 &amp;lt;unknown&amp;gt;\nE       #18 0x55a6d6ce56cc &amp;lt;unknown&amp;gt;\nE       #19 0x7f878a131134 &amp;lt;unknown&amp;gt;\n\n../../../../PycharmProjects/Dinero_API/.venv/lib/python3.11/site-packages/selenium/webdriver/remote/errorhandler.py:229: WebDriverException\n\n---------------------------- Captured stdout setup -----------------------------\nLaunching Chrome browser.........\n&#34;}], &#34;Customer_Registration_Individual/contact_information_test.py::Test_Contact_Information::test_validating_max_len_nonresi&#34;: [{&#34;extras&#34;: [], &#34;result&#34;: &#34;Failed&#34;, &#34;testId&#34;: &#34;Customer_Registration_Individual/contact_information_test.py::Test_Contact_Information::test_validating_max_len_nonresi&#34;, &#34;duration&#34;: &#34;00:00:03&#34;, &#34;resultsTableRow&#34;: [&#34;&lt;td class=\&#34;col-result\&#34;&gt;Failed&lt;/td&gt;&#34;, &#34;&lt;td class=\&#34;col-testId\&#34;&gt;Customer_Registration_Individual/contact_information_test.py::Test_Contact_Information::test_validating_max_len_nonresi&lt;/td&gt;&#34;, &#34;&lt;td class=\&#34;col-duration\&#34;&gt;00:00:03&lt;/td&gt;&#34;, &#34;&lt;td class=\&#34;col-links\&#34;&gt;&lt;/td&gt;&#34;], &#34;log&#34;: &#34;self = &amp;lt;Dinero_automation.testCases.Customer_Registration_Individual.contact_information_test.Test_Contact_Information object at 0x7fbd1a5e2890&amp;gt;\nsetup = &amp;lt;selenium.webdriver.chrome.webdriver.WebDriver (session=&amp;quot;4b59487c48e9a21a6250e7e992831487&amp;quot;)&amp;gt;\n\n    def test_validating_max_len_nonresi(self, setup):\n        self.driver = setup\n        self.driver.get(self.url)\n        self.driver.maximize_window()\n        self.driver.implicitly_wait(30)\n    \n        # Login actions\n        self.lp = LoginPage(self.driver)\n        self.lp.setUsername(self.uname)\n        self.lp.setPassword(self.upass)\n        self.lp.clickLogin()\n    \n        # Navigation actions\n        self.nav = Navigation_Page(self.driver)\n        self.nav.click_navbar()\n        self.nav.click_customer_registration()\n    \n        # Assigning page objects\n        self.cur = Persomal_Information(self.driver)\n        self.ci = Contact_Information(self.driver)\n        self.id = Id_details(self.driver)\n    \n        # Personal information data\n        fname = &amp;quot;QA&amp;quot;\n        mname = &amp;quot;Automation&amp;quot;\n        lname = &amp;quot;Tester&amp;quot;\n        arbname = &amp;quot;Khan&amp;quot;\n        shname = &amp;quot;QA Automation&amp;quot;\n        mainame = &amp;quot;Nayana&amp;quot;\n        dob = 30032000\n    \n        # Fill personal information fields\n        self.drp = Select(self.cur.titleDropdown_required())\n        self.drp.select_by_index(1)\n        self.cur.firstNameField_required(fname)\n        self.cur.middleNameField_not_required(mname)\n        self.cur.lastNameField_required(lname)\n        self.cur.arabicNameFiels_required(arbname)\n        self.cur.shortNameField_not_required(shname)\n        self.cur.maidenNameFiels_not_required(mainame)\n&amp;gt;       self.cur.dobpicker_required(dob)\n\ncontact_information_test.py:4422: \n_ _ _ _ _ _ _ _ _ _ _ _ _ _ _ _ _ _ _ _ _ _ _ _ _ _ _ _ _ _ _ _ _ _ _ _ _ _ _ _ \n../../pageObjects/Customer_Registration.py:200: in dobpicker_required\n    self.driver.find_element(By.XPATH,self.picker_dob_req_xpath).send_keys(dob)\n../../../../PycharmProjects/Dinero_API/.venv/lib/python3.11/site-packages/selenium/webdriver/remote/webelement.py:231: in send_keys\n    self._execute(\n../../../../PycharmProjects/Dinero_API/.venv/lib/python3.11/site-packages/selenium/webdriver/remote/webelement.py:395: in _execute\n    return self._parent.execute(command, params)\n../../../../PycharmProjects/Dinero_API/.venv/lib/python3.11/site-packages/selenium/webdriver/remote/webdriver.py:354: in execute\n    self.error_handler.check_response(response)\n_ _ _ _ _ _ _ _ _ _ _ _ _ _ _ _ _ _ _ _ _ _ _ _ _ _ _ _ _ _ _ _ _ _ _ _ _ _ _ _ \n\nself = &amp;lt;selenium.webdriver.remote.errorhandler.ErrorHandler object at 0x7fbd19810650&amp;gt;\nresponse = {&amp;#x27;status&amp;#x27;: 404, &amp;#x27;value&amp;#x27;: &amp;#x27;{&amp;quot;value&amp;quot;:{&amp;quot;error&amp;quot;:&amp;quot;target frame detached&amp;quot;,&amp;quot;message&amp;quot;:&amp;quot;target frame detached\\\\n  (failed to ch...\\\\n#17 0x5600953fa8a2 \\\\u003Cunknown&amp;gt;\\\\n#18 0x56009540a6cc \\\\u003Cunknown&amp;gt;\\\\n#19 0x7fcc26ea4134 \\\\u003Cunknown&amp;gt;\\\\n&amp;quot;}}&amp;#x27;}\n\n    def check_response(self, response: Dict[str, Any]) -&amp;gt; None:\n        &amp;quot;&amp;quot;&amp;quot;Checks that a JSON response from the WebDriver does not have an\n        error.\n    \n        :Args:\n         - response - The JSON response from the WebDriver server as a dictionary\n           object.\n    \n        :Raises: If the response contains an error message.\n        &amp;quot;&amp;quot;&amp;quot;\n        status = response.get(&amp;quot;status&amp;quot;, None)\n        if not status or status == ErrorCode.SUCCESS:\n            return\n        value = None\n        message = response.get(&amp;quot;message&amp;quot;, &amp;quot;&amp;quot;)\n        screen: str = response.get(&amp;quot;screen&amp;quot;, &amp;quot;&amp;quot;)\n        stacktrace = None\n        if isinstance(status, int):\n            value_json = response.get(&amp;quot;value&amp;quot;, None)\n            if value_json and isinstance(value_json, str):\n                import json\n    \n                try:\n                    value = json.loads(value_json)\n                    if len(value) == 1:\n                        value = value[&amp;quot;value&amp;quot;]\n                    status = value.get(&amp;quot;error&amp;quot;, None)\n                    if not status:\n                        status = value.get(&amp;quot;status&amp;quot;, ErrorCode.UNKNOWN_ERROR)\n                        message = value.get(&amp;quot;value&amp;quot;) or value.get(&amp;quot;message&amp;quot;)\n                        if not isinstance(message, str):\n                            value = message\n                            message = message.get(&amp;quot;message&amp;quot;)\n                    else:\n                        message = value.get(&amp;quot;message&amp;quot;, None)\n                except ValueError:\n                    pass\n    \n        exception_class: Type[WebDriverException]\n        e = ErrorCode()\n        error_codes = [item for item in dir(e) if not item.startswith(&amp;quot;__&amp;quot;)]\n        for error_code in error_codes:\n            error_info = getattr(ErrorCode, error_code)\n            if isinstance(error_info, list) and status in error_info:\n                exception_class = getattr(ExceptionMapping, error_code, WebDriverException)\n                break\n        else:\n            exception_class = WebDriverException\n    \n        if not value:\n            value = response[&amp;quot;value&amp;quot;]\n        if isinstance(value, str):\n            raise exception_class(value)\n        if message == &amp;quot;&amp;quot; and &amp;quot;message&amp;quot; in value:\n            message = value[&amp;quot;message&amp;quot;]\n    \n        screen = None  # type: ignore[assignment]\n        if &amp;quot;screen&amp;quot; in value:\n            screen = value[&amp;quot;screen&amp;quot;]\n    \n        stacktrace = None\n        st_value = value.get(&amp;quot;stackTrace&amp;quot;) or value.get(&amp;quot;stacktrace&amp;quot;)\n        if st_value:\n            if isinstance(st_value, str):\n                stacktrace = st_value.split(&amp;quot;\\n&amp;quot;)\n            else:\n                stacktrace = []\n                try:\n                    for frame in st_value:\n                        line = frame.get(&amp;quot;lineNumber&amp;quot;, &amp;quot;&amp;quot;)\n                        file = frame.get(&amp;quot;fileName&amp;quot;, &amp;quot;&amp;lt;anonymous&amp;gt;&amp;quot;)\n                        if line:\n                            file = f&amp;quot;{file}:{line}&amp;quot;\n                        meth = frame.get(&amp;quot;methodName&amp;quot;, &amp;quot;&amp;lt;anonymous&amp;gt;&amp;quot;)\n                        if &amp;quot;className&amp;quot; in frame:\n                            meth = f&amp;quot;{frame[&amp;#x27;className&amp;#x27;]}.{meth}&amp;quot;\n                        msg = &amp;quot;    at %s (%s)&amp;quot;\n                        msg = msg % (meth, file)\n                        stacktrace.append(msg)\n                except TypeError:\n                    pass\n        if exception_class == UnexpectedAlertPresentException:\n            alert_text = None\n            if &amp;quot;data&amp;quot; in value:\n                alert_text = value[&amp;quot;data&amp;quot;].get(&amp;quot;text&amp;quot;)\n            elif &amp;quot;alert&amp;quot; in value:\n                alert_text = value[&amp;quot;alert&amp;quot;].get(&amp;quot;text&amp;quot;)\n            raise exception_class(message, screen, stacktrace, alert_text)  # type: ignore[call-arg]  # mypy is not smart enough here\n&amp;gt;       raise exception_class(message, screen, stacktrace)\nE       selenium.common.exceptions.WebDriverException: Message: target frame detached\nE         (failed to check if window was closed: disconnected: Unable to receive message from renderer)\nE         (Session info: chrome=128.0.6613.84)\nE       Stacktrace:\nE       #0 0x56009540b8da &amp;lt;unknown&amp;gt;\nE       #1 0x5600950d9c91 &amp;lt;unknown&amp;gt;\nE       #2 0x5600950c1abd &amp;lt;unknown&amp;gt;\nE       #3 0x5600950bfb11 &amp;lt;unknown&amp;gt;\nE       #4 0x5600950c031f &amp;lt;unknown&amp;gt;\nE       #5 0x5600950cfe3b &amp;lt;unknown&amp;gt;\nE       #6 0x5600950e65e5 &amp;lt;unknown&amp;gt;\nE       #7 0x56009516c77d &amp;lt;unknown&amp;gt;\nE       #8 0x56009514e233 &amp;lt;unknown&amp;gt;\nE       #9 0x56009511c093 &amp;lt;unknown&amp;gt;\nE       #10 0x56009511d09e &amp;lt;unknown&amp;gt;\nE       #11 0x5600953d2b3b &amp;lt;unknown&amp;gt;\nE       #12 0x5600953d6af1 &amp;lt;unknown&amp;gt;\nE       #13 0x5600953be705 &amp;lt;unknown&amp;gt;\nE       #14 0x5600953d7662 &amp;lt;unknown&amp;gt;\nE       #15 0x5600953a38df &amp;lt;unknown&amp;gt;\nE       #16 0x5600953fa6d8 &amp;lt;unknown&amp;gt;\nE       #17 0x5600953fa8a2 &amp;lt;unknown&amp;gt;\nE       #18 0x56009540a6cc &amp;lt;unknown&amp;gt;\nE       #19 0x7fcc26ea4134 &amp;lt;unknown&amp;gt;\n\n../../../../PycharmProjects/Dinero_API/.venv/lib/python3.11/site-packages/selenium/webdriver/remote/errorhandler.py:229: WebDriverException\n\n---------------------------- Captured stdout setup -----------------------------\nLaunching Chrome browser.........\n&#34;}], &#34;Customer_Registration_Individual/contact_information_test.py::Test_Contact_Information::test_validating_lessthen_max_len_nonres&#34;: [{&#34;extras&#34;: [], &#34;result&#34;: &#34;Failed&#34;, &#34;testId&#34;: &#34;Customer_Registration_Individual/contact_information_test.py::Test_Contact_Information::test_validating_lessthen_max_len_nonres&#34;, &#34;duration&#34;: &#34;00:00:03&#34;, &#34;resultsTableRow&#34;: [&#34;&lt;td class=\&#34;col-result\&#34;&gt;Failed&lt;/td&gt;&#34;, &#34;&lt;td class=\&#34;col-testId\&#34;&gt;Customer_Registration_Individual/contact_information_test.py::Test_Contact_Information::test_validating_lessthen_max_len_nonres&lt;/td&gt;&#34;, &#34;&lt;td class=\&#34;col-duration\&#34;&gt;00:00:03&lt;/td&gt;&#34;, &#34;&lt;td class=\&#34;col-links\&#34;&gt;&lt;/td&gt;&#34;], &#34;log&#34;: &#34;self = &amp;lt;Dinero_automation.testCases.Customer_Registration_Individual.contact_information_test.Test_Contact_Information object at 0x7fbd1a5e16d0&amp;gt;\nsetup = &amp;lt;selenium.webdriver.chrome.webdriver.WebDriver (session=&amp;quot;f19048ed8c023622f73163056df146f9&amp;quot;)&amp;gt;\n\n    def test_validating_lessthen_max_len_nonres(self, setup):\n        self.driver = setup\n        self.driver.get(self.url)\n        self.driver.maximize_window()\n        self.driver.implicitly_wait(30)\n    \n        # Login actions\n        self.lp = LoginPage(self.driver)\n        self.lp.setUsername(self.uname)\n        self.lp.setPassword(self.upass)\n        self.lp.clickLogin()\n    \n        # Navigation actions\n        self.nav = Navigation_Page(self.driver)\n        self.nav.click_navbar()\n        self.nav.click_customer_registration()\n    \n        # Assigning page objects\n        self.cur = Persomal_Information(self.driver)\n        self.ci = Contact_Information(self.driver)\n        self.id = Id_details(self.driver)\n    \n        # Personal information data\n        fname = &amp;quot;QA&amp;quot;\n        mname = &amp;quot;Automation&amp;quot;\n        lname = &amp;quot;Tester&amp;quot;\n        arbname = &amp;quot;Khan&amp;quot;\n        shname = &amp;quot;QA Automation&amp;quot;\n        mainame = &amp;quot;Nayana&amp;quot;\n        dob = 30032000\n    \n        # Fill personal information fields\n        self.drp = Select(self.cur.titleDropdown_required())\n        self.drp.select_by_index(1)\n        self.cur.firstNameField_required(fname)\n        self.cur.middleNameField_not_required(mname)\n        self.cur.lastNameField_required(lname)\n        self.cur.arabicNameFiels_required(arbname)\n&amp;gt;       self.cur.shortNameField_not_required(shname)\n\ncontact_information_test.py:4799: \n_ _ _ _ _ _ _ _ _ _ _ _ _ _ _ _ _ _ _ _ _ _ _ _ _ _ _ _ _ _ _ _ _ _ _ _ _ _ _ _ \n\nself = &amp;lt;Dinero_automation.pageObjects.Customer_Registration.Persomal_Information object at 0x7fbd1a620490&amp;gt;\nshortname = &amp;#x27;QA Automation&amp;#x27;\n\n    def shortNameField_not_required(self,shortname):\n&amp;gt;       self.driver.find_element(By.ID,self.field_short_name_notreq_id).send_keys(shortname)\nE       AttributeError: &amp;#x27;NoneType&amp;#x27; object has no attribute &amp;#x27;send_keys&amp;#x27;\n\n../../pageObjects/Customer_Registration.py:156: AttributeError\n\n---------------------------- Captured stdout setup -----------------------------\nLaunching Chrome browser.........\n&#34;}], &#34;Customer_Registration_Individual/contact_information_test.py::Test_Contact_Information::test_validating_greaterthen_max_len_nonres&#34;: [{&#34;extras&#34;: [], &#34;result&#34;: &#34;Failed&#34;, &#34;testId&#34;: &#34;Customer_Registration_Individual/contact_information_test.py::Test_Contact_Information::test_validating_greaterthen_max_len_nonres&#34;, &#34;duration&#34;: &#34;00:00:02&#34;, &#34;resultsTableRow&#34;: [&#34;&lt;td class=\&#34;col-result\&#34;&gt;Failed&lt;/td&gt;&#34;, &#34;&lt;td class=\&#34;col-testId\&#34;&gt;Customer_Registration_Individual/contact_information_test.py::Test_Contact_Information::test_validating_greaterthen_max_len_nonres&lt;/td&gt;&#34;, &#34;&lt;td class=\&#34;col-duration\&#34;&gt;00:00:02&lt;/td&gt;&#34;, &#34;&lt;td class=\&#34;col-links\&#34;&gt;&lt;/td&gt;&#34;], &#34;log&#34;: &#34;self = &amp;lt;Dinero_automation.testCases.Customer_Registration_Individual.contact_information_test.Test_Contact_Information object at 0x7fbd1a5e1f50&amp;gt;\nsetup = &amp;lt;selenium.webdriver.chrome.webdriver.WebDriver (session=&amp;quot;82f479a0198a0221d7f2bc53f4a15905&amp;quot;)&amp;gt;\n\n    def test_validating_greaterthen_max_len_nonres(self, setup):\n        self.driver = setup\n        self.driver.get(self.url)\n        self.driver.maximize_window()\n        self.driver.implicitly_wait(30)\n    \n        # Login actions\n        self.lp = LoginPage(self.driver)\n        self.lp.setUsername(self.uname)\n        self.lp.setPassword(self.upass)\n        self.lp.clickLogin()\n    \n        # Navigation actions\n        self.nav = Navigation_Page(self.driver)\n        self.nav.click_navbar()\n        self.nav.click_customer_registration()\n    \n        # Assigning page objects\n        self.cur = Persomal_Information(self.driver)\n        self.ci = Contact_Information(self.driver)\n        self.id = Id_details(self.driver)\n    \n        # Personal information data\n        fname = &amp;quot;QA&amp;quot;\n        mname = &amp;quot;Automation&amp;quot;\n        lname = &amp;quot;Tester&amp;quot;\n        arbname = &amp;quot;Khan&amp;quot;\n        shname = &amp;quot;QA Automation&amp;quot;\n        mainame = &amp;quot;Nayana&amp;quot;\n        dob = 30032000\n    \n        # Fill personal information fields\n        self.drp = Select(self.cur.titleDropdown_required())\n        self.drp.select_by_index(1)\n&amp;gt;       self.cur.firstNameField_required(fname)\n\ncontact_information_test.py:5142: \n_ _ _ _ _ _ _ _ _ _ _ _ _ _ _ _ _ _ _ _ _ _ _ _ _ _ _ _ _ _ _ _ _ _ _ _ _ _ _ _ \n../../pageObjects/Customer_Registration.py:66: in firstNameField_required\n    first = self.driver.find_element(By.ID,self.field_first_name_req_id)\n../../../../PycharmProjects/Dinero_API/.venv/lib/python3.11/site-packages/selenium/webdriver/remote/webdriver.py:748: in find_element\n    return self.execute(Command.FIND_ELEMENT, {&amp;quot;using&amp;quot;: by, &amp;quot;value&amp;quot;: value})[&amp;quot;value&amp;quot;]\n../../../../PycharmProjects/Dinero_API/.venv/lib/python3.11/site-packages/selenium/webdriver/remote/webdriver.py:354: in execute\n    self.error_handler.check_response(response)\n_ _ _ _ _ _ _ _ _ _ _ _ _ _ _ _ _ _ _ _ _ _ _ _ _ _ _ _ _ _ _ _ _ _ _ _ _ _ _ _ \n\nself = &amp;lt;selenium.webdriver.remote.errorhandler.ErrorHandler object at 0x7fbd195c9510&amp;gt;\nresponse = {&amp;#x27;status&amp;#x27;: 404, &amp;#x27;value&amp;#x27;: &amp;#x27;{&amp;quot;value&amp;quot;:{&amp;quot;error&amp;quot;:&amp;quot;no such window&amp;quot;,&amp;quot;message&amp;quot;:&amp;quot;no such window: target window already closed\\\\...\\\\n#14 0x562954b538a2 \\\\u003Cunknown&amp;gt;\\\\n#15 0x562954b636cc \\\\u003Cunknown&amp;gt;\\\\n#16 0x7fda36d8b134 \\\\u003Cunknown&amp;gt;\\\\n&amp;quot;}}&amp;#x27;}\n\n    def check_response(self, response: Dict[str, Any]) -&amp;gt; None:\n        &amp;quot;&amp;quot;&amp;quot;Checks that a JSON response from the WebDriver does not have an\n        error.\n    \n        :Args:\n         - response - The JSON response from the WebDriver server as a dictionary\n           object.\n    \n        :Raises: If the response contains an error message.\n        &amp;quot;&amp;quot;&amp;quot;\n        status = response.get(&amp;quot;status&amp;quot;, None)\n        if not status or status == ErrorCode.SUCCESS:\n            return\n        value = None\n        message = response.get(&amp;quot;message&amp;quot;, &amp;quot;&amp;quot;)\n        screen: str = response.get(&amp;quot;screen&amp;quot;, &amp;quot;&amp;quot;)\n        stacktrace = None\n        if isinstance(status, int):\n            value_json = response.get(&amp;quot;value&amp;quot;, None)\n            if value_json and isinstance(value_json, str):\n                import json\n    \n                try:\n                    value = json.loads(value_json)\n                    if len(value) == 1:\n                        value = value[&amp;quot;value&amp;quot;]\n                    status = value.get(&amp;quot;error&amp;quot;, None)\n                    if not status:\n                        status = value.get(&amp;quot;status&amp;quot;, ErrorCode.UNKNOWN_ERROR)\n                        message = value.get(&amp;quot;value&amp;quot;) or value.get(&amp;quot;message&amp;quot;)\n                        if not isinstance(message, str):\n                            value = message\n                            message = message.get(&amp;quot;message&amp;quot;)\n                    else:\n                        message = value.get(&amp;quot;message&amp;quot;, None)\n                except ValueError:\n                    pass\n    \n        exception_class: Type[WebDriverException]\n        e = ErrorCode()\n        error_codes = [item for item in dir(e) if not item.startswith(&amp;quot;__&amp;quot;)]\n        for error_code in error_codes:\n            error_info = getattr(ErrorCode, error_code)\n            if isinstance(error_info, list) and status in error_info:\n                exception_class = getattr(ExceptionMapping, error_code, WebDriverException)\n                break\n        else:\n            exception_class = WebDriverException\n    \n        if not value:\n            value = response[&amp;quot;value&amp;quot;]\n        if isinstance(value, str):\n            raise exception_class(value)\n        if message == &amp;quot;&amp;quot; and &amp;quot;message&amp;quot; in value:\n            message = value[&amp;quot;message&amp;quot;]\n    \n        screen = None  # type: ignore[assignment]\n        if &amp;quot;screen&amp;quot; in value:\n            screen = value[&amp;quot;screen&amp;quot;]\n    \n        stacktrace = None\n        st_value = value.get(&amp;quot;stackTrace&amp;quot;) or value.get(&amp;quot;stacktrace&amp;quot;)\n        if st_value:\n            if isinstance(st_value, str):\n                stacktrace = st_value.split(&amp;quot;\\n&amp;quot;)\n            else:\n                stacktrace = []\n                try:\n                    for frame in st_value:\n                        line = frame.get(&amp;quot;lineNumber&amp;quot;, &amp;quot;&amp;quot;)\n                        file = frame.get(&amp;quot;fileName&amp;quot;, &amp;quot;&amp;lt;anonymous&amp;gt;&amp;quot;)\n                        if line:\n                            file = f&amp;quot;{file}:{line}&amp;quot;\n                        meth = frame.get(&amp;quot;methodName&amp;quot;, &amp;quot;&amp;lt;anonymous&amp;gt;&amp;quot;)\n                        if &amp;quot;className&amp;quot; in frame:\n                            meth = f&amp;quot;{frame[&amp;#x27;className&amp;#x27;]}.{meth}&amp;quot;\n                        msg = &amp;quot;    at %s (%s)&amp;quot;\n                        msg = msg % (meth, file)\n                        stacktrace.append(msg)\n                except TypeError:\n                    pass\n        if exception_class == UnexpectedAlertPresentException:\n            alert_text = None\n            if &amp;quot;data&amp;quot; in value:\n                alert_text = value[&amp;quot;data&amp;quot;].get(&amp;quot;text&amp;quot;)\n            elif &amp;quot;alert&amp;quot; in value:\n                alert_text = value[&amp;quot;alert&amp;quot;].get(&amp;quot;text&amp;quot;)\n            raise exception_class(message, screen, stacktrace, alert_text)  # type: ignore[call-arg]  # mypy is not smart enough here\n&amp;gt;       raise exception_class(message, screen, stacktrace)\nE       selenium.common.exceptions.NoSuchWindowException: Message: no such window: target window already closed\nE       from unknown error: web view not found\nE         (Session info: chrome=128.0.6613.84)\nE       Stacktrace:\nE       #0 0x562954b648da &amp;lt;unknown&amp;gt;\nE       #1 0x562954832e50 &amp;lt;unknown&amp;gt;\nE       #2 0x56295480868f &amp;lt;unknown&amp;gt;\nE       #3 0x5629548afabd &amp;lt;unknown&amp;gt;\nE       #4 0x5629548c5279 &amp;lt;unknown&amp;gt;\nE       #5 0x5629548a7233 &amp;lt;unknown&amp;gt;\nE       #6 0x562954875093 &amp;lt;unknown&amp;gt;\nE       #7 0x56295487609e &amp;lt;unknown&amp;gt;\nE       #8 0x562954b2bb3b &amp;lt;unknown&amp;gt;\nE       #9 0x562954b2faf1 &amp;lt;unknown&amp;gt;\nE       #10 0x562954b17705 &amp;lt;unknown&amp;gt;\nE       #11 0x562954b30662 &amp;lt;unknown&amp;gt;\nE       #12 0x562954afc8df &amp;lt;unknown&amp;gt;\nE       #13 0x562954b536d8 &amp;lt;unknown&amp;gt;\nE       #14 0x562954b538a2 &amp;lt;unknown&amp;gt;\nE       #15 0x562954b636cc &amp;lt;unknown&amp;gt;\nE       #16 0x7fda36d8b134 &amp;lt;unknown&amp;gt;\n\n../../../../PycharmProjects/Dinero_API/.venv/lib/python3.11/site-packages/selenium/webdriver/remote/errorhandler.py:229: NoSuchWindowException\n\n---------------------------- Captured stdout setup -----------------------------\nLaunching Chrome browser.........\n&#34;}], &#34;Customer_Registration_Individual/contact_information_test.py::Test_Contact_Information::test_validating_cancel_nonres&#34;: [{&#34;extras&#34;: [], &#34;result&#34;: &#34;Failed&#34;, &#34;testId&#34;: &#34;Customer_Registration_Individual/contact_information_test.py::Test_Contact_Information::test_validating_cancel_nonres&#34;, &#34;duration&#34;: &#34;00:00:03&#34;, &#34;resultsTableRow&#34;: [&#34;&lt;td class=\&#34;col-result\&#34;&gt;Failed&lt;/td&gt;&#34;, &#34;&lt;td class=\&#34;col-testId\&#34;&gt;Customer_Registration_Individual/contact_information_test.py::Test_Contact_Information::test_validating_cancel_nonres&lt;/td&gt;&#34;, &#34;&lt;td class=\&#34;col-duration\&#34;&gt;00:00:03&lt;/td&gt;&#34;, &#34;&lt;td class=\&#34;col-links\&#34;&gt;&lt;/td&gt;&#34;], &#34;log&#34;: &#34;self = &amp;lt;Dinero_automation.testCases.Customer_Registration_Individual.contact_information_test.Test_Contact_Information object at 0x7fbd1a5e1090&amp;gt;\nsetup = &amp;lt;selenium.webdriver.chrome.webdriver.WebDriver (session=&amp;quot;25d14e30a18081210e221d9e12094992&amp;quot;)&amp;gt;\n\n    def test_validating_cancel_nonres(self, setup):\n        self.driver = setup\n        self.driver.get(self.url)\n        self.driver.maximize_window()\n        self.driver.implicitly_wait(30)\n        self.lp = LoginPage(self.driver)\n        self.lp.setUsername(self.uname)\n        self.lp.setPassword(self.upass)\n        # time.sleep(2)\n        self.lp.clickLogin()\n        # time.sleep(2)\n    \n        # click action for nav bar arrow\n        self.nav = Navigation_Page(self.driver)\n        self.nav.click_navbar()\n        # time.sleep(2)\n    \n        # click action for customer registration\n        self.nav.click_customer_registration()\n        # time.sleep(2)\n    \n        # assining the pageobjects\n        self.cur = Persomal_Information(self.driver)\n        self.ci = Contact_Information(self.driver)\n        self.id = Id_details(self.driver)\n    \n        # self.cu_status = Select(self.cur.customerStatusDropdown_not_required())\n        # self.cu_status.select_by_index(1)\n        # self.cur.idNoField_not_required(&amp;quot;7&amp;quot;)\n        # self.cur.dateofexpiry_not_required(12102024)\n        # self.cur.btnverify()\n        # time.sleep(2)\n    \n        # assign data in to the fields\n        fname = &amp;quot;QA&amp;quot;\n        mname = &amp;quot;Automation&amp;quot;\n        lname = &amp;quot;Tester&amp;quot;\n        arbname = &amp;quot;Khan&amp;quot;\n        shname = &amp;quot;QA Automation&amp;quot;\n        mainame = &amp;quot;Nayana&amp;quot;\n        dob = 30032000\n    \n        # perform personal information\n        self.drp = Select(self.cur.titleDropdown_required())\n        self.drp.select_by_index(1)\n        self.cur.firstNameField_required(fname)\n        self.cur.middleNameField_not_required(mname)\n        self.cur.lastNameField_required(lname)\n        self.cur.arabicNameFiels_required(arbname)\n        self.cur.shortNameField_not_required(shname)\n&amp;gt;       self.cur.maidenNameFiels_not_required(mainame)\n\ncontact_information_test.py:5515: \n_ _ _ _ _ _ _ _ _ _ _ _ _ _ _ _ _ _ _ _ _ _ _ _ _ _ _ _ _ _ _ _ _ _ _ _ _ _ _ _ \n../../pageObjects/Customer_Registration.py:178: in maidenNameFiels_not_required\n    self.driver.find_element(By.ID,self.field_maiden_name_notreq_id).send_keys(maiden)\n../../../../PycharmProjects/Dinero_API/.venv/lib/python3.11/site-packages/selenium/webdriver/remote/webelement.py:231: in send_keys\n    self._execute(\n../../../../PycharmProjects/Dinero_API/.venv/lib/python3.11/site-packages/selenium/webdriver/remote/webelement.py:395: in _execute\n    return self._parent.execute(command, params)\n../../../../PycharmProjects/Dinero_API/.venv/lib/python3.11/site-packages/selenium/webdriver/remote/webdriver.py:354: in execute\n    self.error_handler.check_response(response)\n_ _ _ _ _ _ _ _ _ _ _ _ _ _ _ _ _ _ _ _ _ _ _ _ _ _ _ _ _ _ _ _ _ _ _ _ _ _ _ _ \n\nself = &amp;lt;selenium.webdriver.remote.errorhandler.ErrorHandler object at 0x7fbd1a276890&amp;gt;\nresponse = {&amp;#x27;status&amp;#x27;: 404, &amp;#x27;value&amp;#x27;: &amp;#x27;{&amp;quot;value&amp;quot;:{&amp;quot;error&amp;quot;:&amp;quot;target frame detached&amp;quot;,&amp;quot;message&amp;quot;:&amp;quot;target frame detached\\\\n  (failed to ch...\\\\n#17 0x5651a8be78a2 \\\\u003Cunknown&amp;gt;\\\\n#18 0x5651a8bf76cc \\\\u003Cunknown&amp;gt;\\\\n#19 0x7f4832a48134 \\\\u003Cunknown&amp;gt;\\\\n&amp;quot;}}&amp;#x27;}\n\n    def check_response(self, response: Dict[str, Any]) -&amp;gt; None:\n        &amp;quot;&amp;quot;&amp;quot;Checks that a JSON response from the WebDriver does not have an\n        error.\n    \n        :Args:\n         - response - The JSON response from the WebDriver server as a dictionary\n           object.\n    \n        :Raises: If the response contains an error message.\n        &amp;quot;&amp;quot;&amp;quot;\n        status = response.get(&amp;quot;status&amp;quot;, None)\n        if not status or status == ErrorCode.SUCCESS:\n            return\n        value = None\n        message = response.get(&amp;quot;message&amp;quot;, &amp;quot;&amp;quot;)\n        screen: str = response.get(&amp;quot;screen&amp;quot;, &amp;quot;&amp;quot;)\n        stacktrace = None\n        if isinstance(status, int):\n            value_json = response.get(&amp;quot;value&amp;quot;, None)\n            if value_json and isinstance(value_json, str):\n                import json\n    \n                try:\n                    value = json.loads(value_json)\n                    if len(value) == 1:\n                        value = value[&amp;quot;value&amp;quot;]\n                    status = value.get(&amp;quot;error&amp;quot;, None)\n                    if not status:\n                        status = value.get(&amp;quot;status&amp;quot;, ErrorCode.UNKNOWN_ERROR)\n                        message = value.get(&amp;quot;value&amp;quot;) or value.get(&amp;quot;message&amp;quot;)\n                        if not isinstance(message, str):\n                            value = message\n                            message = message.get(&amp;quot;message&amp;quot;)\n                    else:\n                        message = value.get(&amp;quot;message&amp;quot;, None)\n                except ValueError:\n                    pass\n    \n        exception_class: Type[WebDriverException]\n        e = ErrorCode()\n        error_codes = [item for item in dir(e) if not item.startswith(&amp;quot;__&amp;quot;)]\n        for error_code in error_codes:\n            error_info = getattr(ErrorCode, error_code)\n            if isinstance(error_info, list) and status in error_info:\n                exception_class = getattr(ExceptionMapping, error_code, WebDriverException)\n                break\n        else:\n            exception_class = WebDriverException\n    \n        if not value:\n            value = response[&amp;quot;value&amp;quot;]\n        if isinstance(value, str):\n            raise exception_class(value)\n        if message == &amp;quot;&amp;quot; and &amp;quot;message&amp;quot; in value:\n            message = value[&amp;quot;message&amp;quot;]\n    \n        screen = None  # type: ignore[assignment]\n        if &amp;quot;screen&amp;quot; in value:\n            screen = value[&amp;quot;screen&amp;quot;]\n    \n        stacktrace = None\n        st_value = value.get(&amp;quot;stackTrace&amp;quot;) or value.get(&amp;quot;stacktrace&amp;quot;)\n        if st_value:\n            if isinstance(st_value, str):\n                stacktrace = st_value.split(&amp;quot;\\n&amp;quot;)\n            else:\n                stacktrace = []\n                try:\n                    for frame in st_value:\n                        line = frame.get(&amp;quot;lineNumber&amp;quot;, &amp;quot;&amp;quot;)\n                        file = frame.get(&amp;quot;fileName&amp;quot;, &amp;quot;&amp;lt;anonymous&amp;gt;&amp;quot;)\n                        if line:\n                            file = f&amp;quot;{file}:{line}&amp;quot;\n                        meth = frame.get(&amp;quot;methodName&amp;quot;, &amp;quot;&amp;lt;anonymous&amp;gt;&amp;quot;)\n                        if &amp;quot;className&amp;quot; in frame:\n                            meth = f&amp;quot;{frame[&amp;#x27;className&amp;#x27;]}.{meth}&amp;quot;\n                        msg = &amp;quot;    at %s (%s)&amp;quot;\n                        msg = msg % (meth, file)\n                        stacktrace.append(msg)\n                except TypeError:\n                    pass\n        if exception_class == UnexpectedAlertPresentException:\n            alert_text = None\n            if &amp;quot;data&amp;quot; in value:\n                alert_text = value[&amp;quot;data&amp;quot;].get(&amp;quot;text&amp;quot;)\n            elif &amp;quot;alert&amp;quot; in value:\n                alert_text = value[&amp;quot;alert&amp;quot;].get(&amp;quot;text&amp;quot;)\n            raise exception_class(message, screen, stacktrace, alert_text)  # type: ignore[call-arg]  # mypy is not smart enough here\n&amp;gt;       raise exception_class(message, screen, stacktrace)\nE       selenium.common.exceptions.WebDriverException: Message: target frame detached\nE         (failed to check if window was closed: disconnected: Unable to receive message from renderer)\nE         (Session info: chrome=128.0.6613.84)\nE       Stacktrace:\nE       #0 0x5651a8bf88da &amp;lt;unknown&amp;gt;\nE       #1 0x5651a88c6c91 &amp;lt;unknown&amp;gt;\nE       #2 0x5651a88aeabd &amp;lt;unknown&amp;gt;\nE       #3 0x5651a88acb11 &amp;lt;unknown&amp;gt;\nE       #4 0x5651a88ad31f &amp;lt;unknown&amp;gt;\nE       #5 0x5651a88bce3b &amp;lt;unknown&amp;gt;\nE       #6 0x5651a88d35e5 &amp;lt;unknown&amp;gt;\nE       #7 0x5651a895977d &amp;lt;unknown&amp;gt;\nE       #8 0x5651a893b233 &amp;lt;unknown&amp;gt;\nE       #9 0x5651a8909093 &amp;lt;unknown&amp;gt;\nE       #10 0x5651a890a09e &amp;lt;unknown&amp;gt;\nE       #11 0x5651a8bbfb3b &amp;lt;unknown&amp;gt;\nE       #12 0x5651a8bc3af1 &amp;lt;unknown&amp;gt;\nE       #13 0x5651a8bab705 &amp;lt;unknown&amp;gt;\nE       #14 0x5651a8bc4662 &amp;lt;unknown&amp;gt;\nE       #15 0x5651a8b908df &amp;lt;unknown&amp;gt;\nE       #16 0x5651a8be76d8 &amp;lt;unknown&amp;gt;\nE       #17 0x5651a8be78a2 &amp;lt;unknown&amp;gt;\nE       #18 0x5651a8bf76cc &amp;lt;unknown&amp;gt;\nE       #19 0x7f4832a48134 &amp;lt;unknown&amp;gt;\n\n../../../../PycharmProjects/Dinero_API/.venv/lib/python3.11/site-packages/selenium/webdriver/remote/errorhandler.py:229: WebDriverException\n\n---------------------------- Captured stdout setup -----------------------------\nLaunching Chrome browser.........\n&#34;}], &#34;Customer_Registration_Individual/contact_information_test.py::Test_Contact_Information::test_validation_modification_page_nonres&#34;: [{&#34;extras&#34;: [], &#34;result&#34;: &#34;Failed&#34;, &#34;testId&#34;: &#34;Customer_Registration_Individual/contact_information_test.py::Test_Contact_Information::test_validation_modification_page_nonres&#34;, &#34;duration&#34;: &#34;00:00:02&#34;, &#34;resultsTableRow&#34;: [&#34;&lt;td class=\&#34;col-result\&#34;&gt;Failed&lt;/td&gt;&#34;, &#34;&lt;td class=\&#34;col-testId\&#34;&gt;Customer_Registration_Individual/contact_information_test.py::Test_Contact_Information::test_validation_modification_page_nonres&lt;/td&gt;&#34;, &#34;&lt;td class=\&#34;col-duration\&#34;&gt;00:00:02&lt;/td&gt;&#34;, &#34;&lt;td class=\&#34;col-links\&#34;&gt;&lt;/td&gt;&#34;], &#34;log&#34;: &#34;self = &amp;lt;Dinero_automation.testCases.Customer_Registration_Individual.contact_information_test.Test_Contact_Information object at 0x7fbd1a5e02d0&amp;gt;\nsetup = &amp;lt;selenium.webdriver.chrome.webdriver.WebDriver (session=&amp;quot;6c11264fbe0020d21774b551e893f7b0&amp;quot;)&amp;gt;\n\n    def test_validation_modification_page_nonres(self, setup):\n        self.driver = setup\n        self.driver.get(self.url)\n        self.driver.maximize_window()\n        self.driver.implicitly_wait(30)\n        self.lp = LoginPage(self.driver)\n        self.lp.setUsername(self.uname)\n        self.lp.setPassword(self.upass)\n        # time.sleep(2)\n        self.lp.clickLogin()\n        # time.sleep(2)\n    \n        # click action for nav bar arrow\n        self.nav = Navigation_Page(self.driver)\n        self.nav.click_navbar()\n        # time.sleep(2)\n    \n        # click action for customer registration\n        self.nav.click_customer_registration()\n        # time.sleep(2)\n    \n        # assining the pageobjects\n        self.cur = Persomal_Information(self.driver)\n        self.ci = Contact_Information(self.driver)\n        self.id = Id_details(self.driver)\n    \n        # self.cu_status = Select(self.cur.customerStatusDropdown_not_required())\n        # self.cu_status.select_by_index(1)\n        # self.cur.idNoField_not_required(&amp;quot;7&amp;quot;)\n        # self.cur.dateofexpiry_not_required(12102024)\n        # self.cur.btnverify()\n        # time.sleep(2)\n    \n        # assign data in to the fields\n        fname = &amp;quot;QA&amp;quot;\n        mname = &amp;quot;Automation&amp;quot;\n        lname = &amp;quot;Tester&amp;quot;\n        arbname = &amp;quot;Khan&amp;quot;\n        shname = &amp;quot;QA Automation&amp;quot;\n        mainame = &amp;quot;Nayana&amp;quot;\n        dob = &amp;quot;30032000&amp;quot;\n    \n        # perform personal information\n        self.drp = Select(self.cur.titleDropdown_required())\n&amp;gt;       self.drp.select_by_index(1)\n\ncontact_information_test.py:5904: \n_ _ _ _ _ _ _ _ _ _ _ _ _ _ _ _ _ _ _ _ _ _ _ _ _ _ _ _ _ _ _ _ _ _ _ _ _ _ _ _ \n../../../../PycharmProjects/Dinero_API/.venv/lib/python3.11/site-packages/selenium/webdriver/support/select.py:98: in select_by_index\n    self._set_selected(opt)\n../../../../PycharmProjects/Dinero_API/.venv/lib/python3.11/site-packages/selenium/webdriver/support/select.py:212: in _set_selected\n    if not option.is_enabled():\n../../../../PycharmProjects/Dinero_API/.venv/lib/python3.11/site-packages/selenium/webdriver/remote/webelement.py:192: in is_enabled\n    return self._execute(Command.IS_ELEMENT_ENABLED)[&amp;quot;value&amp;quot;]\n../../../../PycharmProjects/Dinero_API/.venv/lib/python3.11/site-packages/selenium/webdriver/remote/webelement.py:395: in _execute\n    return self._parent.execute(command, params)\n../../../../PycharmProjects/Dinero_API/.venv/lib/python3.11/site-packages/selenium/webdriver/remote/webdriver.py:354: in execute\n    self.error_handler.check_response(response)\n_ _ _ _ _ _ _ _ _ _ _ _ _ _ _ _ _ _ _ _ _ _ _ _ _ _ _ _ _ _ _ _ _ _ _ _ _ _ _ _ \n\nself = &amp;lt;selenium.webdriver.remote.errorhandler.ErrorHandler object at 0x7fbd19d43950&amp;gt;\nresponse = {&amp;#x27;status&amp;#x27;: 404, &amp;#x27;value&amp;#x27;: &amp;#x27;{&amp;quot;value&amp;quot;:{&amp;quot;error&amp;quot;:&amp;quot;no such window&amp;quot;,&amp;quot;message&amp;quot;:&amp;quot;no such window: target window already closed\\\\...\\\\n#14 0x555f6eac28a2 \\\\u003Cunknown&amp;gt;\\\\n#15 0x555f6ead26cc \\\\u003Cunknown&amp;gt;\\\\n#16 0x7f7799d69134 \\\\u003Cunknown&amp;gt;\\\\n&amp;quot;}}&amp;#x27;}\n\n    def check_response(self, response: Dict[str, Any]) -&amp;gt; None:\n        &amp;quot;&amp;quot;&amp;quot;Checks that a JSON response from the WebDriver does not have an\n        error.\n    \n        :Args:\n         - response - The JSON response from the WebDriver server as a dictionary\n           object.\n    \n        :Raises: If the response contains an error message.\n        &amp;quot;&amp;quot;&amp;quot;\n        status = response.get(&amp;quot;status&amp;quot;, None)\n        if not status or status == ErrorCode.SUCCESS:\n            return\n        value = None\n        message = response.get(&amp;quot;message&amp;quot;, &amp;quot;&amp;quot;)\n        screen: str = response.get(&amp;quot;screen&amp;quot;, &amp;quot;&amp;quot;)\n        stacktrace = None\n        if isinstance(status, int):\n            value_json = response.get(&amp;quot;value&amp;quot;, None)\n            if value_json and isinstance(value_json, str):\n                import json\n    \n                try:\n                    value = json.loads(value_json)\n                    if len(value) == 1:\n                        value = value[&amp;quot;value&amp;quot;]\n                    status = value.get(&amp;quot;error&amp;quot;, None)\n                    if not status:\n                        status = value.get(&amp;quot;status&amp;quot;, ErrorCode.UNKNOWN_ERROR)\n                        message = value.get(&amp;quot;value&amp;quot;) or value.get(&amp;quot;message&amp;quot;)\n                        if not isinstance(message, str):\n                            value = message\n                            message = message.get(&amp;quot;message&amp;quot;)\n                    else:\n                        message = value.get(&amp;quot;message&amp;quot;, None)\n                except ValueError:\n                    pass\n    \n        exception_class: Type[WebDriverException]\n        e = ErrorCode()\n        error_codes = [item for item in dir(e) if not item.startswith(&amp;quot;__&amp;quot;)]\n        for error_code in error_codes:\n            error_info = getattr(ErrorCode, error_code)\n            if isinstance(error_info, list) and status in error_info:\n                exception_class = getattr(ExceptionMapping, error_code, WebDriverException)\n                break\n        else:\n            exception_class = WebDriverException\n    \n        if not value:\n            value = response[&amp;quot;value&amp;quot;]\n        if isinstance(value, str):\n            raise exception_class(value)\n        if message == &amp;quot;&amp;quot; and &amp;quot;message&amp;quot; in value:\n            message = value[&amp;quot;message&amp;quot;]\n    \n        screen = None  # type: ignore[assignment]\n        if &amp;quot;screen&amp;quot; in value:\n            screen = value[&amp;quot;screen&amp;quot;]\n    \n        stacktrace = None\n        st_value = value.get(&amp;quot;stackTrace&amp;quot;) or value.get(&amp;quot;stacktrace&amp;quot;)\n        if st_value:\n            if isinstance(st_value, str):\n                stacktrace = st_value.split(&amp;quot;\\n&amp;quot;)\n            else:\n                stacktrace = []\n                try:\n                    for frame in st_value:\n                        line = frame.get(&amp;quot;lineNumber&amp;quot;, &amp;quot;&amp;quot;)\n                        file = frame.get(&amp;quot;fileName&amp;quot;, &amp;quot;&amp;lt;anonymous&amp;gt;&amp;quot;)\n                        if line:\n                            file = f&amp;quot;{file}:{line}&amp;quot;\n                        meth = frame.get(&amp;quot;methodName&amp;quot;, &amp;quot;&amp;lt;anonymous&amp;gt;&amp;quot;)\n                        if &amp;quot;className&amp;quot; in frame:\n                            meth = f&amp;quot;{frame[&amp;#x27;className&amp;#x27;]}.{meth}&amp;quot;\n                        msg = &amp;quot;    at %s (%s)&amp;quot;\n                        msg = msg % (meth, file)\n                        stacktrace.append(msg)\n                except TypeError:\n                    pass\n        if exception_class == UnexpectedAlertPresentException:\n            alert_text = None\n            if &amp;quot;data&amp;quot; in value:\n                alert_text = value[&amp;quot;data&amp;quot;].get(&amp;quot;text&amp;quot;)\n            elif &amp;quot;alert&amp;quot; in value:\n                alert_text = value[&amp;quot;alert&amp;quot;].get(&amp;quot;text&amp;quot;)\n            raise exception_class(message, screen, stacktrace, alert_text)  # type: ignore[call-arg]  # mypy is not smart enough here\n&amp;gt;       raise exception_class(message, screen, stacktrace)\nE       selenium.common.exceptions.NoSuchWindowException: Message: no such window: target window already closed\nE       from unknown error: web view not found\nE         (Session info: chrome=128.0.6613.84)\nE       Stacktrace:\nE       #0 0x555f6ead38da &amp;lt;unknown&amp;gt;\nE       #1 0x555f6e7a1e50 &amp;lt;unknown&amp;gt;\nE       #2 0x555f6e77768f &amp;lt;unknown&amp;gt;\nE       #3 0x555f6e81eabd &amp;lt;unknown&amp;gt;\nE       #4 0x555f6e834279 &amp;lt;unknown&amp;gt;\nE       #5 0x555f6e816233 &amp;lt;unknown&amp;gt;\nE       #6 0x555f6e7e4093 &amp;lt;unknown&amp;gt;\nE       #7 0x555f6e7e509e &amp;lt;unknown&amp;gt;\nE       #8 0x555f6ea9ab3b &amp;lt;unknown&amp;gt;\nE       #9 0x555f6ea9eaf1 &amp;lt;unknown&amp;gt;\nE       #10 0x555f6ea86705 &amp;lt;unknown&amp;gt;\nE       #11 0x555f6ea9f662 &amp;lt;unknown&amp;gt;\nE       #12 0x555f6ea6b8df &amp;lt;unknown&amp;gt;\nE       #13 0x555f6eac26d8 &amp;lt;unknown&amp;gt;\nE       #14 0x555f6eac28a2 &amp;lt;unknown&amp;gt;\nE       #15 0x555f6ead26cc &amp;lt;unknown&amp;gt;\nE       #16 0x7f7799d69134 &amp;lt;unknown&amp;gt;\n\n../../../../PycharmProjects/Dinero_API/.venv/lib/python3.11/site-packages/selenium/webdriver/remote/errorhandler.py:229: NoSuchWindowException\n\n---------------------------- Captured stdout setup -----------------------------\nLaunching Chrome browser.........\n&#34;}], &#34;Customer_Registration_Individual/contact_information_test.py::Test_Contact_Information::test_validation_modification_page_clear_nonres&#34;: [{&#34;extras&#34;: [], &#34;result&#34;: &#34;Failed&#34;, &#34;testId&#34;: &#34;Customer_Registration_Individual/contact_information_test.py::Test_Contact_Information::test_validation_modification_page_clear_nonres&#34;, &#34;duration&#34;: &#34;00:00:02&#34;, &#34;resultsTableRow&#34;: [&#34;&lt;td class=\&#34;col-result\&#34;&gt;Failed&lt;/td&gt;&#34;, &#34;&lt;td class=\&#34;col-testId\&#34;&gt;Customer_Registration_Individual/contact_information_test.py::Test_Contact_Information::test_validation_modification_page_clear_nonres&lt;/td&gt;&#34;, &#34;&lt;td class=\&#34;col-duration\&#34;&gt;00:00:02&lt;/td&gt;&#34;, &#34;&lt;td class=\&#34;col-links\&#34;&gt;&lt;/td&gt;&#34;], &#34;log&#34;: &#34;self = &amp;lt;Dinero_automation.testCases.Customer_Registration_Individual.contact_information_test.Test_Contact_Information object at 0x7fbd1a5e0890&amp;gt;\nsetup = &amp;lt;selenium.webdriver.chrome.webdriver.WebDriver (session=&amp;quot;3a6087c47a63bb10356b88ecca55c37c&amp;quot;)&amp;gt;\n\n    def test_validation_modification_page_clear_nonres(self, setup):\n        self.driver = setup\n        self.driver.get(self.url)\n        self.driver.maximize_window()\n        self.driver.implicitly_wait(30)\n        self.lp = LoginPage(self.driver)\n        self.lp.setUsername(self.uname)\n        self.lp.setPassword(self.upass)\n        # time.sleep(2)\n        self.lp.clickLogin()\n        # time.sleep(2)\n    \n        # click action for nav bar arrow\n        self.nav = Navigation_Page(self.driver)\n        self.nav.click_navbar()\n        # time.sleep(2)\n    \n        # click action for customer registration\n        self.nav.click_customer_registration()\n        # time.sleep(2)\n    \n        # assining the pageobjects\n        self.cur = Persomal_Information(self.driver)\n        self.ci = Contact_Information(self.driver)\n        self.id = Id_details(self.driver)\n    \n        # self.cu_status = Select(self.cur.customerStatusDropdown_not_required())\n        # self.cu_status.select_by_index(1)\n        # self.cur.idNoField_not_required(&amp;quot;7&amp;quot;)\n        # self.cur.dateofexpiry_not_required(12102024)\n        # self.cur.btnverify()\n        # time.sleep(2)\n    \n        # assign data in to the fields\n        fname = &amp;quot;QA&amp;quot;\n        mname = &amp;quot;Automation&amp;quot;\n        lname = &amp;quot;Tester&amp;quot;\n        arbname = &amp;quot;Khan&amp;quot;\n        shname = &amp;quot;QA Automation&amp;quot;\n        mainame = &amp;quot;Nayana&amp;quot;\n        dob = &amp;quot;30032000&amp;quot;\n    \n        # perform personal information\n        self.drp = Select(self.cur.titleDropdown_required())\n&amp;gt;       self.drp.select_by_index(1)\n\ncontact_information_test.py:6306: \n_ _ _ _ _ _ _ _ _ _ _ _ _ _ _ _ _ _ _ _ _ _ _ _ _ _ _ _ _ _ _ _ _ _ _ _ _ _ _ _ \n../../../../PycharmProjects/Dinero_API/.venv/lib/python3.11/site-packages/selenium/webdriver/support/select.py:96: in select_by_index\n    for opt in self.options:\n../../../../PycharmProjects/Dinero_API/.venv/lib/python3.11/site-packages/selenium/webdriver/support/select.py:47: in options\n    return self._el.find_elements(By.TAG_NAME, &amp;quot;option&amp;quot;)\n../../../../PycharmProjects/Dinero_API/.venv/lib/python3.11/site-packages/selenium/webdriver/remote/webelement.py:439: in find_elements\n    return self._execute(Command.FIND_CHILD_ELEMENTS, {&amp;quot;using&amp;quot;: by, &amp;quot;value&amp;quot;: value})[&amp;quot;value&amp;quot;]\n../../../../PycharmProjects/Dinero_API/.venv/lib/python3.11/site-packages/selenium/webdriver/remote/webelement.py:395: in _execute\n    return self._parent.execute(command, params)\n../../../../PycharmProjects/Dinero_API/.venv/lib/python3.11/site-packages/selenium/webdriver/remote/webdriver.py:354: in execute\n    self.error_handler.check_response(response)\n_ _ _ _ _ _ _ _ _ _ _ _ _ _ _ _ _ _ _ _ _ _ _ _ _ _ _ _ _ _ _ _ _ _ _ _ _ _ _ _ \n\nself = &amp;lt;selenium.webdriver.remote.errorhandler.ErrorHandler object at 0x7fbd19a8a210&amp;gt;\nresponse = {&amp;#x27;status&amp;#x27;: 404, &amp;#x27;value&amp;#x27;: &amp;#x27;{&amp;quot;value&amp;quot;:{&amp;quot;error&amp;quot;:&amp;quot;no such window&amp;quot;,&amp;quot;message&amp;quot;:&amp;quot;no such window: target window already closed\\\\...\\\\n#14 0x56351fd178a2 \\\\u003Cunknown&amp;gt;\\\\n#15 0x56351fd276cc \\\\u003Cunknown&amp;gt;\\\\n#16 0x7fbc8fce2134 \\\\u003Cunknown&amp;gt;\\\\n&amp;quot;}}&amp;#x27;}\n\n    def check_response(self, response: Dict[str, Any]) -&amp;gt; None:\n        &amp;quot;&amp;quot;&amp;quot;Checks that a JSON response from the WebDriver does not have an\n        error.\n    \n        :Args:\n         - response - The JSON response from the WebDriver server as a dictionary\n           object.\n    \n        :Raises: If the response contains an error message.\n        &amp;quot;&amp;quot;&amp;quot;\n        status = response.get(&amp;quot;status&amp;quot;, None)\n        if not status or status == ErrorCode.SUCCESS:\n            return\n        value = None\n        message = response.get(&amp;quot;message&amp;quot;, &amp;quot;&amp;quot;)\n        screen: str = response.get(&amp;quot;screen&amp;quot;, &amp;quot;&amp;quot;)\n        stacktrace = None\n        if isinstance(status, int):\n            value_json = response.get(&amp;quot;value&amp;quot;, None)\n            if value_json and isinstance(value_json, str):\n                import json\n    \n                try:\n                    value = json.loads(value_json)\n                    if len(value) == 1:\n                        value = value[&amp;quot;value&amp;quot;]\n                    status = value.get(&amp;quot;error&amp;quot;, None)\n                    if not status:\n                        status = value.get(&amp;quot;status&amp;quot;, ErrorCode.UNKNOWN_ERROR)\n                        message = value.get(&amp;quot;value&amp;quot;) or value.get(&amp;quot;message&amp;quot;)\n                        if not isinstance(message, str):\n                            value = message\n                            message = message.get(&amp;quot;message&amp;quot;)\n                    else:\n                        message = value.get(&amp;quot;message&amp;quot;, None)\n                except ValueError:\n                    pass\n    \n        exception_class: Type[WebDriverException]\n        e = ErrorCode()\n        error_codes = [item for item in dir(e) if not item.startswith(&amp;quot;__&amp;quot;)]\n        for error_code in error_codes:\n            error_info = getattr(ErrorCode, error_code)\n            if isinstance(error_info, list) and status in error_info:\n                exception_class = getattr(ExceptionMapping, error_code, WebDriverException)\n                break\n        else:\n            exception_class = WebDriverException\n    \n        if not value:\n            value = response[&amp;quot;value&amp;quot;]\n        if isinstance(value, str):\n            raise exception_class(value)\n        if message == &amp;quot;&amp;quot; and &amp;quot;message&amp;quot; in value:\n            message = value[&amp;quot;message&amp;quot;]\n    \n        screen = None  # type: ignore[assignment]\n        if &amp;quot;screen&amp;quot; in value:\n            screen = value[&amp;quot;screen&amp;quot;]\n    \n        stacktrace = None\n        st_value = value.get(&amp;quot;stackTrace&amp;quot;) or value.get(&amp;quot;stacktrace&amp;quot;)\n        if st_value:\n            if isinstance(st_value, str):\n                stacktrace = st_value.split(&amp;quot;\\n&amp;quot;)\n            else:\n                stacktrace = []\n                try:\n                    for frame in st_value:\n                        line = frame.get(&amp;quot;lineNumber&amp;quot;, &amp;quot;&amp;quot;)\n                        file = frame.get(&amp;quot;fileName&amp;quot;, &amp;quot;&amp;lt;anonymous&amp;gt;&amp;quot;)\n                        if line:\n                            file = f&amp;quot;{file}:{line}&amp;quot;\n                        meth = frame.get(&amp;quot;methodName&amp;quot;, &amp;quot;&amp;lt;anonymous&amp;gt;&amp;quot;)\n                        if &amp;quot;className&amp;quot; in frame:\n                            meth = f&amp;quot;{frame[&amp;#x27;className&amp;#x27;]}.{meth}&amp;quot;\n                        msg = &amp;quot;    at %s (%s)&amp;quot;\n                        msg = msg % (meth, file)\n                        stacktrace.append(msg)\n                except TypeError:\n                    pass\n        if exception_class == UnexpectedAlertPresentException:\n            alert_text = None\n            if &amp;quot;data&amp;quot; in value:\n                alert_text = value[&amp;quot;data&amp;quot;].get(&amp;quot;text&amp;quot;)\n            elif &amp;quot;alert&amp;quot; in value:\n                alert_text = value[&amp;quot;alert&amp;quot;].get(&amp;quot;text&amp;quot;)\n            raise exception_class(message, screen, stacktrace, alert_text)  # type: ignore[call-arg]  # mypy is not smart enough here\n&amp;gt;       raise exception_class(message, screen, stacktrace)\nE       selenium.common.exceptions.NoSuchWindowException: Message: no such window: target window already closed\nE       from unknown error: web view not found\nE         (Session info: chrome=128.0.6613.84)\nE       Stacktrace:\nE       #0 0x56351fd288da &amp;lt;unknown&amp;gt;\nE       #1 0x56351f9f6e50 &amp;lt;unknown&amp;gt;\nE       #2 0x56351f9cc68f &amp;lt;unknown&amp;gt;\nE       #3 0x56351fa73abd &amp;lt;unknown&amp;gt;\nE       #4 0x56351fa89279 &amp;lt;unknown&amp;gt;\nE       #5 0x56351fa6b233 &amp;lt;unknown&amp;gt;\nE       #6 0x56351fa39093 &amp;lt;unknown&amp;gt;\nE       #7 0x56351fa3a09e &amp;lt;unknown&amp;gt;\nE       #8 0x56351fcefb3b &amp;lt;unknown&amp;gt;\nE       #9 0x56351fcf3af1 &amp;lt;unknown&amp;gt;\nE       #10 0x56351fcdb705 &amp;lt;unknown&amp;gt;\nE       #11 0x56351fcf4662 &amp;lt;unknown&amp;gt;\nE       #12 0x56351fcc08df &amp;lt;unknown&amp;gt;\nE       #13 0x56351fd176d8 &amp;lt;unknown&amp;gt;\nE       #14 0x56351fd178a2 &amp;lt;unknown&amp;gt;\nE       #15 0x56351fd276cc &amp;lt;unknown&amp;gt;\nE       #16 0x7fbc8fce2134 &amp;lt;unknown&amp;gt;\n\n../../../../PycharmProjects/Dinero_API/.venv/lib/python3.11/site-packages/selenium/webdriver/remote/errorhandler.py:229: NoSuchWindowException\n\n---------------------------- Captured stdout setup -----------------------------\nLaunching Chrome browser.........\n&#34;}], &#34;Customer_Registration_Individual/contact_information_test.py::Test_Contact_Information::test_validating_date&#34;: [{&#34;extras&#34;: [], &#34;result&#34;: &#34;Failed&#34;, &#34;testId&#34;: &#34;Customer_Registration_Individual/contact_information_test.py::Test_Contact_Information::test_validating_date&#34;, &#34;duration&#34;: &#34;00:00:02&#34;, &#34;resultsTableRow&#34;: [&#34;&lt;td class=\&#34;col-result\&#34;&gt;Failed&lt;/td&gt;&#34;, &#34;&lt;td class=\&#34;col-testId\&#34;&gt;Customer_Registration_Individual/contact_information_test.py::Test_Contact_Information::test_validating_date&lt;/td&gt;&#34;, &#34;&lt;td class=\&#34;col-duration\&#34;&gt;00:00:02&lt;/td&gt;&#34;, &#34;&lt;td class=\&#34;col-links\&#34;&gt;&lt;/td&gt;&#34;], &#34;log&#34;: &#34;self = &amp;lt;Dinero_automation.testCases.Customer_Registration_Individual.contact_information_test.Test_Contact_Information object at 0x7fbd1a5d3710&amp;gt;\nsetup = &amp;lt;selenium.webdriver.chrome.webdriver.WebDriver (session=&amp;quot;da1ebb10aec62470d4ba5ba5ba65b554&amp;quot;)&amp;gt;\n\n    def test_validating_date(self, setup):\n        self.driver = setup\n        self.driver.get(self.url)\n        self.driver.maximize_window()\n        self.driver.implicitly_wait(30)\n        self.lp = LoginPage(self.driver)\n        self.lp.setUsername(self.uname)\n        self.lp.setPassword(self.upass)\n        # time.sleep(2)\n        self.lp.clickLogin()\n    \n        # click action for nav bar arrow\n        self.nav = Navigation_Page(self.driver)\n        self.nav.click_navbar()\n    \n        # click action for customer registration\n        self.nav.click_customer_registration()\n        # time.sleep(2)\n    \n        # assining the pageobjects\n        self.cur = Persomal_Information(self.driver)\n        self.ci = Contact_Information(self.driver)\n        self.id = Id_details(self.driver)\n    \n        # self.cu_status = Select(self.cur.customerStatusDropdown_not_required())\n        # self.cu_status.select_by_index(1)\n        # self.cur.idNoField_not_required(&amp;quot;7&amp;quot;)\n        # self.cur.dateofexpiry_not_required(12102024)\n        # self.cur.btnverify()\n        # time.sleep(2)\n    \n        # assign data in to the fields\n        fname = &amp;quot;QA&amp;quot;\n        mname = &amp;quot;Automation&amp;quot;\n        lname = &amp;quot;Tester&amp;quot;\n        arbname = &amp;quot;Khan&amp;quot;\n        shname = &amp;quot;QA Automation&amp;quot;\n        mainame = &amp;quot;Nayana&amp;quot;\n        dob = 30032000\n    \n        # perform personal information\n        self.drp = Select(self.cur.titleDropdown_required())\n&amp;gt;       self.drp.select_by_index(1)\n\ncontact_information_test.py:6841: \n_ _ _ _ _ _ _ _ _ _ _ _ _ _ _ _ _ _ _ _ _ _ _ _ _ _ _ _ _ _ _ _ _ _ _ _ _ _ _ _ \n../../../../PycharmProjects/Dinero_API/.venv/lib/python3.11/site-packages/selenium/webdriver/support/select.py:96: in select_by_index\n    for opt in self.options:\n../../../../PycharmProjects/Dinero_API/.venv/lib/python3.11/site-packages/selenium/webdriver/support/select.py:47: in options\n    return self._el.find_elements(By.TAG_NAME, &amp;quot;option&amp;quot;)\n../../../../PycharmProjects/Dinero_API/.venv/lib/python3.11/site-packages/selenium/webdriver/remote/webelement.py:439: in find_elements\n    return self._execute(Command.FIND_CHILD_ELEMENTS, {&amp;quot;using&amp;quot;: by, &amp;quot;value&amp;quot;: value})[&amp;quot;value&amp;quot;]\n../../../../PycharmProjects/Dinero_API/.venv/lib/python3.11/site-packages/selenium/webdriver/remote/webelement.py:395: in _execute\n    return self._parent.execute(command, params)\n../../../../PycharmProjects/Dinero_API/.venv/lib/python3.11/site-packages/selenium/webdriver/remote/webdriver.py:354: in execute\n    self.error_handler.check_response(response)\n_ _ _ _ _ _ _ _ _ _ _ _ _ _ _ _ _ _ _ _ _ _ _ _ _ _ _ _ _ _ _ _ _ _ _ _ _ _ _ _ \n\nself = &amp;lt;selenium.webdriver.remote.errorhandler.ErrorHandler object at 0x7fbd19489890&amp;gt;\nresponse = {&amp;#x27;status&amp;#x27;: 404, &amp;#x27;value&amp;#x27;: &amp;#x27;{&amp;quot;value&amp;quot;:{&amp;quot;error&amp;quot;:&amp;quot;no such window&amp;quot;,&amp;quot;message&amp;quot;:&amp;quot;no such window: target window already closed\\\\...\\\\n#14 0x562610a698a2 \\\\u003Cunknown&amp;gt;\\\\n#15 0x562610a796cc \\\\u003Cunknown&amp;gt;\\\\n#16 0x7fa5744a8134 \\\\u003Cunknown&amp;gt;\\\\n&amp;quot;}}&amp;#x27;}\n\n    def check_response(self, response: Dict[str, Any]) -&amp;gt; None:\n        &amp;quot;&amp;quot;&amp;quot;Checks that a JSON response from the WebDriver does not have an\n        error.\n    \n        :Args:\n         - response - The JSON response from the WebDriver server as a dictionary\n           object.\n    \n        :Raises: If the response contains an error message.\n        &amp;quot;&amp;quot;&amp;quot;\n        status = response.get(&amp;quot;status&amp;quot;, None)\n        if not status or status == ErrorCode.SUCCESS:\n            return\n        value = None\n        message = response.get(&amp;quot;message&amp;quot;, &amp;quot;&amp;quot;)\n        screen: str = response.get(&amp;quot;screen&amp;quot;, &amp;quot;&amp;quot;)\n        stacktrace = None\n        if isinstance(status, int):\n            value_json = response.get(&amp;quot;value&amp;quot;, None)\n            if value_json and isinstance(value_json, str):\n                import json\n    \n                try:\n                    value = json.loads(value_json)\n                    if len(value) == 1:\n                        value = value[&amp;quot;value&amp;quot;]\n                    status = value.get(&amp;quot;error&amp;quot;, None)\n                    if not status:\n                        status = value.get(&amp;quot;status&amp;quot;, ErrorCode.UNKNOWN_ERROR)\n                        message = value.get(&amp;quot;value&amp;quot;) or value.get(&amp;quot;message&amp;quot;)\n                        if not isinstance(message, str):\n                            value = message\n                            message = message.get(&amp;quot;message&amp;quot;)\n                    else:\n                        message = value.get(&amp;quot;message&amp;quot;, None)\n                except ValueError:\n                    pass\n    \n        exception_class: Type[WebDriverException]\n        e = ErrorCode()\n        error_codes = [item for item in dir(e) if not item.startswith(&amp;quot;__&amp;quot;)]\n        for error_code in error_codes:\n            error_info = getattr(ErrorCode, error_code)\n            if isinstance(error_info, list) and status in error_info:\n                exception_class = getattr(ExceptionMapping, error_code, WebDriverException)\n                break\n        else:\n            exception_class = WebDriverException\n    \n        if not value:\n            value = response[&amp;quot;value&amp;quot;]\n        if isinstance(value, str):\n            raise exception_class(value)\n        if message == &amp;quot;&amp;quot; and &amp;quot;message&amp;quot; in value:\n            message = value[&amp;quot;message&amp;quot;]\n    \n        screen = None  # type: ignore[assignment]\n        if &amp;quot;screen&amp;quot; in value:\n            screen = value[&amp;quot;screen&amp;quot;]\n    \n        stacktrace = None\n        st_value = value.get(&amp;quot;stackTrace&amp;quot;) or value.get(&amp;quot;stacktrace&amp;quot;)\n        if st_value:\n            if isinstance(st_value, str):\n                stacktrace = st_value.split(&amp;quot;\\n&amp;quot;)\n            else:\n                stacktrace = []\n                try:\n                    for frame in st_value:\n                        line = frame.get(&amp;quot;lineNumber&amp;quot;, &amp;quot;&amp;quot;)\n                        file = frame.get(&amp;quot;fileName&amp;quot;, &amp;quot;&amp;lt;anonymous&amp;gt;&amp;quot;)\n                        if line:\n                            file = f&amp;quot;{file}:{line}&amp;quot;\n                        meth = frame.get(&amp;quot;methodName&amp;quot;, &amp;quot;&amp;lt;anonymous&amp;gt;&amp;quot;)\n                        if &amp;quot;className&amp;quot; in frame:\n                            meth = f&amp;quot;{frame[&amp;#x27;className&amp;#x27;]}.{meth}&amp;quot;\n                        msg = &amp;quot;    at %s (%s)&amp;quot;\n                        msg = msg % (meth, file)\n                        stacktrace.append(msg)\n                except TypeError:\n                    pass\n        if exception_class == UnexpectedAlertPresentException:\n            alert_text = None\n            if &amp;quot;data&amp;quot; in value:\n                alert_text = value[&amp;quot;data&amp;quot;].get(&amp;quot;text&amp;quot;)\n            elif &amp;quot;alert&amp;quot; in value:\n                alert_text = value[&amp;quot;alert&amp;quot;].get(&amp;quot;text&amp;quot;)\n            raise exception_class(message, screen, stacktrace, alert_text)  # type: ignore[call-arg]  # mypy is not smart enough here\n&amp;gt;       raise exception_class(message, screen, stacktrace)\nE       selenium.common.exceptions.NoSuchWindowException: Message: no such window: target window already closed\nE       from unknown error: web view not found\nE         (Session info: chrome=128.0.6613.84)\nE       Stacktrace:\nE       #0 0x562610a7a8da &amp;lt;unknown&amp;gt;\nE       #1 0x562610748e50 &amp;lt;unknown&amp;gt;\nE       #2 0x56261071e68f &amp;lt;unknown&amp;gt;\nE       #3 0x5626107c5abd &amp;lt;unknown&amp;gt;\nE       #4 0x5626107db279 &amp;lt;unknown&amp;gt;\nE       #5 0x5626107bd233 &amp;lt;unknown&amp;gt;\nE       #6 0x56261078b093 &amp;lt;unknown&amp;gt;\nE       #7 0x56261078c09e &amp;lt;unknown&amp;gt;\nE       #8 0x562610a41b3b &amp;lt;unknown&amp;gt;\nE       #9 0x562610a45af1 &amp;lt;unknown&amp;gt;\nE       #10 0x562610a2d705 &amp;lt;unknown&amp;gt;\nE       #11 0x562610a46662 &amp;lt;unknown&amp;gt;\nE       #12 0x562610a128df &amp;lt;unknown&amp;gt;\nE       #13 0x562610a696d8 &amp;lt;unknown&amp;gt;\nE       #14 0x562610a698a2 &amp;lt;unknown&amp;gt;\nE       #15 0x562610a796cc &amp;lt;unknown&amp;gt;\nE       #16 0x7fa5744a8134 &amp;lt;unknown&amp;gt;\n\n../../../../PycharmProjects/Dinero_API/.venv/lib/python3.11/site-packages/selenium/webdriver/remote/errorhandler.py:229: NoSuchWindowException\n\n---------------------------- Captured stdout setup -----------------------------\nLaunching Chrome browser.........\n&#34;}]}, &#34;renderCollapsed&#34;: [&#34;passed&#34;], &#34;initialSort&#34;: &#34;result&#34;, &#34;title&#34;: &#34;29-08-2024 12-13-47.html&#34;}"></div>
    <script>
      (function(){function r(e,n,t){function o(i,f){if(!n[i]){if(!e[i]){var c="function"==typeof require&&require;if(!f&&c)return c(i,!0);if(u)return u(i,!0);var a=new Error("Cannot find module '"+i+"'");throw a.code="MODULE_NOT_FOUND",a}var p=n[i]={exports:{}};e[i][0].call(p.exports,function(r){var n=e[i][1][r];return o(n||r)},p,p.exports,r,e,n,t)}return n[i].exports}for(var u="function"==typeof require&&require,i=0;i<t.length;i++)o(t[i]);return o}return r})()({1:[function(require,module,exports){
const { getCollapsedCategory, setCollapsedIds } = require('./storage.js')

class DataManager {
    setManager(data) {
        const collapsedCategories = [...getCollapsedCategory(data.renderCollapsed)]
        const collapsedIds = []
        const tests = Object.values(data.tests).flat().map((test, index) => {
            const collapsed = collapsedCategories.includes(test.result.toLowerCase())
            const id = `test_${index}`
            if (collapsed) {
                collapsedIds.push(id)
            }
            return {
                ...test,
                id,
                collapsed,
            }
        })
        const dataBlob = { ...data, tests }
        this.data = { ...dataBlob }
        this.renderData = { ...dataBlob }
        setCollapsedIds(collapsedIds)
    }

    get allData() {
        return { ...this.data }
    }

    resetRender() {
        this.renderData = { ...this.data }
    }

    setRender(data) {
        this.renderData.tests = [...data]
    }

    toggleCollapsedItem(id) {
        this.renderData.tests = this.renderData.tests.map((test) =>
            test.id === id ? { ...test, collapsed: !test.collapsed } : test,
        )
    }

    set allCollapsed(collapsed) {
        this.renderData = { ...this.renderData, tests: [...this.renderData.tests.map((test) => (
            { ...test, collapsed }
        ))] }
    }

    get testSubset() {
        return [...this.renderData.tests]
    }

    get environment() {
        return this.renderData.environment
    }

    get initialSort() {
        return this.data.initialSort
    }
}

module.exports = {
    manager: new DataManager(),
}

},{"./storage.js":8}],2:[function(require,module,exports){
const mediaViewer = require('./mediaviewer.js')
const templateEnvRow = document.getElementById('template_environment_row')
const templateResult = document.getElementById('template_results-table__tbody')

function htmlToElements(html) {
    const temp = document.createElement('template')
    temp.innerHTML = html
    return temp.content.childNodes
}

const find = (selector, elem) => {
    if (!elem) {
        elem = document
    }
    return elem.querySelector(selector)
}

const findAll = (selector, elem) => {
    if (!elem) {
        elem = document
    }
    return [...elem.querySelectorAll(selector)]
}

const dom = {
    getStaticRow: (key, value) => {
        const envRow = templateEnvRow.content.cloneNode(true)
        const isObj = typeof value === 'object' && value !== null
        const values = isObj ? Object.keys(value).map((k) => `${k}: ${value[k]}`) : null

        const valuesElement = htmlToElements(
            values ? `<ul>${values.map((val) => `<li>${val}</li>`).join('')}<ul>` : `<div>${value}</div>`)[0]
        const td = findAll('td', envRow)
        td[0].textContent = key
        td[1].appendChild(valuesElement)

        return envRow
    },
    getResultTBody: ({ testId, id, log, extras, resultsTableRow, tableHtml, result, collapsed }) => {
        const resultBody = templateResult.content.cloneNode(true)
        resultBody.querySelector('tbody').classList.add(result.toLowerCase())
        resultBody.querySelector('tbody').id = testId
        resultBody.querySelector('.collapsible').dataset.id = id

        resultsTableRow.forEach((html) => {
            const t = document.createElement('template')
            t.innerHTML = html
            resultBody.querySelector('.collapsible').appendChild(t.content)
        })

        if (log) {
            // Wrap lines starting with "E" with span.error to color those lines red
            const wrappedLog = log.replace(/^E.*$/gm, (match) => `<span class="error">${match}</span>`)
            resultBody.querySelector('.log').innerHTML = wrappedLog
        } else {
            resultBody.querySelector('.log').remove()
        }

        if (collapsed) {
            resultBody.querySelector('.collapsible > td')?.classList.add('collapsed')
            resultBody.querySelector('.extras-row').classList.add('hidden')
        } else {
            resultBody.querySelector('.collapsible > td')?.classList.remove('collapsed')
        }

        const media = []
        extras?.forEach(({ name, format_type, content }) => {
            if (['image', 'video'].includes(format_type)) {
                media.push({ path: content, name, format_type })
            }

            if (format_type === 'html') {
                resultBody.querySelector('.extraHTML').insertAdjacentHTML('beforeend', `<div>${content}</div>`)
            }
        })
        mediaViewer.setup(resultBody, media)

        // Add custom html from the pytest_html_results_table_html hook
        tableHtml?.forEach((item) => {
            resultBody.querySelector('td[class="extra"]').insertAdjacentHTML('beforeend', item)
        })

        return resultBody
    },
}

module.exports = {
    dom,
    htmlToElements,
    find,
    findAll,
}

},{"./mediaviewer.js":6}],3:[function(require,module,exports){
const { manager } = require('./datamanager.js')
const { doSort } = require('./sort.js')
const storageModule = require('./storage.js')

const getFilteredSubSet = (filter) =>
    manager.allData.tests.filter(({ result }) => filter.includes(result.toLowerCase()))

const doInitFilter = () => {
    const currentFilter = storageModule.getVisible()
    const filteredSubset = getFilteredSubSet(currentFilter)
    manager.setRender(filteredSubset)
}

const doFilter = (type, show) => {
    if (show) {
        storageModule.showCategory(type)
    } else {
        storageModule.hideCategory(type)
    }

    const currentFilter = storageModule.getVisible()
    const filteredSubset = getFilteredSubSet(currentFilter)
    manager.setRender(filteredSubset)

    const sortColumn = storageModule.getSort()
    doSort(sortColumn, true)
}

module.exports = {
    doFilter,
    doInitFilter,
}

},{"./datamanager.js":1,"./sort.js":7,"./storage.js":8}],4:[function(require,module,exports){
const { redraw, bindEvents, renderStatic } = require('./main.js')
const { doInitFilter } = require('./filter.js')
const { doInitSort } = require('./sort.js')
const { manager } = require('./datamanager.js')
const data = JSON.parse(document.getElementById('data-container').dataset.jsonblob)

function init() {
    manager.setManager(data)
    doInitFilter()
    doInitSort()
    renderStatic()
    redraw()
    bindEvents()
}

init()

},{"./datamanager.js":1,"./filter.js":3,"./main.js":5,"./sort.js":7}],5:[function(require,module,exports){
const { dom, find, findAll } = require('./dom.js')
const { manager } = require('./datamanager.js')
const { doSort } = require('./sort.js')
const { doFilter } = require('./filter.js')
const {
    getVisible,
    getCollapsedIds,
    setCollapsedIds,
    getSort,
    getSortDirection,
    possibleFilters,
} = require('./storage.js')

const removeChildren = (node) => {
    while (node.firstChild) {
        node.removeChild(node.firstChild)
    }
}

const renderStatic = () => {
    const renderEnvironmentTable = () => {
        const environment = manager.environment
        const rows = Object.keys(environment).map((key) => dom.getStaticRow(key, environment[key]))
        const table = document.getElementById('environment')
        removeChildren(table)
        rows.forEach((row) => table.appendChild(row))
    }
    renderEnvironmentTable()
}

const addItemToggleListener = (elem) => {
    elem.addEventListener('click', ({ target }) => {
        const id = target.parentElement.dataset.id
        manager.toggleCollapsedItem(id)

        const collapsedIds = getCollapsedIds()
        if (collapsedIds.includes(id)) {
            const updated = collapsedIds.filter((item) => item !== id)
            setCollapsedIds(updated)
        } else {
            collapsedIds.push(id)
            setCollapsedIds(collapsedIds)
        }
        redraw()
    })
}

const renderContent = (tests) => {
    const sortAttr = getSort(manager.initialSort)
    const sortAsc = JSON.parse(getSortDirection())
    const rows = tests.map(dom.getResultTBody)
    const table = document.getElementById('results-table')
    const tableHeader = document.getElementById('results-table-head')

    const newTable = document.createElement('table')
    newTable.id = 'results-table'

    // remove all sorting classes and set the relevant
    findAll('.sortable', tableHeader).forEach((elem) => elem.classList.remove('asc', 'desc'))
    tableHeader.querySelector(`.sortable[data-column-type="${sortAttr}"]`)?.classList.add(sortAsc ? 'desc' : 'asc')
    newTable.appendChild(tableHeader)

    if (!rows.length) {
        const emptyTable = document.getElementById('template_results-table__body--empty').content.cloneNode(true)
        newTable.appendChild(emptyTable)
    } else {
        rows.forEach((row) => {
            if (!!row) {
                findAll('.collapsible td:not(.col-links', row).forEach(addItemToggleListener)
                find('.logexpander', row).addEventListener('click',
                    (evt) => evt.target.parentNode.classList.toggle('expanded'),
                )
                newTable.appendChild(row)
            }
        })
    }

    table.replaceWith(newTable)
}

const renderDerived = () => {
    const currentFilter = getVisible()
    possibleFilters.forEach((result) => {
        const input = document.querySelector(`input[data-test-result="${result}"]`)
        input.checked = currentFilter.includes(result)
    })
}

const bindEvents = () => {
    const filterColumn = (evt) => {
        const { target: element } = evt
        const { testResult } = element.dataset

        doFilter(testResult, element.checked)
        const collapsedIds = getCollapsedIds()
        const updated = manager.renderData.tests.map((test) => {
            return {
                ...test,
                collapsed: collapsedIds.includes(test.id),
            }
        })
        manager.setRender(updated)
        redraw()
    }

    const header = document.getElementById('environment-header')
    header.addEventListener('click', () => {
        const table = document.getElementById('environment')
        table.classList.toggle('hidden')
        header.classList.toggle('collapsed')
    })

    findAll('input[name="filter_checkbox"]').forEach((elem) => {
        elem.addEventListener('click', filterColumn)
    })

    findAll('.sortable').forEach((elem) => {
        elem.addEventListener('click', (evt) => {
            const { target: element } = evt
            const { columnType } = element.dataset
            doSort(columnType)
            redraw()
        })
    })

    document.getElementById('show_all_details').addEventListener('click', () => {
        manager.allCollapsed = false
        setCollapsedIds([])
        redraw()
    })
    document.getElementById('hide_all_details').addEventListener('click', () => {
        manager.allCollapsed = true
        const allIds = manager.renderData.tests.map((test) => test.id)
        setCollapsedIds(allIds)
        redraw()
    })
}

const redraw = () => {
    const { testSubset } = manager

    renderContent(testSubset)
    renderDerived()
}

module.exports = {
    redraw,
    bindEvents,
    renderStatic,
}

},{"./datamanager.js":1,"./dom.js":2,"./filter.js":3,"./sort.js":7,"./storage.js":8}],6:[function(require,module,exports){
class MediaViewer {
    constructor(assets) {
        this.assets = assets
        this.index = 0
    }

    nextActive() {
        this.index = this.index === this.assets.length - 1 ? 0 : this.index + 1
        return [this.activeFile, this.index]
    }

    prevActive() {
        this.index = this.index === 0 ? this.assets.length - 1 : this.index -1
        return [this.activeFile, this.index]
    }

    get currentIndex() {
        return this.index
    }

    get activeFile() {
        return this.assets[this.index]
    }
}


const setup = (resultBody, assets) => {
    if (!assets.length) {
        resultBody.querySelector('.media').classList.add('hidden')
        return
    }

    const mediaViewer = new MediaViewer(assets)
    const container = resultBody.querySelector('.media-container')
    const leftArrow = resultBody.querySelector('.media-container__nav--left')
    const rightArrow = resultBody.querySelector('.media-container__nav--right')
    const mediaName = resultBody.querySelector('.media__name')
    const counter = resultBody.querySelector('.media__counter')
    const imageEl = resultBody.querySelector('img')
    const sourceEl = resultBody.querySelector('source')
    const videoEl = resultBody.querySelector('video')

    const setImg = (media, index) => {
        if (media?.format_type === 'image') {
            imageEl.src = media.path

            imageEl.classList.remove('hidden')
            videoEl.classList.add('hidden')
        } else if (media?.format_type === 'video') {
            sourceEl.src = media.path

            videoEl.classList.remove('hidden')
            imageEl.classList.add('hidden')
        }

        mediaName.innerText = media?.name
        counter.innerText = `${index + 1} / ${assets.length}`
    }
    setImg(mediaViewer.activeFile, mediaViewer.currentIndex)

    const moveLeft = () => {
        const [media, index] = mediaViewer.prevActive()
        setImg(media, index)
    }
    const doRight = () => {
        const [media, index] = mediaViewer.nextActive()
        setImg(media, index)
    }
    const openImg = () => {
        window.open(mediaViewer.activeFile.path, '_blank')
    }
    if (assets.length === 1) {
        container.classList.add('media-container--fullscreen')
    } else {
        leftArrow.addEventListener('click', moveLeft)
        rightArrow.addEventListener('click', doRight)
    }
    imageEl.addEventListener('click', openImg)
}

module.exports = {
    setup,
}

},{}],7:[function(require,module,exports){
const { manager } = require('./datamanager.js')
const storageModule = require('./storage.js')

const genericSort = (list, key, ascending, customOrder) => {
    let sorted
    if (customOrder) {
        sorted = list.sort((a, b) => {
            const aValue = a.result.toLowerCase()
            const bValue = b.result.toLowerCase()

            const aIndex = customOrder.findIndex((item) => item.toLowerCase() === aValue)
            const bIndex = customOrder.findIndex((item) => item.toLowerCase() === bValue)

            // Compare the indices to determine the sort order
            return aIndex - bIndex
        })
    } else {
        sorted = list.sort((a, b) => a[key] === b[key] ? 0 : a[key] > b[key] ? 1 : -1)
    }

    if (ascending) {
        sorted.reverse()
    }
    return sorted
}

const durationSort = (list, ascending) => {
    const parseDuration = (duration) => {
        if (duration.includes(':')) {
            // If it's in the format "HH:mm:ss"
            const [hours, minutes, seconds] = duration.split(':').map(Number)
            return (hours * 3600 + minutes * 60 + seconds) * 1000
        } else {
            // If it's in the format "nnn ms"
            return parseInt(duration)
        }
    }
    const sorted = list.sort((a, b) => parseDuration(a['duration']) - parseDuration(b['duration']))
    if (ascending) {
        sorted.reverse()
    }
    return sorted
}

const doInitSort = () => {
    const type = storageModule.getSort(manager.initialSort)
    const ascending = storageModule.getSortDirection()
    const list = manager.testSubset
    const initialOrder = ['Error', 'Failed', 'Rerun', 'XFailed', 'XPassed', 'Skipped', 'Passed']

    storageModule.setSort(type)
    storageModule.setSortDirection(ascending)

    if (type?.toLowerCase() === 'original') {
        manager.setRender(list)
    } else {
        let sortedList
        switch (type) {
        case 'duration':
            sortedList = durationSort(list, ascending)
            break
        case 'result':
            sortedList = genericSort(list, type, ascending, initialOrder)
            break
        default:
            sortedList = genericSort(list, type, ascending)
            break
        }
        manager.setRender(sortedList)
    }
}

const doSort = (type, skipDirection) => {
    const newSortType = storageModule.getSort(manager.initialSort) !== type
    const currentAsc = storageModule.getSortDirection()
    let ascending
    if (skipDirection) {
        ascending = currentAsc
    } else {
        ascending = newSortType ? false : !currentAsc
    }
    storageModule.setSort(type)
    storageModule.setSortDirection(ascending)

    const list = manager.testSubset
    const sortedList = type === 'duration' ? durationSort(list, ascending) : genericSort(list, type, ascending)
    manager.setRender(sortedList)
}

module.exports = {
    doInitSort,
    doSort,
}

},{"./datamanager.js":1,"./storage.js":8}],8:[function(require,module,exports){
const possibleFilters = [
    'passed',
    'skipped',
    'failed',
    'error',
    'xfailed',
    'xpassed',
    'rerun',
]

const getVisible = () => {
    const url = new URL(window.location.href)
    const settings = new URLSearchParams(url.search).get('visible')
    const lower = (item) => {
        const lowerItem = item.toLowerCase()
        if (possibleFilters.includes(lowerItem)) {
            return lowerItem
        }
        return null
    }
    return settings === null ?
        possibleFilters :
        [...new Set(settings?.split(',').map(lower).filter((item) => item))]
}

const hideCategory = (categoryToHide) => {
    const url = new URL(window.location.href)
    const visibleParams = new URLSearchParams(url.search).get('visible')
    const currentVisible = visibleParams ? visibleParams.split(',') : [...possibleFilters]
    const settings = [...new Set(currentVisible)].filter((f) => f !== categoryToHide).join(',')

    url.searchParams.set('visible', settings)
    window.history.pushState({}, null, unescape(url.href))
}

const showCategory = (categoryToShow) => {
    if (typeof window === 'undefined') {
        return
    }
    const url = new URL(window.location.href)
    const currentVisible = new URLSearchParams(url.search).get('visible')?.split(',').filter(Boolean) ||
        [...possibleFilters]
    const settings = [...new Set([categoryToShow, ...currentVisible])]
    const noFilter = possibleFilters.length === settings.length || !settings.length

    noFilter ? url.searchParams.delete('visible') : url.searchParams.set('visible', settings.join(','))
    window.history.pushState({}, null, unescape(url.href))
}

const getSort = (initialSort) => {
    const url = new URL(window.location.href)
    let sort = new URLSearchParams(url.search).get('sort')
    if (!sort) {
        sort = initialSort || 'result'
    }
    return sort
}

const setSort = (type) => {
    const url = new URL(window.location.href)
    url.searchParams.set('sort', type)
    window.history.pushState({}, null, unescape(url.href))
}

const getCollapsedCategory = (renderCollapsed) => {
    let categories
    if (typeof window !== 'undefined') {
        const url = new URL(window.location.href)
        const collapsedItems = new URLSearchParams(url.search).get('collapsed')
        switch (true) {
        case !renderCollapsed && collapsedItems === null:
            categories = ['passed']
            break
        case collapsedItems?.length === 0 || /^["']{2}$/.test(collapsedItems):
            categories = []
            break
        case /^all$/.test(collapsedItems) || collapsedItems === null && /^all$/.test(renderCollapsed):
            categories = [...possibleFilters]
            break
        default:
            categories = collapsedItems?.split(',').map((item) => item.toLowerCase()) || renderCollapsed
            break
        }
    } else {
        categories = []
    }
    return categories
}

const getSortDirection = () => JSON.parse(sessionStorage.getItem('sortAsc')) || false
const setSortDirection = (ascending) => sessionStorage.setItem('sortAsc', ascending)

const getCollapsedIds = () => JSON.parse(sessionStorage.getItem('collapsedIds')) || []
const setCollapsedIds = (list) => sessionStorage.setItem('collapsedIds', JSON.stringify(list))

module.exports = {
    getVisible,
    hideCategory,
    showCategory,
    getCollapsedIds,
    setCollapsedIds,
    getSort,
    setSort,
    getSortDirection,
    setSortDirection,
    getCollapsedCategory,
    possibleFilters,
}

},{}]},{},[4]);
    </script>
  </footer>
</html>